#
# A fatal error has been detected by the Java Runtime Environment:
#
#  SIGSEGV (0xb) at pc=0x00007f49b2005060, pid=5815, tid=139955931232000
#
# JRE version: Java(TM) SE Runtime Environment (8.0_20-b26) (build 1.8.0_20-b26)
# Java VM: Java HotSpot(TM) 64-Bit Server VM (25.20-b23 mixed mode linux-amd64 compressed oops)
# Problematic frame:
# C  0x00007f49b2005060
#
# Failed to write core dump. Core dumps have been disabled. To enable core dumping, try "ulimit -c unlimited" before starting Java again
#
# If you would like to submit a bug report, please visit:
#   http://bugreport.sun.com/bugreport/crash.jsp
#

---------------  T H R E A D  ---------------

Current thread (0x00007f4a00009800):  JavaThread "main" [_thread_in_Java, id=5823, stack(0x00007f4a0780b000,0x00007f4a0790c000)]

siginfo: si_signo: 11 (SIGSEGV), si_code: 2 (SEGV_ACCERR), si_addr: 0x00007f49b2005060

Registers:
RAX=0x000000010008bfe8, RBX=0x00007f49f0d1e618, RCX=0x00000000ec50b438, RDX=0x00000000eb5485f0
RSP=0x00007f4a0790a098, RBP=0x00007f4a0790a190, RSI=0x00000000ec50a410, RDI=0x00000000ec50a410
R8 =0x0000000000000000, R9 =0x0000000000000004, R10=0x00007f4a08865c40, R11=0x00007f49f12e9fc0
R12=0x0000000000000000, R13=0x00007f4a0790a138, R14=0x00007f4a0790a1f0, R15=0x00007f4a00009800
RIP=0x00007f49b2005060, EFLAGS=0x0000000000010206, CSGSFS=0x0000000000000033, ERR=0x0000000000000014
  TRAPNO=0x000000000000000e

Top of Stack: (sp=0x00007f4a0790a098)
0x00007f4a0790a098:   00007f49f12ea034 00007f4a00009800
0x00007f4a0790a0a8:   00007f4a082aab90 000000280790a270
0x00007f4a0790a0b8:   0000000000000000 00000000ec6d7058
0x00007f4a0790a0c8:   00000000eaf27340 00000000c02df8f0
0x00007f4a0790a0d8:   00000000eaf29638 041504360900b42a
0x00007f4a0790a0e8:   0000012c00000000 00000000eb548e38
0x00007f4a0790a0f8:   00000000ec50b438 00000000eb5485f0
0x00007f4a0790a108:   0000000000000000 00007f4a0790a258
0x00007f4a0790a118:   00007f4a0790a218 00007f4a0790a190
0x00007f4a0790a128:   00007f49f1007710 00007f49f1007710
0x00007f4a0790a138:   00000000ec50b438 00000000eb5485f0
0x00007f4a0790a148:   00000000eb548e38 00007f4a0790a150
0x00007f4a0790a158:   00007f49f0d3a327 00007f4a0790a1f0
0x00007f4a0790a168:   00007f49f0d3ab68 0000000000000000
0x00007f4a0790a178:   00007f49f0d3a390 00007f4a0790a138
0x00007f4a0790a188:   00007f4a0790a1e8 00007f4a0790a238
0x00007f4a0790a198:   00007f49f10073d0 0000000000000000
0x00007f4a0790a1a8:   0000000000000000 0000000000000000
0x00007f4a0790a1b8:   00000000ec50b318 00000000ec50b438
0x00007f4a0790a1c8:   00000000eb5485f0 0000000000000200
0x00007f4a0790a1d8:   00000000ffffffff 0000000000000254
0x00007f4a0790a1e8:   00000000eb924a28 00000000eb548e38
0x00007f4a0790a1f8:   00007f4a0790a1f8 00007f49f0d3a1fa
0x00007f4a0790a208:   00007f4a0790a280 00007f49f0d3ab68
0x00007f4a0790a218:   0000000000000000 00007f49f0d3a270
0x00007f4a0790a228:   00007f4a0790a1e8 00007f4a0790a278
0x00007f4a0790a238:   00007f4a0790a2c8 00007f49f100798d
0x00007f4a0790a248:   0000000000000000 0000000000000000
0x00007f4a0790a258:   0000000000000000 0000000000000000
0x00007f4a0790a268:   0000000000000000 0000000000000000
0x00007f4a0790a278:   00000000eb924a28 00000000eb548e38
0x00007f4a0790a288:   00007f4a0790a288 00007f49f0d3a070 

Instructions: (pc=0x00007f49b2005060)
0x00007f49b2005040:   
[error occurred during error reporting (printing registers, top of stack, instructions near pc), id 0xb]

Register to memory mapping:

RAX=0x000000010008bfe8 is pointing into metadata
RBX={method} {0x00007f49f0d1e618} 'isCompatible' '(Lcom/android/dx/dex/code/DalvInsn;)Z' in 'com/android/dx/dex/code/form/SpecialFormat'
RCX=0x00000000ec50b438 is an oop
com.android.dx.dex.code.Dop 
 - klass: 'com/android/dx/dex/code/Dop'
RDX=0x00000000eb5485f0 is an oop
com.android.dx.dex.code.CodeAddress 
 - klass: 'com/android/dx/dex/code/CodeAddress'
RSP=0x00007f4a0790a098 is pointing into the stack for thread: 0x00007f4a00009800
RBP=0x00007f4a0790a190 is pointing into the stack for thread: 0x00007f4a00009800
RSI=0x00000000ec50a410 is an oop
com.android.dx.dex.code.form.SpecialFormat 
 - klass: 'com/android/dx/dex/code/form/SpecialFormat'
RDI=0x00000000ec50a410 is an oop
com.android.dx.dex.code.form.SpecialFormat 
 - klass: 'com/android/dx/dex/code/form/SpecialFormat'
R8 =0x0000000000000000 is an unknown value
R9 =0x0000000000000004 is an unknown value
R10=0x00007f4a08865c40: <offset 0xf59c40> in /usr/java/jdk1.8.0_20/jre/lib/amd64/server/libjvm.so at 0x00007f4a0790c000
R11=0x00007f49f12e9fc0 is at entry_point+32 in (nmethod*)0x00007f49f12e9e10
R12=0x0000000000000000 is an unknown value
R13=0x00007f4a0790a138 is pointing into the stack for thread: 0x00007f4a00009800
R14=0x00007f4a0790a1f0 is pointing into the stack for thread: 0x00007f4a00009800
R15=0x00007f4a00009800 is a thread


Stack: [0x00007f4a0780b000,0x00007f4a0790c000],  sp=0x00007f4a0790a098,  free space=1020k
Native frames: (J=compiled Java code, j=interpreted, Vv=VM code, C=native code)
C  0x00007f49b2005060
j  com.android.dx.dex.code.OutputFinisher.reserveRegisters([Lcom/android/dx/dex/code/Dop;)V+18
j  com.android.dx.dex.code.OutputFinisher.finishProcessingAndGetList()Lcom/android/dx/dex/code/DalvInsnList;+24
j  com.android.dx.dex.code.DalvCode.finishProcessingIfNecessary()V+13
j  com.android.dx.dex.code.DalvCode.getCatches()Lcom/android/dx/dex/code/CatchTable;+1
j  com.android.dx.dex.file.CatchStructs.finishProcessingIfNecessary()V+12
j  com.android.dx.dex.file.CatchStructs.encode(Lcom/android/dx/dex/file/DexFile;)V+1
j  com.android.dx.dex.file.CodeItem.place0(Lcom/android/dx/dex/file/Section;I)V+33
j  com.android.dx.dex.file.OffsettedItem.place(Lcom/android/dx/dex/file/Section;I)I+73
j  com.android.dx.dex.file.MixedItemSection.placeItems()V+94
j  com.android.dx.dex.file.DexFile.toDex0(ZZ)Lcom/android/dx/util/ByteArrayAnnotatedOutput;+195
j  com.android.dx.dex.file.DexFile.toDex(Ljava/io/Writer;Z)[B+13
j  com.android.dx.command.dexer.Main.writeDex()[B+50
j  com.android.dx.command.dexer.Main.runMonoDex()I+103
j  com.android.dx.command.dexer.Main.run(Lcom/android/dx/command/dexer/Main$Arguments;)I+73
j  com.android.dx.command.dexer.Main.main([Ljava/lang/String;)V+14
j  com.android.dx.command.Main.main([Ljava/lang/String;)V+61
v  ~StubRoutines::call_stub
V  [libjvm.so+0x663ce6]  JavaCalls::call_helper(JavaValue*, methodHandle*, JavaCallArguments*, Thread*)+0x1056
V  [libjvm.so+0x6aada6]  jni_invoke_static(JNIEnv_*, JavaValue*, _jobject*, JNICallType, _jmethodID*, JNI_ArgumentPusher*, Thread*)+0x346
V  [libjvm.so+0x6b193a]  jni_CallStaticVoidMethod+0x17a
C  [libjli.so+0x7b14]  JavaMain+0x844
C  [libpthread.so.0+0x7f35]


---------------  P R O C E S S  ---------------

Java Threads: ( => current thread )
  0x00007f4a0018e000 JavaThread "Service Thread" daemon [_thread_blocked, id=5835, stack(0x00007f49eaff0000,0x00007f49eb0f1000)]
  0x00007f4a00178800 JavaThread "C1 CompilerThread2" daemon [_thread_blocked, id=5834, stack(0x00007f49eb0f1000,0x00007f49eb1f2000)]
  0x00007f4a00177000 JavaThread "C2 CompilerThread1" daemon [_thread_in_native, id=5833, stack(0x00007f49eb1f2000,0x00007f49eb2f3000)]
  0x00007f4a00174000 JavaThread "C2 CompilerThread0" daemon [_thread_in_native, id=5832, stack(0x00007f49eb2f3000,0x00007f49eb3f4000)]
  0x00007f4a00172000 JavaThread "Signal Dispatcher" daemon [_thread_blocked, id=5831, stack(0x00007f49eb3f4000,0x00007f49eb4f5000)]
  0x00007f4a00143000 JavaThread "Finalizer" daemon [_thread_blocked, id=5830, stack(0x00007f49eb4f5000,0x00007f49eb5f6000)]
  0x00007f4a00141000 JavaThread "Reference Handler" daemon [_thread_blocked, id=5829, stack(0x00007f49eb5f6000,0x00007f49eb6f7000)]
=>0x00007f4a00009800 JavaThread "main" [_thread_in_Java, id=5823, stack(0x00007f4a0780b000,0x00007f4a0790c000)]

Other Threads:
  0x00007f4a0013a000 VMThread [stack: 0x00007f49eb6f7000,0x00007f49eb7f8000] [id=5828]
  0x00007f4a00190800 WatcherThread [stack: 0x00007f49eaeef000,0x00007f49eaff0000] [id=5836]

VM state:not at safepoint (normal execution)

VM Mutex/Monitor currently owned by a thread: None

Heap:
 PSYoungGen      total 26624K, used 16568K [0x00000000eab00000, 0x00000000ec700000, 0x0000000100000000)
  eden space 24576K, 59% used [0x00000000eab00000,0x00000000eb934a80,0x00000000ec300000)
  from space 2048K, 98% used [0x00000000ec500000,0x00000000ec6f9708,0x00000000ec700000)
  to   space 2048K, 0% used [0x00000000ec300000,0x00000000ec300000,0x00000000ec500000)
 ParOldGen       total 32768K, used 5227K [0x00000000c0000000, 0x00000000c2000000, 0x00000000eab00000)
  object space 32768K, 15% used [0x00000000c0000000,0x00000000c051aed0,0x00000000c2000000)
 Metaspace       used 5485K, capacity 6640K, committed 6784K, reserved 1056768K
  class space    used 579K, capacity 616K, committed 640K, reserved 1048576K

Card table byte_map: [0x00007f4a069c4000,0x00007f4a06bc5000] byte_map_base: 0x00007f4a063c4000

Marking Bits: (ParMarkBitMap*) 0x00007f4a08863ac0
 Begin Bits: [0x00007f4a0446a000, 0x00007f4a0546a000)
 End Bits:   [0x00007f4a0546a000, 0x00007f4a0646a000)

Polling page: 0x00007f4a08aca000

CodeCache: size=245760Kb used=3125Kb max_used=3137Kb free=242634Kb
 bounds [0x00007f49f1000000, 0x00007f49f1320000, 0x00007f4a00000000]
 total_blobs=1255 nmethods=994 adapters=177
 compilation: enabled

Compilation events (10 events):
Event: 0,842 Thread 0x00007f4a00178800 nmethod 1006 0x00007f49f12fe550 code [0x00007f49f12fe6e0, 0x00007f49f12fe8f8]
Event: 0,842 Thread 0x00007f4a00178800 1007       2       com.android.dx.dex.file.DexFile::findItemOrNull (66 bytes)
Event: 0,843 Thread 0x00007f4a00178800 nmethod 1007 0x00007f49f12fdf10 code [0x00007f49f12fe0c0, 0x00007f49f12fe3d8]
Event: 0,843 Thread 0x00007f4a00178800 1009       2       com.android.dx.dex.file.Section::throwIfNotPrepared (18 bytes)
Event: 0,843 Thread 0x00007f4a00178800 nmethod 1009 0x00007f49f12fdb10 code [0x00007f49f12fdc80, 0x00007f49f12fde68]
Event: 0,843 Thread 0x00007f4a00178800 1008       2       com.android.dx.dex.code.OutputFinisher::assignIndices (61 bytes)
Event: 0,843 Thread 0x00007f4a00178800 nmethod 1008 0x00007f49f12fd0d0 code [0x00007f49f12fd2a0, 0x00007f49f12fd6d8]
Event: 0,843 Thread 0x00007f4a00178800 1010       1       com.android.dx.dex.code.form.SpecialFormat::isCompatible (2 bytes)
Event: 0,844 Thread 0x00007f4a00178800 nmethod 1010 0x00007f49f12fce10 code [0x00007f49f12fcf60, 0x00007f49f12fd070]
Event: 0,844 Thread 0x00007f4a00178800 1011       1       com.android.dx.dex.code.ZeroSizeInsn::codeSize (2 bytes)

GC Heap History (4 events):
Event: 0,209 GC heap before
{Heap before GC invocations=1 (full 0):
 PSYoungGen      total 14336K, used 12163K [0x00000000eab00000, 0x00000000ebb00000, 0x0000000100000000)
  eden space 12288K, 98% used [0x00000000eab00000,0x00000000eb6e0e78,0x00000000eb700000)
  from space 2048K, 0% used [0x00000000eb900000,0x00000000eb900000,0x00000000ebb00000)
  to   space 2048K, 0% used [0x00000000eb700000,0x00000000eb700000,0x00000000eb900000)
 ParOldGen       total 32768K, used 0K [0x00000000c0000000, 0x00000000c2000000, 0x00000000eab00000)
  object space 32768K, 0% used [0x00000000c0000000,0x00000000c0000000,0x00000000c2000000)
 Metaspace       used 3618K, capacity 5040K, committed 5120K, reserved 1056768K
  class space    used 415K, capacity 488K, committed 512K, reserved 1048576K
Event: 0,216 GC heap after
Heap after GC invocations=1 (full 0):
 PSYoungGen      total 14336K, used 2021K [0x00000000eab00000, 0x00000000ec700000, 0x0000000100000000)
  eden space 12288K, 0% used [0x00000000eab00000,0x00000000eab00000,0x00000000eb700000)
  from space 2048K, 98% used [0x00000000eb700000,0x00000000eb8f9468,0x00000000eb900000)
  to   space 2048K, 0% used [0x00000000ec500000,0x00000000ec500000,0x00000000ec700000)
 ParOldGen       total 32768K, used 1657K [0x00000000c0000000, 0x00000000c2000000, 0x00000000eab00000)
  object space 32768K, 5% used [0x00000000c0000000,0x00000000c019e560,0x00000000c2000000)
 Metaspace       used 3618K, capacity 5040K, committed 5120K, reserved 1056768K
  class space    used 415K, capacity 488K, committed 512K, reserved 1048576K
}
Event: 0,511 GC heap before
{Heap before GC invocations=2 (full 0):
 PSYoungGen      total 14336K, used 14309K [0x00000000eab00000, 0x00000000ec700000, 0x0000000100000000)
  eden space 12288K, 100% used [0x00000000eab00000,0x00000000eb700000,0x00000000eb700000)
  from space 2048K, 98% used [0x00000000eb700000,0x00000000eb8f9468,0x00000000eb900000)
  to   space 2048K, 0% used [0x00000000ec500000,0x00000000ec500000,0x00000000ec700000)
 ParOldGen       total 32768K, used 1657K [0x00000000c0000000, 0x00000000c2000000, 0x00000000eab00000)
  object space 32768K, 5% used [0x00000000c0000000,0x00000000c019e560,0x00000000c2000000)
 Metaspace       used 5168K, capacity 6384K, committed 6528K, reserved 1056768K
  class space    used 557K, capacity 616K, committed 640K, reserved 1048576K
Event: 0,522 GC heap after
Heap after GC invocations=2 (full 0):
 PSYoungGen      total 26624K, used 2021K [0x00000000eab00000, 0x00000000ec700000, 0x0000000100000000)
  eden space 24576K, 0% used [0x00000000eab00000,0x00000000eab00000,0x00000000ec300000)
  from space 2048K, 98% used [0x00000000ec500000,0x00000000ec6f9708,0x00000000ec700000)
  to   space 2048K, 0% used [0x00000000ec300000,0x00000000ec300000,0x00000000ec500000)
 ParOldGen       total 32768K, used 5227K [0x00000000c0000000, 0x00000000c2000000, 0x00000000eab00000)
  object space 32768K, 15% used [0x00000000c0000000,0x00000000c051aed0,0x00000000c2000000)
 Metaspace       used 5168K, capacity 6384K, committed 6528K, reserved 1056768K
  class space    used 557K, capacity 616K, committed 640K, reserved 1048576K
}

Deoptimization events (10 events):
Event: 0,567 Thread 0x00007f4a001d9800 Uncommon trap: reason=class_check action=maybe_recompile pc=0x00007f49f1207cb4 method=com.android.dx.ssa.NormalSsaInsn.accept(Lcom/android/dx/ssa/SsaInsn$Visitor;)V @ 9
Event: 0,567 Thread 0x00007f4a001d9800 Uncommon trap: reason=class_check action=maybe_recompile pc=0x00007f49f1207cb4 method=com.android.dx.ssa.NormalSsaInsn.accept(Lcom/android/dx/ssa/SsaInsn$Visitor;)V @ 9
Event: 0,568 Thread 0x00007f4a001d9800 Uncommon trap: reason=class_check action=maybe_recompile pc=0x00007f49f1207cb4 method=com.android.dx.ssa.NormalSsaInsn.accept(Lcom/android/dx/ssa/SsaInsn$Visitor;)V @ 9
Event: 0,568 Thread 0x00007f4a001d9800 Uncommon trap: reason=class_check action=maybe_recompile pc=0x00007f49f1207cb4 method=com.android.dx.ssa.NormalSsaInsn.accept(Lcom/android/dx/ssa/SsaInsn$Visitor;)V @ 9
Event: 0,568 Thread 0x00007f4a001d9800 Uncommon trap: reason=class_check action=maybe_recompile pc=0x00007f49f11f4d50 method=com.android.dx.ssa.NormalSsaInsn.accept(Lcom/android/dx/ssa/SsaInsn$Visitor;)V @ 9
Event: 0,781 Thread 0x00007f4a00009800 Uncommon trap: reason=bimorphic action=maybe_recompile pc=0x00007f49f1205e58 method=java.util.HashMap.getNode(ILjava/lang/Object;)Ljava/util/HashMap$Node; @ 126
Event: 0,781 Thread 0x00007f4a00009800 Uncommon trap: reason=bimorphic action=maybe_recompile pc=0x00007f49f1205e58 method=java.util.HashMap.getNode(ILjava/lang/Object;)Ljava/util/HashMap$Node; @ 126
Event: 0,781 Thread 0x00007f4a00009800 Uncommon trap: reason=bimorphic action=maybe_recompile pc=0x00007f49f1205e58 method=java.util.HashMap.getNode(ILjava/lang/Object;)Ljava/util/HashMap$Node; @ 126
Event: 0,782 Thread 0x00007f4a00009800 Uncommon trap: reason=bimorphic action=maybe_recompile pc=0x00007f49f1205e58 method=java.util.HashMap.getNode(ILjava/lang/Object;)Ljava/util/HashMap$Node; @ 126
Event: 0,782 Thread 0x00007f4a00009800 Uncommon trap: reason=bimorphic action=maybe_recompile pc=0x00007f49f11c45a8 method=java.util.HashMap.getNode(ILjava/lang/Object;)Ljava/util/HashMap$Node; @ 126

Internal exceptions (10 events):
Event: 0,825 Thread 0x00007f4a00009800 Exception <a 'java/security/PrivilegedActionException'> (0x00000000eb8ec3c8) thrown at [/HUDSON/workspace/8-2-build-linux-amd64/jdk8u20/1074/hotspot/src/share/vm/prims/jvm.cpp, line 1275]
Event: 0,826 Thread 0x00007f4a00009800 Exception <a 'java/security/PrivilegedActionException'> (0x00000000eb8f0de0) thrown at [/HUDSON/workspace/8-2-build-linux-amd64/jdk8u20/1074/hotspot/src/share/vm/prims/jvm.cpp, line 1275]
Event: 0,827 Thread 0x00007f4a00009800 Exception <a 'java/security/PrivilegedActionException'> (0x00000000eb8f6648) thrown at [/HUDSON/workspace/8-2-build-linux-amd64/jdk8u20/1074/hotspot/src/share/vm/prims/jvm.cpp, line 1275]
Event: 0,827 Thread 0x00007f4a00009800 Exception <a 'java/security/PrivilegedActionException'> (0x00000000eb8f92c8) thrown at [/HUDSON/workspace/8-2-build-linux-amd64/jdk8u20/1074/hotspot/src/share/vm/prims/jvm.cpp, line 1275]
Event: 0,828 Thread 0x00007f4a00009800 Exception <a 'java/security/PrivilegedActionException'> (0x00000000eb8fc178) thrown at [/HUDSON/workspace/8-2-build-linux-amd64/jdk8u20/1074/hotspot/src/share/vm/prims/jvm.cpp, line 1275]
Event: 0,829 Thread 0x00007f4a00009800 Exception <a 'java/security/PrivilegedActionException'> (0x00000000eb900a40) thrown at [/HUDSON/workspace/8-2-build-linux-amd64/jdk8u20/1074/hotspot/src/share/vm/prims/jvm.cpp, line 1275]
Event: 0,830 Thread 0x00007f4a00009800 Exception <a 'java/security/PrivilegedActionException'> (0x00000000eb903ee0) thrown at [/HUDSON/workspace/8-2-build-linux-amd64/jdk8u20/1074/hotspot/src/share/vm/prims/jvm.cpp, line 1275]
Event: 0,837 Thread 0x00007f4a00009800 Exception <a 'java/security/PrivilegedActionException'> (0x00000000eb912138) thrown at [/HUDSON/workspace/8-2-build-linux-amd64/jdk8u20/1074/hotspot/src/share/vm/prims/jvm.cpp, line 1275]
Event: 0,839 Thread 0x00007f4a00009800 Exception <a 'java/security/PrivilegedActionException'> (0x00000000eb9161c8) thrown at [/HUDSON/workspace/8-2-build-linux-amd64/jdk8u20/1074/hotspot/src/share/vm/prims/jvm.cpp, line 1275]
Event: 0,839 Thread 0x00007f4a00009800 Exception <a 'java/security/PrivilegedActionException'> (0x00000000eb919058) thrown at [/HUDSON/workspace/8-2-build-linux-amd64/jdk8u20/1074/hotspot/src/share/vm/prims/jvm.cpp, line 1275]

Events (10 events):
Event: 0,829 loading class com/android/dx/dex/code/CatchHandlerList
Event: 0,829 loading class com/android/dx/dex/code/CatchHandlerList done
Event: 0,830 loading class com/android/dx/dex/code/CatchTable
Event: 0,830 loading class com/android/dx/dex/code/CatchTable done
Event: 0,837 loading class com/android/dx/dex/code/CatchHandlerList$Entry
Event: 0,837 loading class com/android/dx/dex/code/CatchHandlerList$Entry done
Event: 0,839 loading class com/android/dx/dex/code/CatchTable$Entry
Event: 0,839 loading class com/android/dx/dex/code/CatchTable$Entry done
Event: 0,839 loading class com/android/dx/util/ByteArrayAnnotatedOutput
Event: 0,839 loading class com/android/dx/util/ByteArrayAnnotatedOutput done


Dynamic libraries:
00400000-00401000 r-xp 00000000 fd:01 1585009                            /usr/java/jdk1.8.0_20/bin/java
00600000-00601000 rw-p 00000000 fd:01 1585009                            /usr/java/jdk1.8.0_20/bin/java
021ac000-021cd000 rw-p 00000000 00:00 0                                  [heap]
c0000000-c2000000 rw-p 00000000 00:00 0 
c2000000-eab00000 ---p 00000000 00:00 0 
eab00000-ec700000 rw-p 00000000 00:00 0 
ec700000-100000000 ---p 00000000 00:00 0 
100000000-1000a0000 rw-p 00000000 00:00 0 
1000a0000-140000000 ---p 00000000 00:00 0 
39d8200000-39d8220000 r-xp 00000000 fd:01 1449755                        /usr/lib64/ld-2.18.so
39d841f000-39d8420000 r--p 0001f000 fd:01 1449755                        /usr/lib64/ld-2.18.so
39d8420000-39d8421000 rw-p 00020000 fd:01 1449755                        /usr/lib64/ld-2.18.so
39d8421000-39d8422000 rw-p 00000000 00:00 0 
39d8600000-39d87b4000 r-xp 00000000 fd:01 1449760                        /usr/lib64/libc-2.18.so
39d87b4000-39d89b3000 ---p 001b4000 fd:01 1449760                        /usr/lib64/libc-2.18.so
39d89b3000-39d89b7000 r--p 001b3000 fd:01 1449760                        /usr/lib64/libc-2.18.so
39d89b7000-39d89b9000 rw-p 001b7000 fd:01 1449760                        /usr/lib64/libc-2.18.so
39d89b9000-39d89be000 rw-p 00000000 00:00 0 
39d8a00000-39d8a03000 r-xp 00000000 fd:01 1449765                        /usr/lib64/libdl-2.18.so
39d8a03000-39d8c02000 ---p 00003000 fd:01 1449765                        /usr/lib64/libdl-2.18.so
39d8c02000-39d8c03000 r--p 00002000 fd:01 1449765                        /usr/lib64/libdl-2.18.so
39d8c03000-39d8c04000 rw-p 00003000 fd:01 1449765                        /usr/lib64/libdl-2.18.so
39d8e00000-39d8e18000 r-xp 00000000 fd:01 1443220                        /usr/lib64/libpthread-2.18.so
39d8e18000-39d9017000 ---p 00018000 fd:01 1443220                        /usr/lib64/libpthread-2.18.so
39d9017000-39d9018000 r--p 00017000 fd:01 1443220                        /usr/lib64/libpthread-2.18.so
39d9018000-39d9019000 rw-p 00018000 fd:01 1443220                        /usr/lib64/libpthread-2.18.so
39d9019000-39d901d000 rw-p 00000000 00:00 0 
39d9200000-39d9305000 r-xp 00000000 fd:01 1449771                        /usr/lib64/libm-2.18.so
39d9305000-39d9505000 ---p 00105000 fd:01 1449771                        /usr/lib64/libm-2.18.so
39d9505000-39d9506000 r--p 00105000 fd:01 1449771                        /usr/lib64/libm-2.18.so
39d9506000-39d9507000 rw-p 00106000 fd:01 1449771                        /usr/lib64/libm-2.18.so
39da600000-39da607000 r-xp 00000000 fd:01 1449784                        /usr/lib64/librt-2.18.so
39da607000-39da806000 ---p 00007000 fd:01 1449784                        /usr/lib64/librt-2.18.so
39da806000-39da807000 r--p 00006000 fd:01 1449784                        /usr/lib64/librt-2.18.so
39da807000-39da808000 rw-p 00007000 fd:01 1449784                        /usr/lib64/librt-2.18.so
7f4998000000-7f499804a000 rw-p 00000000 00:00 0 
7f499804a000-7f499c000000 ---p 00000000 00:00 0 
7f49a0000000-7f49a007c000 rw-p 00000000 00:00 0 
7f49a007c000-7f49a4000000 ---p 00000000 00:00 0 
7f49a4000000-7f49a4056000 rw-p 00000000 00:00 0 
7f49a4056000-7f49a8000000 ---p 00000000 00:00 0 
7f49a8000000-7f49a8021000 rw-p 00000000 00:00 0 
7f49a8021000-7f49ac000000 ---p 00000000 00:00 0 
7f49ac000000-7f49ac043000 rw-p 00000000 00:00 0 
7f49ac043000-7f49b0000000 ---p 00000000 00:00 0 
7f49b0000000-7f49b04ab000 rw-p 00000000 00:00 0 
7f49b04ab000-7f49b4000000 ---p 00000000 00:00 0 
7f49b4000000-7f49b4021000 rw-p 00000000 00:00 0 
7f49b4021000-7f49b8000000 ---p 00000000 00:00 0 
7f49b8000000-7f49b8632000 rw-p 00000000 00:00 0 
7f49b8632000-7f49bc000000 ---p 00000000 00:00 0 
7f49bc000000-7f49bc546000 rw-p 00000000 00:00 0 
7f49bc546000-7f49c0000000 ---p 00000000 00:00 0 
7f49c0000000-7f49c0021000 rw-p 00000000 00:00 0 
7f49c0021000-7f49c4000000 ---p 00000000 00:00 0 
7f49c5ad7000-7f49cc000000 r--p 00000000 fd:01 1451894                    /usr/lib/locale/locale-archive
7f49cc000000-7f49cc021000 rw-p 00000000 00:00 0 
7f49cc021000-7f49d0000000 ---p 00000000 00:00 0 
7f49d0000000-7f49d0021000 rw-p 00000000 00:00 0 
7f49d0021000-7f49d4000000 ---p 00000000 00:00 0 
7f49d4000000-7f49d4021000 rw-p 00000000 00:00 0 
7f49d4021000-7f49d8000000 ---p 00000000 00:00 0 
7f49d8000000-7f49d8021000 rw-p 00000000 00:00 0 
7f49d8021000-7f49dc000000 ---p 00000000 00:00 0 
7f49dc000000-7f49dc021000 rw-p 00000000 00:00 0 
7f49dc021000-7f49e0000000 ---p 00000000 00:00 0 
7f49e4000000-7f49e4021000 rw-p 00000000 00:00 0 
7f49e4021000-7f49e8000000 ---p 00000000 00:00 0 
7f49eaaeb000-7f49eaaee000 ---p 00000000 00:00 0 
7f49eaaee000-7f49eabec000 rw-p 00000000 00:00 0 
7f49eabec000-7f49eabef000 ---p 00000000 00:00 0 
7f49eabef000-7f49eaced000 rw-p 00000000 00:00 0 
7f49eaced000-7f49eacf0000 ---p 00000000 00:00 0 
7f49eacf0000-7f49eadee000 rw-p 00000000 00:00 0 
7f49eadee000-7f49eadf1000 ---p 00000000 00:00 0 
7f49eadf1000-7f49eaeef000 rw-p 00000000 00:00 0 
7f49eaeef000-7f49eaef0000 ---p 00000000 00:00 0 
7f49eaef0000-7f49eaff0000 rw-p 00000000 00:00 0                          [stack:5836]
7f49eaff0000-7f49eaff3000 ---p 00000000 00:00 0 
7f49eaff3000-7f49eb0f1000 rw-p 00000000 00:00 0                          [stack:5835]
7f49eb0f1000-7f49eb0f4000 ---p 00000000 00:00 0 
7f49eb0f4000-7f49eb1f2000 rw-p 00000000 00:00 0                          [stack:5834]
7f49eb1f2000-7f49eb1f5000 ---p 00000000 00:00 0 
7f49eb1f5000-7f49eb2f3000 rw-p 00000000 00:00 0                          [stack:5833]
7f49eb2f3000-7f49eb2f6000 ---p 00000000 00:00 0 
7f49eb2f6000-7f49eb3f4000 rw-p 00000000 00:00 0                          [stack:5832]
7f49eb3f4000-7f49eb3f7000 ---p 00000000 00:00 0 
7f49eb3f7000-7f49eb4f5000 rw-p 00000000 00:00 0                          [stack:5831]
7f49eb4f5000-7f49eb4f8000 ---p 00000000 00:00 0 
7f49eb4f8000-7f49eb5f6000 rw-p 00000000 00:00 0                          [stack:5830]
7f49eb5f6000-7f49eb5f9000 ---p 00000000 00:00 0 
7f49eb5f9000-7f49eb6f7000 rw-p 00000000 00:00 0                          [stack:5829]
7f49eb6f7000-7f49eb6f8000 ---p 00000000 00:00 0 
7f49eb6f8000-7f49ec000000 rw-p 00000000 00:00 0                          [stack:5828]
7f49ec000000-7f49ec021000 rw-p 00000000 00:00 0 
7f49ec021000-7f49f0000000 ---p 00000000 00:00 0 
7f49f0024000-7f49f062a000 rw-p 00000000 00:00 0 
7f49f062a000-7f49f0800000 r--s 03c62000 fd:01 1585406                    /usr/java/jdk1.8.0_20/jre/lib/rt.jar
7f49f0800000-7f49f0e00000 rw-p 00000000 00:00 0 
7f49f0e00000-7f49f1000000 ---p 00000000 00:00 0 
7f49f1000000-7f49f1320000 rwxp 00000000 00:00 0 
7f49f1320000-7f4a00000000 ---p 00000000 00:00 0 
7f4a00000000-7f4a0048c000 rw-p 00000000 00:00 0 
7f4a0048c000-7f4a04000000 ---p 00000000 00:00 0 
7f4a04049000-7f4a0646a000 rw-p 00000000 00:00 0 
7f4a0646a000-7f4a0646b000 ---p 00000000 00:00 0 
7f4a0646b000-7f4a0656b000 rw-p 00000000 00:00 0                          [stack:5827]
7f4a0656b000-7f4a0656c000 ---p 00000000 00:00 0 
7f4a0656c000-7f4a0666c000 rw-p 00000000 00:00 0                          [stack:5826]
7f4a0666c000-7f4a0666d000 ---p 00000000 00:00 0 
7f4a0666d000-7f4a0676d000 rw-p 00000000 00:00 0                          [stack:5825]
7f4a0676d000-7f4a0676e000 ---p 00000000 00:00 0 
7f4a0676e000-7f4a0687e000 rw-p 00000000 00:00 0                          [stack:5824]
7f4a0687e000-7f4a069c4000 ---p 00000000 00:00 0 
7f4a069c4000-7f4a069d4000 rw-p 00000000 00:00 0 
7f4a069d4000-7f4a06b19000 ---p 00000000 00:00 0 
7f4a06b19000-7f4a06b28000 rw-p 00000000 00:00 0 
7f4a06b28000-7f4a06bc4000 ---p 00000000 00:00 0 
7f4a06bc4000-7f4a06bd2000 rw-p 00000000 00:00 0 
7f4a06bd2000-7f4a06f85000 ---p 00000000 00:00 0 
7f4a06f85000-7f4a06f9f000 r-xp 00000000 fd:01 1585190                    /usr/java/jdk1.8.0_20/jre/lib/amd64/libzip.so
7f4a06f9f000-7f4a0719f000 ---p 0001a000 fd:01 1585190                    /usr/java/jdk1.8.0_20/jre/lib/amd64/libzip.so
7f4a0719f000-7f4a071a0000 rw-p 0001a000 fd:01 1585190                    /usr/java/jdk1.8.0_20/jre/lib/amd64/libzip.so
7f4a071a0000-7f4a071ab000 r-xp 00000000 fd:01 1449016                    /usr/lib64/libnss_files-2.18.so
7f4a071ab000-7f4a073aa000 ---p 0000b000 fd:01 1449016                    /usr/lib64/libnss_files-2.18.so
7f4a073aa000-7f4a073ab000 r--p 0000a000 fd:01 1449016                    /usr/lib64/libnss_files-2.18.so
7f4a073ab000-7f4a073ac000 rw-p 0000b000 fd:01 1449016                    /usr/lib64/libnss_files-2.18.so
7f4a073c2000-7f4a073d0000 r--s 000b4000 fd:01 546492                     /home/leandro/Programas/sdk/build-tools/android-4.4W/lib/dx.jar
7f4a073d0000-7f4a073fa000 r-xp 00000000 fd:01 1585155                    /usr/java/jdk1.8.0_20/jre/lib/amd64/libjava.so
7f4a073fa000-7f4a075fa000 ---p 0002a000 fd:01 1585155                    /usr/java/jdk1.8.0_20/jre/lib/amd64/libjava.so
7f4a075fa000-7f4a075fc000 rw-p 0002a000 fd:01 1585155                    /usr/java/jdk1.8.0_20/jre/lib/amd64/libjava.so
7f4a075fc000-7f4a07609000 r-xp 00000000 fd:01 1585189                    /usr/java/jdk1.8.0_20/jre/lib/amd64/libverify.so
7f4a07609000-7f4a07809000 ---p 0000d000 fd:01 1585189                    /usr/java/jdk1.8.0_20/jre/lib/amd64/libverify.so
7f4a07809000-7f4a0780b000 rw-p 0000d000 fd:01 1585189                    /usr/java/jdk1.8.0_20/jre/lib/amd64/libverify.so
7f4a0780b000-7f4a0780e000 ---p 00000000 00:00 0 
7f4a0780e000-7f4a0790c000 rw-p 00000000 00:00 0                          [stack:5823]
7f4a0790c000-7f4a08576000 r-xp 00000000 fd:01 1585194                    /usr/java/jdk1.8.0_20/jre/lib/amd64/server/libjvm.so
7f4a08576000-7f4a08775000 ---p 00c6a000 fd:01 1585194                    /usr/java/jdk1.8.0_20/jre/lib/amd64/server/libjvm.so
7f4a08775000-7f4a0884c000 rw-p 00c69000 fd:01 1585194                    /usr/java/jdk1.8.0_20/jre/lib/amd64/server/libjvm.so
7f4a0884c000-7f4a08891000 rw-p 00000000 00:00 0 
7f4a08891000-7f4a088a6000 r-xp 00000000 fd:01 1716605                    /usr/java/jdk1.8.0_20/lib/amd64/jli/libjli.so
7f4a088a6000-7f4a08aa5000 ---p 00015000 fd:01 1716605                    /usr/java/jdk1.8.0_20/lib/amd64/jli/libjli.so
7f4a08aa5000-7f4a08aa6000 rw-p 00014000 fd:01 1716605                    /usr/java/jdk1.8.0_20/lib/amd64/jli/libjli.so
7f4a08aa6000-7f4a08aa7000 rw-p 00000000 00:00 0 
7f4a08aaa000-7f4a08ac1000 rw-p 00000000 00:00 0 
7f4a08ac1000-7f4a08ac9000 rw-s 00000000 00:22 1820521                    /tmp/hsperfdata_leandro/5815
7f4a08ac9000-7f4a08aca000 rw-p 00000000 00:00 0 
7f4a08aca000-7f4a08acb000 r--p 00000000 00:00 0 
7f4a08acb000-7f4a08acc000 rw-p 00000000 00:00 0 
7fff87ce4000-7fff87d06000 rw-p 00000000 00:00 0                          [stack]
7fff87d66000-7fff87d68000 r-xp 00000000 00:00 0                          [vdso]
7fff87d68000-7fff87d6a000 r--p 00000000 00:00 0                          [vvar]
ffffffffff600000-ffffffffff601000 r-xp 00000000 00:00 0                  [vsyscall]

VM Arguments:
jvm_args: -Xmx1024M 
java_command: /home/leandro/Programas/sdk/build-tools/android-4.4W/lib/dx.jar --dex --num-threads=4 --output /home/leandro/AndroidStudioProjects/fourheads/GestionAndroid/app/build/intermediates/dex/debug /home/leandro/AndroidStudioProjects/fourheads/GestionAndroid/app/build/intermediates/classes/debug /home/leandro/AndroidStudioProjects/fourheads/GestionAndroid/app/build/intermediates/dependency-cache/debug /home/leandro/AndroidStudioProjects/fourheads/GestionAndroid/app/build/intermediates/pre-dexed/debug/jackson-core-2.3.2-ab44e315ef76fc6734bdc3c3c5c6ba29b101170a.jar /home/leandro/AndroidStudioProjects/fourheads/GestionAndroid/app/build/intermediates/pre-dexed/debug/jackson-annotations-2.3.0-06b846b2da52b0753ce223d80f7b696e86e72d38.jar /home/leandro/AndroidStudioProjects/fourheads/GestionAndroid/app/build/intermediates/pre-dexed/debug/classes-9baacb7e9bae1c826a6d6fd8800e798dfbff547c.jar /home/leandro/AndroidStudioProjects/fourheads/GestionAndroid/app/build/intermediates/pre-dexed/debug/classes-7e9180976871f034b7f4df07692b329935858e56.jar /home/leandro/AndroidStudioProjects/fourheads/GestionAndroid/app/build/intermediates/pre-dexed/debug/support-annotations-20.0.0-0bf63cd9c9dcdb508848aea47582abbfdb31938a.jar /home/leandro/AndroidStudioProjects/fourheads/GestionAndroid/app/build/intermediates/pre-dexed/debug/spring-android-rest-template-1.0.1.RELEASE-2d8f5aba75c0e882a5758cd57362c42f351148c7.jar /home/leandro/AndroidStudioProjects/fourheads/GestionAndroid/app/build/intermediates/pre-dexed/debug/jackson-databind-2.3.2-3c023344e11ebdbd9dd5334c1bbf0f9a69dd57a1.jar /home/leandro/AndroidStudioProjects/fourheads/GestionAndroid/app/build/intermediates/pre-dexed/debug/internal_impl-20.0.0-ecf5c70c93bdcdae618ce4081875c0bb51c5933b.jar /home/leandro/AndroidStudioProjects/fourheads/GestionAndroid/app/build/intermediates/pre-dexed/debug/spring-android-core-1.0.1.RELEASE-7ab26e9a3a3f582425003babf056da9d071ac24f.jar /home/leandro/AndroidStudioProjects/fourheads/GestionAndroid/app
java_class_path (initial): /home/leandro/Programas/sdk/build-tools/android-4.4W/lib/dx.jar
Launcher Type: SUN_STANDARD

Environment Variables:
CLASSPATH=/home/leandro/Programas/android-studio/bin/../lib/bootstrap.jar:/home/leandro/Programas/android-studio/bin/../lib/extensions.jar:/home/leandro/Programas/android-studio/bin/../lib/util.jar:/home/leandro/Programas/android-studio/bin/../lib/jdom.jar:/home/leandro/Programas/android-studio/bin/../lib/log4j.jar:/home/leandro/Programas/android-studio/bin/../lib/trove4j.jar:/home/leandro/Programas/android-studio/bin/../lib/jna.jar:/usr/java/jdk1.8.0_20/lib/tools.jar
PATH=/usr/lib64/qt-3.3/bin:/usr/libexec/lightdm:/usr/local/bin:/usr/bin:/bin:/usr/local/sbin:/usr/sbin:/home/leandro/.local/bin:/home/leandro/bin
LD_LIBRARY_PATH=/home/leandro/Programas/android-studio/bin:
SHELL=/bin/bash
DISPLAY=:0.0

Signal Handlers:
SIGSEGV: [libjvm.so+0xa77530], sa_mask[0]=11111111011111111101111111111110, sa_flags=SA_RESTART|SA_SIGINFO
SIGBUS: [libjvm.so+0xa77530], sa_mask[0]=11111111011111111101111111111110, sa_flags=SA_RESTART|SA_SIGINFO
SIGFPE: [libjvm.so+0x8e1d90], sa_mask[0]=11111111011111111101111111111110, sa_flags=SA_RESTART|SA_SIGINFO
SIGPIPE: [libjvm.so+0x8e1d90], sa_mask[0]=11111111011111111101111111111110, sa_flags=SA_RESTART|SA_SIGINFO
SIGXFSZ: [libjvm.so+0x8e1d90], sa_mask[0]=11111111011111111101111111111110, sa_flags=SA_RESTART|SA_SIGINFO
SIGILL: [libjvm.so+0x8e1d90], sa_mask[0]=11111111011111111101111111111110, sa_flags=SA_RESTART|SA_SIGINFO
SIGUSR1: SIG_DFL, sa_mask[0]=00000000000000000000000000000000, sa_flags=none
SIGUSR2: [libjvm.so+0x8e35c0], sa_mask[0]=00100000000000000000000000000000, sa_flags=SA_RESTART|SA_SIGINFO
SIGHUP: [libjvm.so+0x8e4980], sa_mask[0]=11111111011111111101111111111110, sa_flags=SA_RESTART|SA_SIGINFO
SIGINT: [libjvm.so+0x8e4980], sa_mask[0]=11111111011111111101111111111110, sa_flags=SA_RESTART|SA_SIGINFO
SIGTERM: [libjvm.so+0x8e4980], sa_mask[0]=11111111011111111101111111111110, sa_flags=SA_RESTART|SA_SIGINFO
SIGQUIT: [libjvm.so+0x8e4980], sa_mask[0]=11111111011111111101111111111110, sa_flags=SA_RESTART|SA_SIGINFO


---------------  S Y S T E M  ---------------

OS:Fedora release 20 (Heisenbug)

uname:Linux 3.16.2-201.fc20.x86_64 #1 SMP Mon Sep 15 19:57:50 UTC 2014 x86_64
libc:glibc 2.18 NPTL 2.18 
rlimit: STACK 8192k, CORE 0k, NPROC 1024, NOFILE 4096, AS infinity
load average:1,14 1,26 1,03

/proc/meminfo:
MemTotal:        3081164 kB
MemFree:          219516 kB
MemAvailable:     247412 kB
Buffers:            4708 kB
Cached:           123488 kB
SwapCached:       136256 kB
Active:          2085784 kB
Inactive:         569760 kB
Active(anon):    2000748 kB
Inactive(anon):   537252 kB
Active(file):      85036 kB
Inactive(file):    32508 kB
Unevictable:          32 kB
Mlocked:              32 kB
SwapTotal:       3162108 kB
SwapFree:        1633548 kB
Dirty:               836 kB
Writeback:             0 kB
AnonPages:       2480312 kB
Mapped:            68316 kB
Shmem:             10508 kB
Slab:              77116 kB
SReclaimable:      45948 kB
SUnreclaim:        31168 kB
KernelStack:        7264 kB
PageTables:        37092 kB
NFS_Unstable:          0 kB
Bounce:                0 kB
WritebackTmp:          0 kB
CommitLimit:     4702688 kB
Committed_AS:    6038296 kB
VmallocTotal:   34359738367 kB
VmallocUsed:       84380 kB
VmallocChunk:   34359646964 kB
HardwareCorrupted:     0 kB
AnonHugePages:         0 kB
HugePages_Total:       0
HugePages_Free:        0
HugePages_Rsvd:        0
HugePages_Surp:        0
Hugepagesize:       2048 kB
DirectMap4k:       82880 kB
DirectMap2M:     3061760 kB


CPU:total 4 (4 cores per cpu, 1 threads per core) family 6 model 15 stepping 11, cmov, cx8, fxsr, mmx, sse, sse2, sse3, ssse3, tsc

/proc/cpuinfo:
processor	: 0
vendor_id	: GenuineIntel
cpu family	: 6
model		: 15
model name	: Intel(R) Core(TM)2 Quad CPU    Q6600  @ 2.40GHz
stepping	: 11
microcode	: 0xba
cpu MHz		: 2400.000
cache size	: 4096 KB
physical id	: 0
siblings	: 4
core id		: 0
cpu cores	: 4
apicid		: 0
initial apicid	: 0
fpu		: yes
fpu_exception	: yes
cpuid level	: 10
wp		: yes
flags		: fpu vme de pse tsc msr pae mce cx8 apic sep mtrr pge mca cmov pat pse36 clflush dts acpi mmx fxsr sse sse2 ss ht tm pbe syscall nx lm constant_tsc arch_perfmon pebs bts rep_good nopl aperfmperf pni dtes64 monitor ds_cpl vmx est tm2 ssse3 cx16 xtpr pdcm lahf_lm dtherm tpr_shadow vnmi flexpriority
bogomips	: 4799.94
clflush size	: 64
cache_alignment	: 64
address sizes	: 36 bits physical, 48 bits virtual
power management:

processor	: 1
vendor_id	: GenuineIntel
cpu family	: 6
model		: 15
model name	: Intel(R) Core(TM)2 Quad CPU    Q6600  @ 2.40GHz
stepping	: 11
microcode	: 0xba
cpu MHz		: 2400.000
cache size	: 4096 KB
physical id	: 0
siblings	: 4
core id		: 1
cpu cores	: 4
apicid		: 1
initial apicid	: 1
fpu		: yes
fpu_exception	: yes
cpuid level	: 10
wp		: yes
flags		: fpu vme de pse tsc msr pae mce cx8 apic sep mtrr pge mca cmov pat pse36 clflush dts acpi mmx fxsr sse sse2 ss ht tm pbe syscall nx lm constant_tsc arch_perfmon pebs bts rep_good nopl aperfmperf pni dtes64 monitor ds_cpl vmx est tm2 ssse3 cx16 xtpr pdcm lahf_lm dtherm tpr_shadow vnmi flexpriority
bogomips	: 4799.94
clflush size	: 64
cache_alignment	: 64
address sizes	: 36 bits physical, 48 bits virtual
power management:

processor	: 2
vendor_id	: GenuineIntel
cpu family	: 6
model		: 15
model name	: Intel(R) Core(TM)2 Quad CPU    Q6600  @ 2.40GHz
stepping	: 11
microcode	: 0xba
cpu MHz		: 1600.000
cache size	: 4096 KB
physical id	: 0
siblings	: 4
core id		: 3
cpu cores	: 4
apicid		: 3
initial apicid	: 3
fpu		: yes
fpu_exception	: yes
cpuid level	: 10
wp		: yes
flags		: fpu vme de pse tsc msr pae mce cx8 apic sep mtrr pge mca cmov pat pse36 clflush dts acpi mmx fxsr sse sse2 ss ht tm pbe syscall nx lm constant_tsc arch_perfmon pebs bts rep_good nopl aperfmperf pni dtes64 monitor ds_cpl vmx est tm2 ssse3 cx16 xtpr pdcm lahf_lm dtherm tpr_shadow vnmi flexpriority
bogomips	: 4799.94
clflush size	: 64
cache_alignment	: 64
address sizes	: 36 bits physical, 48 bits virtual
power management:

processor	: 3
vendor_id	: GenuineIntel
cpu family	: 6
model		: 15
model name	: Intel(R) Core(TM)2 Quad CPU    Q6600  @ 2.40GHz
stepping	: 11
microcode	: 0xba
cpu MHz		: 2400.000
cache size	: 4096 KB
physical id	: 0
siblings	: 4
core id		: 2
cpu cores	: 4
apicid		: 2
initial apicid	: 2
fpu		: yes
fpu_exception	: yes
cpuid level	: 10
wp		: yes
flags		: fpu vme de pse tsc msr pae mce cx8 apic sep mtrr pge mca cmov pat pse36 clflush dts acpi mmx fxsr sse sse2 ss ht tm pbe syscall nx lm constant_tsc arch_perfmon pebs bts rep_good nopl aperfmperf pni dtes64 monitor ds_cpl vmx est tm2 ssse3 cx16 xtpr pdcm lahf_lm dtherm tpr_shadow vnmi flexpriority
bogomips	: 4799.94
clflush size	: 64
cache_alignment	: 64
address sizes	: 36 bits physical, 48 bits virtual
power management:



Memory: 4k page, physical 3081164k(219516k free), swap 3162108k(1633548k free)

vm_info: Java HotSpot(TM) 64-Bit Server VM (25.20-b23) for linux-amd64 JRE (1.8.0_20-b26), built on Jul 30 2014 13:13:52 by "java_re" with gcc 4.3.0 20080428 (Red Hat 4.3.0-8)

time: Tue Nov 18 22:38:01 2014
elapsed time: 0 seconds (0d 0h 0m 0s)

