#
# A fatal error has been detected by the Java Runtime Environment:
#
#  SIGSEGV (0xb) at pc=0x00007f78e6005060, pid=3750, tid=140158281156352
#
# JRE version: Java(TM) SE Runtime Environment (8.0_20-b26) (build 1.8.0_20-b26)
# Java VM: Java HotSpot(TM) 64-Bit Server VM (25.20-b23 mixed mode linux-amd64 compressed oops)
# Problematic frame:
# C  0x00007f78e6005060
#
# Failed to write core dump. Core dumps have been disabled. To enable core dumping, try "ulimit -c unlimited" before starting Java again
#
# If you would like to submit a bug report, please visit:
#   http://bugreport.sun.com/bugreport/crash.jsp
#

---------------  T H R E A D  ---------------

Current thread (0x00007f79341b5000):  JavaThread "pool-1-thread-1" [_thread_in_Java, id=3775, stack(0x00007f79247f8000,0x00007f79248f9000)]

siginfo: si_signo: 11 (SIGSEGV), si_code: 2 (SEGV_ACCERR), si_addr: 0x00007f78e6005060

Registers:
RAX=0x00007f793990a6d0, RBX=0x00007f793990a6d0, RCX=0x00000000eb3ad8d8, RDX=0x0000000000000000
RSP=0x00007f79248f7078, RBP=0x00007f79248f70d8, RSI=0x00000000eb3ad8d8, RDI=0x00007f79399aae08
R8 =0x00000000eae931d0, R9 =0xfffffffffffffff8, R10=0x00007f793c254c40, R11=0x00007f79251af2e0
R12=0x0000000000000000, R13=0x00007f79248f7088, R14=0x00007f79248f7128, R15=0x00007f79341b5000
RIP=0x00007f78e6005060, EFLAGS=0x0000000000010202, CSGSFS=0x0000000000000033, ERR=0x0000000000000014
  TRAPNO=0x000000000000000e

Top of Stack: (sp=0x00007f79248f7078)
0x00007f79248f7078:   00007f7925007710 00007f7925007710
0x00007f79248f7088:   0000000000000000 00000000eb3ad8d8
0x00007f79248f7098:   00007f79248f7098 00007f793996e4e0
0x00007f79248f70a8:   00007f79248f7128 00007f793996e598
0x00007f79248f70b8:   0000000000000000 00007f793996e540
0x00007f79248f70c8:   00007f79248f7088 00007f79248f7120
0x00007f79248f70d8:   00007f79248f7170 00007f792500798d
0x00007f79248f70e8:   00000000eb3895b0 00000000eb3ad860
0x00007f79248f70f8:   000000000000000d 00000000eb3ad8b8
0x00007f79248f7108:   0000000000000004 0000000000000005
0x00007f79248f7118:   00000000eb3ad940 00000000eb3add20
0x00007f79248f7128:   00000000eb3adfc8 00007f79248f7130
0x00007f79248f7138:   00007f793996e090 00007f79248f7198
0x00007f79248f7148:   00007f793996e598 0000000000000000
0x00007f79248f7158:   00007f793996e0a0 00007f79248f7120
0x00007f79248f7168:   00007f79248f7190 00007f79248f71f0
0x00007f79248f7178:   00007f792500798d 000000000000000e
0x00007f79248f7188:   00000000eb3ad940 00000000eb3add20
0x00007f79248f7198:   00000000eb3adfc8 00000000eb3adfc8
0x00007f79248f71a8:   00000000eb3adf90 00007f79248f71b0
0x00007f79248f71b8:   00007f7939966557 00007f79248f7240
0x00007f79248f71c8:   00007f793996d250 0000000000000000
0x00007f79248f71d8:   00007f7939966610 00007f79248f7190
0x00007f79248f71e8:   00007f79248f7218 00007f79248f7290
0x00007f79248f71f8:   00007f792500798d 0000000000000000
0x00007f79248f7208:   0000000000000000 0000000000000000
0x00007f79248f7218:   00000000eb7d3758 0000000000000001
0x00007f79248f7228:   00000000eb3add70 0000000000000002
0x00007f79248f7238:   00000000eb3add20 00000000eb3adf90
0x00007f79248f7248:   00000000eb3adf90 00007f79248f7250
0x00007f79248f7258:   00007f793996649a 00007f79248f72c8
0x00007f79248f7268:   00007f793996d250 0000000000000000 

Instructions: (pc=0x00007f78e6005060)
0x00007f78e6005040:   
[error occurred during error reporting (printing registers, top of stack, instructions near pc), id 0xb]

Register to memory mapping:

RAX={method} {0x00007f793990a6d0} 'get' '(I)Lcom/android/dx/rop/code/Insn;' in 'com/android/dx/rop/code/InsnList'
RBX={method} {0x00007f793990a6d0} 'get' '(I)Lcom/android/dx/rop/code/Insn;' in 'com/android/dx/rop/code/InsnList'
RCX=0x00000000eb3ad8d8 is an oop
com.android.dx.rop.code.InsnList 
 - klass: 'com/android/dx/rop/code/InsnList'
RDX=0x0000000000000000 is an unknown value
RSP=0x00007f79248f7078 is pointing into the stack for thread: 0x00007f79341b5000
RBP=0x00007f79248f70d8 is pointing into the stack for thread: 0x00007f79341b5000
RSI=0x00000000eb3ad8d8 is an oop
com.android.dx.rop.code.InsnList 
 - klass: 'com/android/dx/rop/code/InsnList'
RDI=0x00007f79399aae08 is pointing into metadata
R8 =0x00000000eae931d0 is an oop
com.android.dx.rop.code.RegisterSpecList 
 - klass: 'com/android/dx/rop/code/RegisterSpecList'
R9 =0xfffffffffffffff8 is an unknown value
R10=0x00007f793c254c40: <offset 0xf59c40> in /usr/java/jdk1.8.0_20/jre/lib/amd64/server/libjvm.so at 0x00007f793b2fb000
R11=0x00007f79251af2e0 is at entry_point+32 in (nmethod*)0x00007f79251af150
R12=0x0000000000000000 is an unknown value
R13=0x00007f79248f7088 is pointing into the stack for thread: 0x00007f79341b5000
R14=0x00007f79248f7128 is pointing into the stack for thread: 0x00007f79341b5000
R15=0x00007f79341b5000 is a thread


Stack: [0x00007f79247f8000,0x00007f79248f9000],  sp=0x00007f79248f7078,  free space=1020k
Native frames: (J=compiled Java code, j=interpreted, Vv=VM code, C=native code)
C  0x00007f78e6005060
j  com.android.dx.dex.code.BlockAddresses.<init>(Lcom/android/dx/rop/code/RopMethod;)V+40
j  com.android.dx.dex.code.RopTranslator.<init>(Lcom/android/dx/rop/code/RopMethod;ILcom/android/dx/rop/code/LocalVariableInfo;ILcom/android/dx/dex/DexOptions;)V+31
j  com.android.dx.dex.code.RopTranslator.translate(Lcom/android/dx/rop/code/RopMethod;ILcom/android/dx/rop/code/LocalVariableInfo;ILcom/android/dx/dex/DexOptions;)Lcom/android/dx/dex/code/DalvCode;+10
j  com.android.dx.dex.cf.CfTranslator.processMethods(Lcom/android/dx/cf/direct/DirectClassFile;Lcom/android/dx/dex/cf/CfOptions;Lcom/android/dx/dex/DexOptions;Lcom/android/dx/dex/file/ClassDefItem;Lcom/android/dx/dex/file/MethodIdsSection;)V+310
j  com.android.dx.dex.cf.CfTranslator.translate0(Lcom/android/dx/cf/direct/DirectClassFile;[BLcom/android/dx/dex/cf/CfOptions;Lcom/android/dx/dex/DexOptions;Lcom/android/dx/dex/file/DexFile;)Lcom/android/dx/dex/file/ClassDefItem;+125
j  com.android.dx.dex.cf.CfTranslator.translate(Lcom/android/dx/cf/direct/DirectClassFile;[BLcom/android/dx/dex/cf/CfOptions;Lcom/android/dx/dex/DexOptions;Lcom/android/dx/dex/file/DexFile;)Lcom/android/dx/dex/file/ClassDefItem;+6
j  com.android.dx.command.dexer.Main.processClass(Ljava/lang/String;[B)Z+175
j  com.android.dx.command.dexer.Main.processFileBytes(Ljava/lang/String;J[B)Z+188
j  com.android.dx.command.dexer.Main.access$600(Ljava/lang/String;J[B)Z+3
j  com.android.dx.command.dexer.Main$ParallelProcessor.run()V+12
j  java.util.concurrent.ThreadPoolExecutor.runWorker(Ljava/util/concurrent/ThreadPoolExecutor$Worker;)V+95
j  java.util.concurrent.ThreadPoolExecutor$Worker.run()V+5
j  java.lang.Thread.run()V+11
v  ~StubRoutines::call_stub
V  [libjvm.so+0x663ce6]  JavaCalls::call_helper(JavaValue*, methodHandle*, JavaCallArguments*, Thread*)+0x1056
V  [libjvm.so+0x6641f1]  JavaCalls::call_virtual(JavaValue*, KlassHandle, Symbol*, Symbol*, JavaCallArguments*, Thread*)+0x321
V  [libjvm.so+0x664697]  JavaCalls::call_virtual(JavaValue*, Handle, KlassHandle, Symbol*, Symbol*, Thread*)+0x47
V  [libjvm.so+0x6f1990]  thread_entry(JavaThread*, Thread*)+0xa0
V  [libjvm.so+0xa2990f]  JavaThread::thread_main_inner()+0xdf
V  [libjvm.so+0xa29a3c]  JavaThread::run()+0x11c
V  [libjvm.so+0x8e75f8]  java_start(Thread*)+0x108
C  [libpthread.so.0+0x7f35]


---------------  P R O C E S S  ---------------

Java Threads: ( => current thread )
  0x00007f79341db800 JavaThread "pool-1-thread-4" [_thread_in_Java, id=3778, stack(0x00007f79244f5000,0x00007f79245f6000)]
  0x00007f79341d9800 JavaThread "pool-1-thread-3" [_thread_in_Java, id=3777, stack(0x00007f79245f6000,0x00007f79246f7000)]
  0x00007f79341b6000 JavaThread "pool-1-thread-2" [_thread_in_Java, id=3776, stack(0x00007f79246f7000,0x00007f79247f8000)]
=>0x00007f79341b5000 JavaThread "pool-1-thread-1" [_thread_in_Java, id=3775, stack(0x00007f79247f8000,0x00007f79248f9000)]
  0x00007f7934186800 JavaThread "Service Thread" daemon [_thread_blocked, id=3772, stack(0x00007f79249fa000,0x00007f7924afb000)]
  0x00007f7934178800 JavaThread "C1 CompilerThread2" daemon [_thread_in_vm, id=3771, stack(0x00007f7924afb000,0x00007f7924bfc000)]
  0x00007f7934177000 JavaThread "C2 CompilerThread1" daemon [_thread_in_native, id=3770, stack(0x00007f7924bfc000,0x00007f7924cfd000)]
  0x00007f7934174000 JavaThread "C2 CompilerThread0" daemon [_thread_in_native, id=3769, stack(0x00007f7924cfd000,0x00007f7924dfe000)]
  0x00007f7934172000 JavaThread "Signal Dispatcher" daemon [_thread_blocked, id=3768, stack(0x00007f7924dfe000,0x00007f7924eff000)]
  0x00007f7934143000 JavaThread "Finalizer" daemon [_thread_blocked, id=3766, stack(0x00007f7924eff000,0x00007f7925000000)]
  0x00007f7934141000 JavaThread "Reference Handler" daemon [_thread_blocked, id=3765, stack(0x00007f7938052000,0x00007f7938153000)]
  0x00007f7934009800 JavaThread "main" [_thread_blocked, id=3759, stack(0x00007f793b1fa000,0x00007f793b2fb000)]

Other Threads:
  0x00007f793413a000 VMThread [stack: 0x00007f7938153000,0x00007f7938254000] [id=3764]
  0x00007f7934189000 WatcherThread [stack: 0x00007f79248f9000,0x00007f79249fa000] [id=3773]

VM state:not at safepoint (normal execution)

VM Mutex/Monitor currently owned by a thread:  ([mutex/lock_event])
[0x00007f7934007c10] MethodCompileQueue_lock - owner thread: 0x00007f7934178800

Heap:
 PSYoungGen      total 14336K, used 12875K [0x00000000eab00000, 0x00000000ec700000, 0x0000000100000000)
  eden space 12288K, 88% used [0x00000000eab00000,0x00000000eb595490,0x00000000eb700000)
  from space 2048K, 99% used [0x00000000eb700000,0x00000000eb8fd980,0x00000000eb900000)
  to   space 2048K, 0% used [0x00000000ec500000,0x00000000ec500000,0x00000000ec700000)
 ParOldGen       total 32768K, used 1686K [0x00000000c0000000, 0x00000000c2000000, 0x00000000eab00000)
  object space 32768K, 5% used [0x00000000c0000000,0x00000000c01a5838,0x00000000c2000000)
 Metaspace       used 5111K, capacity 6320K, committed 6528K, reserved 1056768K
  class space    used 558K, capacity 616K, committed 640K, reserved 1048576K

Card table byte_map: [0x00007f793a3b3000,0x00007f793a5b4000] byte_map_base: 0x00007f7939db3000

Marking Bits: (ParMarkBitMap*) 0x00007f793c252ac0
 Begin Bits: [0x00007f791e000000, 0x00007f791f000000)
 End Bits:   [0x00007f791f000000, 0x00007f7920000000)

Polling page: 0x00007f793c4b9000

CodeCache: size=245760Kb used=2099Kb max_used=2108Kb free=243660Kb
 bounds [0x00007f7925000000, 0x00007f7925270000, 0x00007f7934000000]
 total_blobs=843 nmethods=582 adapters=177
 compilation: enabled

Compilation events (10 events):
Event: 1,005 Thread 0x00007f7934177000  559       4       java.util.ArrayList$Itr::<init> (26 bytes)
Event: 1,005 Thread 0x00007f7934174000 nmethod 548 0x00007f79251f6a50 code [0x00007f79251f6ba0, 0x00007f79251f6c38]
Event: 1,005 Thread 0x00007f7934174000  566       4       com.android.dx.util.Bits::clear (21 bytes)
Event: 1,006 Thread 0x00007f7934174000 nmethod 566 0x00007f79251f6cd0 code [0x00007f79251f6e20, 0x00007f79251f6eb8]
Event: 1,006 Thread 0x00007f7934178800 nmethod 554 0x00007f79251f5e50 code [0x00007f79251f6020, 0x00007f79251f66d8]
Event: 1,006 Thread 0x00007f7934178800  567       3       com.android.dx.rop.cst.CstString::utf8BytesToString (391 bytes)
Event: 1,008 Thread 0x00007f7934177000 nmethod 559 0x00007f79251f46d0 code [0x00007f79251f4820, 0x00007f79251f48b8]
Event: 1,008 Thread 0x00007f7934177000  581       4       com.android.dx.rop.code.InsnList::get (9 bytes)
Event: 1,010 Thread 0x00007f7934174000  578       4       java.util.BitSet::set (58 bytes)
Event: 1,011 Thread 0x00007f7934177000 nmethod 581 0x00007f79251f4350 code [0x00007f79251f44a0, 0x00007f79251f4598]

GC Heap History (2 events):
Event: 0,693 GC heap before
{Heap before GC invocations=1 (full 0):
 PSYoungGen      total 14336K, used 11984K [0x00000000eab00000, 0x00000000ebb00000, 0x0000000100000000)
  eden space 12288K, 97% used [0x00000000eab00000,0x00000000eb6b4398,0x00000000eb700000)
  from space 2048K, 0% used [0x00000000eb900000,0x00000000eb900000,0x00000000ebb00000)
  to   space 2048K, 0% used [0x00000000eb700000,0x00000000eb700000,0x00000000eb900000)
 ParOldGen       total 32768K, used 0K [0x00000000c0000000, 0x00000000c2000000, 0x00000000eab00000)
  object space 32768K, 0% used [0x00000000c0000000,0x00000000c0000000,0x00000000c2000000)
 Metaspace       used 3465K, capacity 4880K, committed 5120K, reserved 1056768K
  class space    used 392K, capacity 456K, committed 512K, reserved 1048576K
Event: 0,700 GC heap after
Heap after GC invocations=1 (full 0):
 PSYoungGen      total 14336K, used 2038K [0x00000000eab00000, 0x00000000ec700000, 0x0000000100000000)
  eden space 12288K, 0% used [0x00000000eab00000,0x00000000eab00000,0x00000000eb700000)
  from space 2048K, 99% used [0x00000000eb700000,0x00000000eb8fd980,0x00000000eb900000)
  to   space 2048K, 0% used [0x00000000ec500000,0x00000000ec500000,0x00000000ec700000)
 ParOldGen       total 32768K, used 1686K [0x00000000c0000000, 0x00000000c2000000, 0x00000000eab00000)
  object space 32768K, 5% used [0x00000000c0000000,0x00000000c01a5838,0x00000000c2000000)
 Metaspace       used 3465K, capacity 4880K, committed 5120K, reserved 1056768K
  class space    used 392K, capacity 456K, committed 512K, reserved 1048576K
}

Deoptimization events (0 events):
No events

Internal exceptions (10 events):
Event: 0,928 Thread 0x00007f79341d9800 Exception <a 'java/security/PrivilegedActionException'> (0x00000000eafded18) thrown at [/HUDSON/workspace/8-2-build-linux-amd64/jdk8u20/1074/hotspot/src/share/vm/prims/jvm.cpp, line 1275]
Event: 0,930 Thread 0x00007f79341d9800 Exception <a 'java/security/PrivilegedActionException'> (0x00000000eb0c6d78) thrown at [/HUDSON/workspace/8-2-build-linux-amd64/jdk8u20/1074/hotspot/src/share/vm/prims/jvm.cpp, line 1275]
Event: 0,930 Thread 0x00007f79341b5000 Exception <a 'java/security/PrivilegedActionException'> (0x00000000eaf40e60) thrown at [/HUDSON/workspace/8-2-build-linux-amd64/jdk8u20/1074/hotspot/src/share/vm/prims/jvm.cpp, line 1275]
Event: 0,931 Thread 0x00007f79341b5000 Exception <a 'java/security/PrivilegedActionException'> (0x00000000eb0e3858) thrown at [/HUDSON/workspace/8-2-build-linux-amd64/jdk8u20/1074/hotspot/src/share/vm/prims/jvm.cpp, line 1275]
Event: 0,931 Thread 0x00007f79341b5000 Exception <a 'java/security/PrivilegedActionException'> (0x00000000eb0e6030) thrown at [/HUDSON/workspace/8-2-build-linux-amd64/jdk8u20/1074/hotspot/src/share/vm/prims/jvm.cpp, line 1275]
Event: 0,942 Thread 0x00007f79341db800 Exception <a 'java/security/PrivilegedActionException'> (0x00000000eb0bac78) thrown at [/HUDSON/workspace/8-2-build-linux-amd64/jdk8u20/1074/hotspot/src/share/vm/prims/jvm.cpp, line 1275]
Event: 0,962 Thread 0x00007f79341db800 Exception <a 'java/security/PrivilegedActionException'> (0x00000000eb223ff8) thrown at [/HUDSON/workspace/8-2-build-linux-amd64/jdk8u20/1074/hotspot/src/share/vm/prims/jvm.cpp, line 1275]
Event: 0,972 Thread 0x00007f79341db800 Exception <a 'java/security/PrivilegedActionException'> (0x00000000eb233500) thrown at [/HUDSON/workspace/8-2-build-linux-amd64/jdk8u20/1074/hotspot/src/share/vm/prims/jvm.cpp, line 1275]
Event: 0,986 Thread 0x00007f79341db800 Exception <a 'java/security/PrivilegedActionException'> (0x00000000eb2af5a8) thrown at [/HUDSON/workspace/8-2-build-linux-amd64/jdk8u20/1074/hotspot/src/share/vm/prims/jvm.cpp, line 1275]
Event: 1,007 Thread 0x00007f79341db800 Exception <a 'java/security/PrivilegedActionException'> (0x00000000eb320d58) thrown at [/HUDSON/workspace/8-2-build-linux-amd64/jdk8u20/1074/hotspot/src/share/vm/prims/jvm.cpp, line 1275]

Events (10 events):
Event: 0,979 loading class java/util/HashMap$Values
Event: 0,979 loading class java/util/HashMap$Values done
Event: 0,979 loading class java/util/HashMap$ValueIterator
Event: 0,979 loading class java/util/HashMap$ValueIterator done
Event: 0,986 loading class com/android/dx/ssa/PhiInsn$Operand
Event: 0,986 loading class com/android/dx/ssa/PhiInsn$Operand done
Event: 0,992 loading class java/util/ArrayList$1
Event: 1,002 loading class java/util/ArrayList$1 done
Event: 1,006 loading class com/android/dx/ssa/back/FirstFitLocalCombiningAllocator$Multiset
Event: 1,006 loading class com/android/dx/ssa/back/FirstFitLocalCombiningAllocator$Multiset done


Dynamic libraries:
00400000-00401000 r-xp 00000000 fd:01 1585009                            /usr/java/jdk1.8.0_20/bin/java
00600000-00601000 rw-p 00000000 fd:01 1585009                            /usr/java/jdk1.8.0_20/bin/java
01e55000-01e76000 rw-p 00000000 00:00 0                                  [heap]
c0000000-c2000000 rw-p 00000000 00:00 0 
c2000000-eab00000 ---p 00000000 00:00 0 
eab00000-ec700000 rw-p 00000000 00:00 0 
ec700000-100000000 ---p 00000000 00:00 0 
100000000-1000a0000 rw-p 00000000 00:00 0 
1000a0000-140000000 ---p 00000000 00:00 0 
39d8200000-39d8220000 r-xp 00000000 fd:01 1449755                        /usr/lib64/ld-2.18.so
39d841f000-39d8420000 r--p 0001f000 fd:01 1449755                        /usr/lib64/ld-2.18.so
39d8420000-39d8421000 rw-p 00020000 fd:01 1449755                        /usr/lib64/ld-2.18.so
39d8421000-39d8422000 rw-p 00000000 00:00 0 
39d8600000-39d87b4000 r-xp 00000000 fd:01 1449760                        /usr/lib64/libc-2.18.so
39d87b4000-39d89b3000 ---p 001b4000 fd:01 1449760                        /usr/lib64/libc-2.18.so
39d89b3000-39d89b7000 r--p 001b3000 fd:01 1449760                        /usr/lib64/libc-2.18.so
39d89b7000-39d89b9000 rw-p 001b7000 fd:01 1449760                        /usr/lib64/libc-2.18.so
39d89b9000-39d89be000 rw-p 00000000 00:00 0 
39d8a00000-39d8a03000 r-xp 00000000 fd:01 1449765                        /usr/lib64/libdl-2.18.so
39d8a03000-39d8c02000 ---p 00003000 fd:01 1449765                        /usr/lib64/libdl-2.18.so
39d8c02000-39d8c03000 r--p 00002000 fd:01 1449765                        /usr/lib64/libdl-2.18.so
39d8c03000-39d8c04000 rw-p 00003000 fd:01 1449765                        /usr/lib64/libdl-2.18.so
39d8e00000-39d8e18000 r-xp 00000000 fd:01 1443220                        /usr/lib64/libpthread-2.18.so
39d8e18000-39d9017000 ---p 00018000 fd:01 1443220                        /usr/lib64/libpthread-2.18.so
39d9017000-39d9018000 r--p 00017000 fd:01 1443220                        /usr/lib64/libpthread-2.18.so
39d9018000-39d9019000 rw-p 00018000 fd:01 1443220                        /usr/lib64/libpthread-2.18.so
39d9019000-39d901d000 rw-p 00000000 00:00 0 
39d9200000-39d9305000 r-xp 00000000 fd:01 1449771                        /usr/lib64/libm-2.18.so
39d9305000-39d9505000 ---p 00105000 fd:01 1449771                        /usr/lib64/libm-2.18.so
39d9505000-39d9506000 r--p 00105000 fd:01 1449771                        /usr/lib64/libm-2.18.so
39d9506000-39d9507000 rw-p 00106000 fd:01 1449771                        /usr/lib64/libm-2.18.so
39da600000-39da607000 r-xp 00000000 fd:01 1449784                        /usr/lib64/librt-2.18.so
39da607000-39da806000 ---p 00007000 fd:01 1449784                        /usr/lib64/librt-2.18.so
39da806000-39da807000 r--p 00006000 fd:01 1449784                        /usr/lib64/librt-2.18.so
39da807000-39da808000 rw-p 00007000 fd:01 1449784                        /usr/lib64/librt-2.18.so
7f78cc000000-7f78cc06a000 rw-p 00000000 00:00 0 
7f78cc06a000-7f78d0000000 ---p 00000000 00:00 0 
7f78d0000000-7f78d0062000 rw-p 00000000 00:00 0 
7f78d0062000-7f78d4000000 ---p 00000000 00:00 0 
7f78d4000000-7f78d42dc000 rw-p 00000000 00:00 0 
7f78d42dc000-7f78d8000000 ---p 00000000 00:00 0 
7f78d8000000-7f78d8027000 rw-p 00000000 00:00 0 
7f78d8027000-7f78dc000000 ---p 00000000 00:00 0 
7f78dc000000-7f78dc021000 rw-p 00000000 00:00 0 
7f78dc021000-7f78e0000000 ---p 00000000 00:00 0 
7f78e0000000-7f78e0021000 rw-p 00000000 00:00 0 
7f78e0021000-7f78e4000000 ---p 00000000 00:00 0 
7f78e4000000-7f78e40a6000 rw-p 00000000 00:00 0 
7f78e40a6000-7f78e8000000 ---p 00000000 00:00 0 
7f78e8000000-7f78e81d6000 rw-p 00000000 00:00 0 
7f78e81d6000-7f78ec000000 ---p 00000000 00:00 0 
7f78ec000000-7f78ec2d0000 rw-p 00000000 00:00 0 
7f78ec2d0000-7f78f0000000 ---p 00000000 00:00 0 
7f78f1ad7000-7f78f8000000 r--p 00000000 fd:01 1451894                    /usr/lib/locale/locale-archive
7f78f8000000-7f78f8021000 rw-p 00000000 00:00 0 
7f78f8021000-7f78fc000000 ---p 00000000 00:00 0 
7f78fc000000-7f78fc021000 rw-p 00000000 00:00 0 
7f78fc021000-7f7900000000 ---p 00000000 00:00 0 
7f7900000000-7f7900021000 rw-p 00000000 00:00 0 
7f7900021000-7f7904000000 ---p 00000000 00:00 0 
7f7904000000-7f7904021000 rw-p 00000000 00:00 0 
7f7904021000-7f7908000000 ---p 00000000 00:00 0 
7f7908000000-7f7908021000 rw-p 00000000 00:00 0 
7f7908021000-7f790c000000 ---p 00000000 00:00 0 
7f7910000000-7f7910021000 rw-p 00000000 00:00 0 
7f7910021000-7f7914000000 ---p 00000000 00:00 0 
7f7918000000-7f7918021000 rw-p 00000000 00:00 0 
7f7918021000-7f791c000000 ---p 00000000 00:00 0 
7f791e000000-7f7920000000 rw-p 00000000 00:00 0 
7f7920000000-7f7920021000 rw-p 00000000 00:00 0 
7f7920021000-7f7924000000 ---p 00000000 00:00 0 
7f79244f5000-7f79244f8000 ---p 00000000 00:00 0 
7f79244f8000-7f79245f6000 rw-p 00000000 00:00 0                          [stack:3778]
7f79245f6000-7f79245f9000 ---p 00000000 00:00 0 
7f79245f9000-7f79246f7000 rw-p 00000000 00:00 0                          [stack:3777]
7f79246f7000-7f79246fa000 ---p 00000000 00:00 0 
7f79246fa000-7f79247f8000 rw-p 00000000 00:00 0                          [stack:3776]
7f79247f8000-7f79247fb000 ---p 00000000 00:00 0 
7f79247fb000-7f79248f9000 rw-p 00000000 00:00 0                          [stack:3775]
7f79248f9000-7f79248fa000 ---p 00000000 00:00 0 
7f79248fa000-7f79249fa000 rw-p 00000000 00:00 0                          [stack:3773]
7f79249fa000-7f79249fd000 ---p 00000000 00:00 0 
7f79249fd000-7f7924afb000 rw-p 00000000 00:00 0                          [stack:3772]
7f7924afb000-7f7924afe000 ---p 00000000 00:00 0 
7f7924afe000-7f7924bfc000 rw-p 00000000 00:00 0                          [stack:3771]
7f7924bfc000-7f7924bff000 ---p 00000000 00:00 0 
7f7924bff000-7f7924cfd000 rw-p 00000000 00:00 0                          [stack:3770]
7f7924cfd000-7f7924d00000 ---p 00000000 00:00 0 
7f7924d00000-7f7924dfe000 rw-p 00000000 00:00 0                          [stack:3769]
7f7924dfe000-7f7924e01000 ---p 00000000 00:00 0 
7f7924e01000-7f7924eff000 rw-p 00000000 00:00 0                          [stack:3768]
7f7924eff000-7f7924f02000 ---p 00000000 00:00 0 
7f7924f02000-7f7925000000 rw-p 00000000 00:00 0                          [stack:3766]
7f7925000000-7f7925270000 rwxp 00000000 00:00 0 
7f7925270000-7f7934000000 ---p 00000000 00:00 0 
7f7934000000-7f793446a000 rw-p 00000000 00:00 0 
7f793446a000-7f7938000000 ---p 00000000 00:00 0 
7f7938052000-7f7938055000 ---p 00000000 00:00 0 
7f7938055000-7f7938153000 rw-p 00000000 00:00 0                          [stack:3765]
7f7938153000-7f7938154000 ---p 00000000 00:00 0 
7f7938154000-7f79391b2000 rw-p 00000000 00:00 0                          [stack:3764]
7f79391b2000-7f7939388000 r--s 03c62000 fd:01 1585406                    /usr/java/jdk1.8.0_20/jre/lib/rt.jar
7f7939388000-7f7939a19000 rw-p 00000000 00:00 0 
7f7939a19000-7f7939c59000 ---p 00000000 00:00 0 
7f7939c59000-7f7939e59000 rw-p 00000000 00:00 0 
7f7939e59000-7f7939e5a000 ---p 00000000 00:00 0 
7f7939e5a000-7f7939f5a000 rw-p 00000000 00:00 0                          [stack:3763]
7f7939f5a000-7f7939f5b000 ---p 00000000 00:00 0 
7f7939f5b000-7f793a05b000 rw-p 00000000 00:00 0                          [stack:3762]
7f793a05b000-7f793a05c000 ---p 00000000 00:00 0 
7f793a05c000-7f793a15c000 rw-p 00000000 00:00 0                          [stack:3761]
7f793a15c000-7f793a15d000 ---p 00000000 00:00 0 
7f793a15d000-7f793a26d000 rw-p 00000000 00:00 0                          [stack:3760]
7f793a26d000-7f793a3b3000 ---p 00000000 00:00 0 
7f793a3b3000-7f793a3c3000 rw-p 00000000 00:00 0 
7f793a3c3000-7f793a508000 ---p 00000000 00:00 0 
7f793a508000-7f793a517000 rw-p 00000000 00:00 0 
7f793a517000-7f793a5b3000 ---p 00000000 00:00 0 
7f793a5b3000-7f793a5be000 rw-p 00000000 00:00 0 
7f793a5be000-7f793a974000 ---p 00000000 00:00 0 
7f793a974000-7f793a98e000 r-xp 00000000 fd:01 1585190                    /usr/java/jdk1.8.0_20/jre/lib/amd64/libzip.so
7f793a98e000-7f793ab8e000 ---p 0001a000 fd:01 1585190                    /usr/java/jdk1.8.0_20/jre/lib/amd64/libzip.so
7f793ab8e000-7f793ab8f000 rw-p 0001a000 fd:01 1585190                    /usr/java/jdk1.8.0_20/jre/lib/amd64/libzip.so
7f793ab8f000-7f793ab9a000 r-xp 00000000 fd:01 1449016                    /usr/lib64/libnss_files-2.18.so
7f793ab9a000-7f793ad99000 ---p 0000b000 fd:01 1449016                    /usr/lib64/libnss_files-2.18.so
7f793ad99000-7f793ad9a000 r--p 0000a000 fd:01 1449016                    /usr/lib64/libnss_files-2.18.so
7f793ad9a000-7f793ad9b000 rw-p 0000b000 fd:01 1449016                    /usr/lib64/libnss_files-2.18.so
7f793adb1000-7f793adbf000 r--s 000b4000 fd:01 546492                     /home/leandro/Programas/sdk/build-tools/android-4.4W/lib/dx.jar
7f793adbf000-7f793ade9000 r-xp 00000000 fd:01 1585155                    /usr/java/jdk1.8.0_20/jre/lib/amd64/libjava.so
7f793ade9000-7f793afe9000 ---p 0002a000 fd:01 1585155                    /usr/java/jdk1.8.0_20/jre/lib/amd64/libjava.so
7f793afe9000-7f793afeb000 rw-p 0002a000 fd:01 1585155                    /usr/java/jdk1.8.0_20/jre/lib/amd64/libjava.so
7f793afeb000-7f793aff8000 r-xp 00000000 fd:01 1585189                    /usr/java/jdk1.8.0_20/jre/lib/amd64/libverify.so
7f793aff8000-7f793b1f8000 ---p 0000d000 fd:01 1585189                    /usr/java/jdk1.8.0_20/jre/lib/amd64/libverify.so
7f793b1f8000-7f793b1fa000 rw-p 0000d000 fd:01 1585189                    /usr/java/jdk1.8.0_20/jre/lib/amd64/libverify.so
7f793b1fa000-7f793b1fd000 ---p 00000000 00:00 0 
7f793b1fd000-7f793b2fb000 rw-p 00000000 00:00 0                          [stack:3759]
7f793b2fb000-7f793bf65000 r-xp 00000000 fd:01 1585194                    /usr/java/jdk1.8.0_20/jre/lib/amd64/server/libjvm.so
7f793bf65000-7f793c164000 ---p 00c6a000 fd:01 1585194                    /usr/java/jdk1.8.0_20/jre/lib/amd64/server/libjvm.so
7f793c164000-7f793c23b000 rw-p 00c69000 fd:01 1585194                    /usr/java/jdk1.8.0_20/jre/lib/amd64/server/libjvm.so
7f793c23b000-7f793c280000 rw-p 00000000 00:00 0 
7f793c280000-7f793c295000 r-xp 00000000 fd:01 1716605                    /usr/java/jdk1.8.0_20/lib/amd64/jli/libjli.so
7f793c295000-7f793c494000 ---p 00015000 fd:01 1716605                    /usr/java/jdk1.8.0_20/lib/amd64/jli/libjli.so
7f793c494000-7f793c495000 rw-p 00014000 fd:01 1716605                    /usr/java/jdk1.8.0_20/lib/amd64/jli/libjli.so
7f793c495000-7f793c496000 rw-p 00000000 00:00 0 
7f793c49a000-7f793c4b0000 rw-p 00000000 00:00 0 
7f793c4b0000-7f793c4b8000 rw-s 00000000 00:22 905846                     /tmp/hsperfdata_leandro/3750
7f793c4b8000-7f793c4b9000 rw-p 00000000 00:00 0 
7f793c4b9000-7f793c4ba000 r--p 00000000 00:00 0 
7f793c4ba000-7f793c4bb000 rw-p 00000000 00:00 0 
7fff7b02a000-7fff7b04c000 rw-p 00000000 00:00 0                          [stack]
7fff7b04c000-7fff7b04e000 r-xp 00000000 00:00 0                          [vdso]
7fff7b04e000-7fff7b050000 r--p 00000000 00:00 0                          [vvar]
ffffffffff600000-ffffffffff601000 r-xp 00000000 00:00 0                  [vsyscall]

VM Arguments:
jvm_args: -Xmx1024M 
java_command: /home/leandro/Programas/sdk/build-tools/android-4.4W/lib/dx.jar --dex --num-threads=4 --output /home/leandro/AndroidStudioProjects/fourheads/GestionAndroid/app/build/intermediates/dex/debug /home/leandro/AndroidStudioProjects/fourheads/GestionAndroid/app/build/intermediates/classes/debug /home/leandro/AndroidStudioProjects/fourheads/GestionAndroid/app/build/intermediates/dependency-cache/debug /home/leandro/AndroidStudioProjects/fourheads/GestionAndroid/app/build/intermediates/pre-dexed/debug/jackson-core-2.3.2-ab44e315ef76fc6734bdc3c3c5c6ba29b101170a.jar /home/leandro/AndroidStudioProjects/fourheads/GestionAndroid/app/build/intermediates/pre-dexed/debug/jackson-annotations-2.3.0-06b846b2da52b0753ce223d80f7b696e86e72d38.jar /home/leandro/AndroidStudioProjects/fourheads/GestionAndroid/app/build/intermediates/pre-dexed/debug/classes-9baacb7e9bae1c826a6d6fd8800e798dfbff547c.jar /home/leandro/AndroidStudioProjects/fourheads/GestionAndroid/app/build/intermediates/pre-dexed/debug/classes-7e9180976871f034b7f4df07692b329935858e56.jar /home/leandro/AndroidStudioProjects/fourheads/GestionAndroid/app/build/intermediates/pre-dexed/debug/support-annotations-20.0.0-0bf63cd9c9dcdb508848aea47582abbfdb31938a.jar /home/leandro/AndroidStudioProjects/fourheads/GestionAndroid/app/build/intermediates/pre-dexed/debug/spring-android-rest-template-1.0.1.RELEASE-2d8f5aba75c0e882a5758cd57362c42f351148c7.jar /home/leandro/AndroidStudioProjects/fourheads/GestionAndroid/app/build/intermediates/pre-dexed/debug/jackson-databind-2.3.2-3c023344e11ebdbd9dd5334c1bbf0f9a69dd57a1.jar /home/leandro/AndroidStudioProjects/fourheads/GestionAndroid/app/build/intermediates/pre-dexed/debug/internal_impl-20.0.0-ecf5c70c93bdcdae618ce4081875c0bb51c5933b.jar /home/leandro/AndroidStudioProjects/fourheads/GestionAndroid/app/build/intermediates/pre-dexed/debug/spring-android-core-1.0.1.RELEASE-7ab26e9a3a3f582425003babf056da9d071ac24f.jar /home/leandro/AndroidStudioProjects/fourheads/GestionAndroid/app
java_class_path (initial): /home/leandro/Programas/sdk/build-tools/android-4.4W/lib/dx.jar
Launcher Type: SUN_STANDARD

Environment Variables:
CLASSPATH=/home/leandro/Programas/android-studio/bin/../lib/bootstrap.jar:/home/leandro/Programas/android-studio/bin/../lib/extensions.jar:/home/leandro/Programas/android-studio/bin/../lib/util.jar:/home/leandro/Programas/android-studio/bin/../lib/jdom.jar:/home/leandro/Programas/android-studio/bin/../lib/log4j.jar:/home/leandro/Programas/android-studio/bin/../lib/trove4j.jar:/home/leandro/Programas/android-studio/bin/../lib/jna.jar:/usr/java/jdk1.8.0_20/lib/tools.jar
PATH=/usr/lib64/qt-3.3/bin:/usr/libexec/lightdm:/usr/local/bin:/usr/bin:/bin:/usr/local/sbin:/usr/sbin:/home/leandro/.local/bin:/home/leandro/bin
LD_LIBRARY_PATH=/home/leandro/Programas/android-studio/bin:
SHELL=/bin/bash
DISPLAY=:0.0

Signal Handlers:
SIGSEGV: [libjvm.so+0xa77530], sa_mask[0]=11111111011111111101111111111110, sa_flags=SA_RESTART|SA_SIGINFO
SIGBUS: [libjvm.so+0xa77530], sa_mask[0]=11111111011111111101111111111110, sa_flags=SA_RESTART|SA_SIGINFO
SIGFPE: [libjvm.so+0x8e1d90], sa_mask[0]=11111111011111111101111111111110, sa_flags=SA_RESTART|SA_SIGINFO
SIGPIPE: [libjvm.so+0x8e1d90], sa_mask[0]=11111111011111111101111111111110, sa_flags=SA_RESTART|SA_SIGINFO
SIGXFSZ: [libjvm.so+0x8e1d90], sa_mask[0]=11111111011111111101111111111110, sa_flags=SA_RESTART|SA_SIGINFO
SIGILL: [libjvm.so+0x8e1d90], sa_mask[0]=11111111011111111101111111111110, sa_flags=SA_RESTART|SA_SIGINFO
SIGUSR1: SIG_DFL, sa_mask[0]=00000000000000000000000000000000, sa_flags=none
SIGUSR2: [libjvm.so+0x8e35c0], sa_mask[0]=00100000000000000000000000000000, sa_flags=SA_RESTART|SA_SIGINFO
SIGHUP: [libjvm.so+0x8e4980], sa_mask[0]=11111111011111111101111111111110, sa_flags=SA_RESTART|SA_SIGINFO
SIGINT: [libjvm.so+0x8e4980], sa_mask[0]=11111111011111111101111111111110, sa_flags=SA_RESTART|SA_SIGINFO
SIGTERM: [libjvm.so+0x8e4980], sa_mask[0]=11111111011111111101111111111110, sa_flags=SA_RESTART|SA_SIGINFO
SIGQUIT: [libjvm.so+0x8e4980], sa_mask[0]=11111111011111111101111111111110, sa_flags=SA_RESTART|SA_SIGINFO


---------------  S Y S T E M  ---------------

OS:Fedora release 20 (Heisenbug)

uname:Linux 3.16.2-201.fc20.x86_64 #1 SMP Mon Sep 15 19:57:50 UTC 2014 x86_64
libc:glibc 2.18 NPTL 2.18 
rlimit: STACK 8192k, CORE 0k, NPROC 1024, NOFILE 4096, AS infinity
load average:0,87 0,77 0,85

/proc/meminfo:
MemTotal:        3081164 kB
MemFree:           69916 kB
MemAvailable:     122552 kB
Buffers:            6888 kB
Cached:           407352 kB
SwapCached:        38452 kB
Active:          2176280 kB
Inactive:         636416 kB
Active(anon):    2103688 kB
Inactive(anon):   562348 kB
Active(file):      72592 kB
Inactive(file):    74068 kB
Unevictable:          32 kB
Mlocked:              32 kB
SwapTotal:       3162108 kB
SwapFree:        2382588 kB
Dirty:             10836 kB
Writeback:             0 kB
AnonPages:       2379828 kB
Mapped:            99768 kB
Shmem:            267656 kB
Slab:              67884 kB
SReclaimable:      37196 kB
SUnreclaim:        30688 kB
KernelStack:        7200 kB
PageTables:        35784 kB
NFS_Unstable:          0 kB
Bounce:                0 kB
WritebackTmp:          0 kB
CommitLimit:     4702688 kB
Committed_AS:    5550320 kB
VmallocTotal:   34359738367 kB
VmallocUsed:       84380 kB
VmallocChunk:   34359646964 kB
HardwareCorrupted:     0 kB
AnonHugePages:         0 kB
HugePages_Total:       0
HugePages_Free:        0
HugePages_Rsvd:        0
HugePages_Surp:        0
Hugepagesize:       2048 kB
DirectMap4k:       82880 kB
DirectMap2M:     3061760 kB


CPU:total 4 (4 cores per cpu, 1 threads per core) family 6 model 15 stepping 11, cmov, cx8, fxsr, mmx, sse, sse2, sse3, ssse3, tsc

/proc/cpuinfo:
processor	: 0
vendor_id	: GenuineIntel
cpu family	: 6
model		: 15
model name	: Intel(R) Core(TM)2 Quad CPU    Q6600  @ 2.40GHz
stepping	: 11
microcode	: 0xba
cpu MHz		: 2400.000
cache size	: 4096 KB
physical id	: 0
siblings	: 4
core id		: 0
cpu cores	: 4
apicid		: 0
initial apicid	: 0
fpu		: yes
fpu_exception	: yes
cpuid level	: 10
wp		: yes
flags		: fpu vme de pse tsc msr pae mce cx8 apic sep mtrr pge mca cmov pat pse36 clflush dts acpi mmx fxsr sse sse2 ss ht tm pbe syscall nx lm constant_tsc arch_perfmon pebs bts rep_good nopl aperfmperf pni dtes64 monitor ds_cpl vmx est tm2 ssse3 cx16 xtpr pdcm lahf_lm dtherm tpr_shadow vnmi flexpriority
bogomips	: 4799.94
clflush size	: 64
cache_alignment	: 64
address sizes	: 36 bits physical, 48 bits virtual
power management:

processor	: 1
vendor_id	: GenuineIntel
cpu family	: 6
model		: 15
model name	: Intel(R) Core(TM)2 Quad CPU    Q6600  @ 2.40GHz
stepping	: 11
microcode	: 0xba
cpu MHz		: 2400.000
cache size	: 4096 KB
physical id	: 0
siblings	: 4
core id		: 1
cpu cores	: 4
apicid		: 1
initial apicid	: 1
fpu		: yes
fpu_exception	: yes
cpuid level	: 10
wp		: yes
flags		: fpu vme de pse tsc msr pae mce cx8 apic sep mtrr pge mca cmov pat pse36 clflush dts acpi mmx fxsr sse sse2 ss ht tm pbe syscall nx lm constant_tsc arch_perfmon pebs bts rep_good nopl aperfmperf pni dtes64 monitor ds_cpl vmx est tm2 ssse3 cx16 xtpr pdcm lahf_lm dtherm tpr_shadow vnmi flexpriority
bogomips	: 4799.94
clflush size	: 64
cache_alignment	: 64
address sizes	: 36 bits physical, 48 bits virtual
power management:

processor	: 2
vendor_id	: GenuineIntel
cpu family	: 6
model		: 15
model name	: Intel(R) Core(TM)2 Quad CPU    Q6600  @ 2.40GHz
stepping	: 11
microcode	: 0xba
cpu MHz		: 2400.000
cache size	: 4096 KB
physical id	: 0
siblings	: 4
core id		: 3
cpu cores	: 4
apicid		: 3
initial apicid	: 3
fpu		: yes
fpu_exception	: yes
cpuid level	: 10
wp		: yes
flags		: fpu vme de pse tsc msr pae mce cx8 apic sep mtrr pge mca cmov pat pse36 clflush dts acpi mmx fxsr sse sse2 ss ht tm pbe syscall nx lm constant_tsc arch_perfmon pebs bts rep_good nopl aperfmperf pni dtes64 monitor ds_cpl vmx est tm2 ssse3 cx16 xtpr pdcm lahf_lm dtherm tpr_shadow vnmi flexpriority
bogomips	: 4799.94
clflush size	: 64
cache_alignment	: 64
address sizes	: 36 bits physical, 48 bits virtual
power management:

processor	: 3
vendor_id	: GenuineIntel
cpu family	: 6
model		: 15
model name	: Intel(R) Core(TM)2 Quad CPU    Q6600  @ 2.40GHz
stepping	: 11
microcode	: 0xba
cpu MHz		: 2400.000
cache size	: 4096 KB
physical id	: 0
siblings	: 4
core id		: 2
cpu cores	: 4
apicid		: 2
initial apicid	: 2
fpu		: yes
fpu_exception	: yes
cpuid level	: 10
wp		: yes
flags		: fpu vme de pse tsc msr pae mce cx8 apic sep mtrr pge mca cmov pat pse36 clflush dts acpi mmx fxsr sse sse2 ss ht tm pbe syscall nx lm constant_tsc arch_perfmon pebs bts rep_good nopl aperfmperf pni dtes64 monitor ds_cpl vmx est tm2 ssse3 cx16 xtpr pdcm lahf_lm dtherm tpr_shadow vnmi flexpriority
bogomips	: 4799.94
clflush size	: 64
cache_alignment	: 64
address sizes	: 36 bits physical, 48 bits virtual
power management:



Memory: 4k page, physical 3081164k(69916k free), swap 3162108k(2382588k free)

vm_info: Java HotSpot(TM) 64-Bit Server VM (25.20-b23) for linux-amd64 JRE (1.8.0_20-b26), built on Jul 30 2014 13:13:52 by "java_re" with gcc 4.3.0 20080428 (Red Hat 4.3.0-8)

time: Tue Nov 18 21:11:52 2014
elapsed time: 1 seconds (0d 0h 0m 1s)

