#
# A fatal error has been detected by the Java Runtime Environment:
#
#  SIGSEGV (0xb) at pc=0x00007f3f51bde060, pid=13140, tid=139910250112768
#
# JRE version: Java(TM) SE Runtime Environment (8.0_20-b26) (build 1.8.0_20-b26)
# Java VM: Java HotSpot(TM) 64-Bit Server VM (25.20-b23 mixed mode linux-amd64 compressed oops)
# Problematic frame:
# C  0x00007f3f51bde060
#
# Failed to write core dump. Core dumps have been disabled. To enable core dumping, try "ulimit -c unlimited" before starting Java again
#
# If you would like to submit a bug report, please visit:
#   http://bugreport.sun.com/bugreport/crash.jsp
#

---------------  T H R E A D  ---------------

Current thread (0x00007f3f4802c800):  JavaThread "Daemon Thread 33" [_thread_in_Java, id=18799, stack(0x00007f3f64b22000,0x00007f3f64c23000)]

siginfo: si_signo: 11 (SIGSEGV), si_code: 2 (SEGV_ACCERR), si_addr: 0x00007f3f51bde060

Registers:
RAX=0x00000000ffffffff, RBX=0x00007f3f3f3bb320, RCX=0x0000000000000001, RDX=0x00000000ffffffff
RSP=0x00007f3f64c1ced8, RBP=0x00007f3f64c1d350, RSI=0x00000000eb63e120, RDI=0x00000000eb63e120
R8 =0x0000000000000101, R9 =0x0000000000000040, R10=0x00000000eb72fbf0, R11=0x000000000000001e
R12=0x0000000000000000, R13=0x00007f3f64c1d300, R14=0x00007f3f64c1d3c0, R15=0x00007f3f4802c800
RIP=0x00007f3f51bde060, EFLAGS=0x0000000000010206, CSGSFS=0x0000000000000033, ERR=0x0000000000000014
  TRAPNO=0x000000000000000e

Top of Stack: (sp=0x00007f3f64c1ced8)
0x00007f3f64c1ced8:   00007f3f920fed04 00007f3f4802c800
0x00007f3f64c1cee8:   00007f3f4d2d5290 00007f3f64c1cfd0
0x00007f3f64c1cef8:   00007f3fa4db88c9 00007f3f64c1cf50
0x00007f3f64c1cf08:   00007f3f4802c9e8 00000000eb913c18
0x00007f3f64c1cf18:   0000001800000000 0000000000000000
0x00007f3f64c1cf28:   0000000000001ec8 00000000eb913cc8
0x00007f3f64c1cf38:   00000000eb63e120 00007f3f90018000
0x00007f3f64c1cf48:   0000000000000000 00007f3f64c1d350
0x00007f3f64c1cf58:   00007f3f91c7c0c4 0000000000000000
0x00007f3f64c1cf68:   0000000000000000 0000000000000000
0x00007f3f64c1cf78:   0000000000000000 00000000eb913c18
0x00007f3f64c1cf88:   000000000000000e 00007f3f4802c800
0x00007f3f64c1cf98:   0000000000000000 00000000eb8ea790
0x00007f3f64c1cfa8:   0000000100d12eb8 0000000000000000
0x00007f3f64c1cfb8:   0000000000000002 000000000000006e
0x00007f3f64c1cfc8:   00007f3f4802c800 00007f3f64c1d020
0x00007f3f64c1cfd8:   00007f3f90e9f526 00000000eb7915f8
0x00007f3f64c1cfe8:   00007f3f92fbe364 00000000eb8ea480
0x00007f3f64c1cff8:   00000000eb63e120 00001ec800000000
0x00007f3f64c1d008:   00007f3f90018000 00000000eb63e120
0x00007f3f64c1d018:   00001ec800000000 00000000eb913cb0
0x00007f3f64c1d028:   00000000eb913cc8 00000000c01d2ea8
0x00007f3f64c1d038:   0000000000000004 00007f3f64c1d350
0x00007f3f64c1d048:   00007f3f921048e4 00007f3f64c1d090
0x00007f3f64c1d058:   00000000eb725e68 00000000eb791268
0x00007f3f64c1d068:   0000001800000007 00000000eb913b78
0x00007f3f64c1d078:   00000000eb8ea480 00000000eb791258
0x00007f3f64c1d088:   0000000000000202 00007f3f64c1d350
0x00007f3f64c1d098:   00007f3f93944abc 00007f3f64c1d110
0x00007f3f64c1d0a8:   00007f3f90be098d 00007f3f90be098d
0x00007f3f64c1d0b8:   0000000000000000 00000000eb63e120
0x00007f3f64c1d0c8:   00000000eb913870 00000000eb913800 

Instructions: (pc=0x00007f3f51bde060)
0x00007f3f51bde040:   
[error occurred during error reporting (printing registers, top of stack, instructions near pc), id 0xb]

Register to memory mapping:

RAX=0x00000000ffffffff is an unallocated location in the heap
RBX=0x00007f3f3f3bb320 is pointing into metadata
RCX=0x0000000000000001 is an unknown value
RDX=0x00000000ffffffff is an unallocated location in the heap
RSP=0x00007f3f64c1ced8 is pointing into the stack for thread: 0x00007f3f4802c800
RBP=0x00007f3f64c1d350 is pointing into the stack for thread: 0x00007f3f4802c800
RSI=0x00000000eb63e120 is an oop
com.sun.org.apache.xerces.internal.dom.DeferredDocumentImpl 
 - klass: 'com/sun/org/apache/xerces/internal/dom/DeferredDocumentImpl'
RDI=0x00000000eb63e120 is an oop
com.sun.org.apache.xerces.internal.dom.DeferredDocumentImpl 
 - klass: 'com/sun/org/apache/xerces/internal/dom/DeferredDocumentImpl'
R8 =0x0000000000000101 is an unknown value
R9 =0x0000000000000040 is an unknown value
R10=0x00000000eb72fbf0 is an oop
[[I 
 - klass: {type array int}[]
 - length: 64
R11=0x000000000000001e is an unknown value
R12=0x0000000000000000 is an unknown value
R13=0x00007f3f64c1d300 is pointing into the stack for thread: 0x00007f3f4802c800
R14=0x00007f3f64c1d3c0 is pointing into the stack for thread: 0x00007f3f4802c800
R15=0x00007f3f4802c800 is a thread


Stack: [0x00007f3f64b22000,0x00007f3f64c23000],  sp=0x00007f3f64c1ced8,  free space=1003k
Native frames: (J=compiled Java code, j=interpreted, Vv=VM code, C=native code)
C  0x00007f3f51bde060
j  com.android.ide.common.res2.ResourceSet.createFileAndItems(Ljava/io/File;Lorg/w3c/dom/Node;)Lcom/android/ide/common/res2/DataFile;+3
j  com.android.ide.common.res2.DataSet.createFromXml(Lorg/w3c/dom/Node;)Lcom/android/ide/common/res2/DataSet;+268
j  com.android.ide.common.res2.ResourceMerger.createFromXml(Lorg/w3c/dom/Node;)Lcom/android/ide/common/res2/ResourceSet;+12
j  com.android.ide.common.res2.ResourceMerger.createFromXml(Lorg/w3c/dom/Node;)Lcom/android/ide/common/res2/DataSet;+2
j  com.android.ide.common.res2.DataMerger.loadFromBlob(Ljava/io/File;Z)Z+177
j  com.android.ide.common.res2.ResourceMerger.loadFromBlob(Ljava/io/File;Z)Z+3
v  ~StubRoutines::call_stub
V  [libjvm.so+0x663ce6]  JavaCalls::call_helper(JavaValue*, methodHandle*, JavaCallArguments*, Thread*)+0x1056
V  [libjvm.so+0x958377]  Reflection::invoke(instanceKlassHandle, methodHandle, Handle, bool, objArrayHandle, BasicType, objArrayHandle, bool, Thread*)+0x5d7
V  [libjvm.so+0x95ba47]  Reflection::invoke_method(oopDesc*, Handle, objArrayHandle, Thread*)+0x147
V  [libjvm.so+0x6ea54b]  JVM_InvokeMethod+0x26b
J 1600  sun.reflect.NativeMethodAccessorImpl.invoke0(Ljava/lang/reflect/Method;Ljava/lang/Object;[Ljava/lang/Object;)Ljava/lang/Object; (0 bytes) @ 0x00007f3f911f782d [0x00007f3f911f7740+0xed]
J 7011 C2 sun.reflect.NativeMethodAccessorImpl.invoke(Ljava/lang/Object;[Ljava/lang/Object;)Ljava/lang/Object; (104 bytes) @ 0x00007f3f915c9034 [0x00007f3f915c8fc0+0x74]


---------------  P R O C E S S  ---------------

Java Threads: ( => current thread )
  0x00007f3f4c363000 JavaThread "Stdin handler" [_thread_blocked, id=18801, stack(0x00007f3f64720000,0x00007f3f64821000)]
  0x00007f3f4e41d800 JavaThread "Handler for socket connection at /127.0.0.1:32783 with /127.0.0.1:36420" [_thread_in_native, id=18800, stack(0x00007f3f64a21000,0x00007f3f64b22000)]
=>0x00007f3f4802c800 JavaThread "Daemon Thread 33" [_thread_in_Java, id=18799, stack(0x00007f3f64b22000,0x00007f3f64c23000)]
  0x00007f3f4c7e2800 JavaThread "File lock request listener" [_thread_in_native, id=13166, stack(0x00007f3f3fcff000,0x00007f3f3fe00000)]
  0x00007f3fa0a8b800 JavaThread "Incoming local TCP Connector on port 32783" [_thread_in_native, id=13158, stack(0x00007f3f64c23000,0x00007f3f64d24000)]
  0x00007f3fa00ce800 JavaThread "Service Thread" daemon [_thread_blocked, id=13155, stack(0x00007f3f657d4000,0x00007f3f658d5000)]
  0x00007f3fa00b1000 JavaThread "C1 CompilerThread2" daemon [_thread_blocked, id=13154, stack(0x00007f3f658d5000,0x00007f3f659d6000)]
  0x00007f3fa00af000 JavaThread "C2 CompilerThread1" daemon [_thread_blocked, id=13153, stack(0x00007f3f659d6000,0x00007f3f65ad7000)]
  0x00007f3fa00ac000 JavaThread "C2 CompilerThread0" daemon [_thread_blocked, id=13152, stack(0x00007f3f80051000,0x00007f3f80152000)]
  0x00007f3fa00aa000 JavaThread "Signal Dispatcher" daemon [_thread_blocked, id=13151, stack(0x00007f3f80152000,0x00007f3f80253000)]
  0x00007f3fa007b000 JavaThread "Finalizer" daemon [_thread_blocked, id=13150, stack(0x00007f3f80253000,0x00007f3f80354000)]
  0x00007f3fa0079000 JavaThread "Reference Handler" daemon [_thread_blocked, id=13149, stack(0x00007f3f80354000,0x00007f3f80455000)]
  0x00007f3fa0008800 JavaThread "main" [_thread_blocked, id=13143, stack(0x00007f3fa45d4000,0x00007f3fa46d5000)]

Other Threads:
  0x00007f3fa0072000 VMThread [stack: 0x00007f3f80455000,0x00007f3f80556000] [id=13148]
  0x00007f3fa00d1000 WatcherThread [stack: 0x00007f3f656d3000,0x00007f3f657d4000] [id=13156]

VM state:not at safepoint (normal execution)

VM Mutex/Monitor currently owned by a thread: None

Heap:
 PSYoungGen      total 261632K, used 45191K [0x00000000eab00000, 0x00000000fe500000, 0x0000000100000000)
  eden space 199168K, 8% used [0x00000000eab00000,0x00000000ebb0ffd0,0x00000000f6d80000)
  from space 62464K, 46% used [0x00000000f6d80000,0x00000000f8991dc8,0x00000000faa80000)
  to   space 59904K, 0% used [0x00000000faa80000,0x00000000faa80000,0x00000000fe500000)
 ParOldGen       total 282624K, used 114910K [0x00000000c0000000, 0x00000000d1400000, 0x00000000eab00000)
  object space 282624K, 40% used [0x00000000c0000000,0x00000000c7037870,0x00000000d1400000)
 Metaspace       used 142675K, capacity 148244K, committed 158976K, reserved 1181696K
  class space    used 18239K, capacity 20033K, committed 27392K, reserved 1048576K

Card table byte_map: [0x00007f3f90618000,0x00007f3f90819000] byte_map_base: 0x00007f3f90018000

Marking Bits: (ParMarkBitMap*) 0x00007f3fa562cac0
 Begin Bits: [0x00007f3f82000000, 0x00007f3f83000000)
 End Bits:   [0x00007f3f83000000, 0x00007f3f84000000)

Polling page: 0x00007f3fa5893000

CodeCache: size=245760Kb used=46257Kb max_used=46258Kb free=199502Kb
 bounds [0x00007f3f90bd9000, 0x00007f3f93959000, 0x00007f3f9fbd9000]
 total_blobs=12197 nmethods=11528 adapters=582
 compilation: enabled

Compilation events (10 events):
Event: 15149,805 Thread 0x00007f3fa00b1000 nmethod 18248 0x00007f3f93944410 code [0x00007f3f939449c0, 0x00007f3f93948608]
Event: 15149,805 Thread 0x00007f3fa00b1000 18254       3       com.sun.org.apache.xerces.internal.dom.NamedNodeMapImpl::findNamePoint (131 bytes)
Event: 15149,805 Thread 0x00007f3fa00af000 nmethod 18252 0x00007f3f918a4d10 code [0x00007f3f918a4e60, 0x00007f3f918a4f78]
Event: 15149,806 Thread 0x00007f3fa00b1000 nmethod 18254 0x00007f3f939431d0 code [0x00007f3f93943400, 0x00007f3f93944028]
Event: 15149,806 Thread 0x00007f3fa00b1000 18253       3       com.sun.org.apache.xerces.internal.dom.NamedNodeMapImpl::getNamedItemNS (32 bytes)
Event: 15149,806 Thread 0x00007f3fa00b1000 nmethod 18253 0x00007f3f918a4650 code [0x00007f3f918a47e0, 0x00007f3f918a4c18]
Event: 15149,806 Thread 0x00007f3fa00b1000 18249       3       com.android.ide.common.res2.ValueResourceParser2::getName (31 bytes)
Event: 15149,806 Thread 0x00007f3fa00b1000 nmethod 18249 0x00007f3f9394b590 code [0x00007f3f9394b760, 0x00007f3f9394bf58]
Event: 15149,806 Thread 0x00007f3fa00b1000 18251       3       com.android.ide.common.res2.ResourceSet::createFileAndItems (7 bytes)
Event: 15149,806 Thread 0x00007f3fa00b1000 nmethod 18251 0x00007f3f9195b850 code [0x00007f3f9195b9c0, 0x00007f3f9195bb68]

GC Heap History (10 events):
Event: 13265,422 GC heap before
{Heap before GC invocations=102 (full 32):
 PSYoungGen      total 219648K, used 193024K [0x00000000eab00000, 0x00000000fe680000, 0x0000000100000000)
  eden space 193024K, 100% used [0x00000000eab00000,0x00000000f6780000,0x00000000f6780000)
  from space 26624K, 0% used [0x00000000f6780000,0x00000000f6780000,0x00000000f8180000)
  to   space 65024K, 0% used [0x00000000fa700000,0x00000000fa700000,0x00000000fe680000)
 ParOldGen       total 282624K, used 123892K [0x00000000c0000000, 0x00000000d1400000, 0x00000000eab00000)
  object space 282624K, 43% used [0x00000000c0000000,0x00000000c78fd140,0x00000000d1400000)
 Metaspace       used 131592K, capacity 137134K, committed 148992K, reserved 1171456K
  class space    used 16971K, capacity 18768K, committed 27392K, reserved 1048576K
Event: 13265,498 GC heap after
Heap after GC invocations=102 (full 32):
 PSYoungGen      total 259072K, used 29834K [0x00000000eab00000, 0x00000000fe480000, 0x0000000100000000)
  eden space 196096K, 0% used [0x00000000eab00000,0x00000000eab00000,0x00000000f6a80000)
  from space 62976K, 47% used [0x00000000fa700000,0x00000000fc422a38,0x00000000fe480000)
  to   space 61952K, 0% used [0x00000000f6a80000,0x00000000f6a80000,0x00000000fa700000)
 ParOldGen       total 282624K, used 123900K [0x00000000c0000000, 0x00000000d1400000, 0x00000000eab00000)
  object space 282624K, 43% used [0x00000000c0000000,0x00000000c78ff140,0x00000000d1400000)
 Metaspace       used 131592K, capacity 137134K, committed 148992K, reserved 1171456K
  class space    used 16971K, capacity 18768K, committed 27392K, reserved 1048576K
}
Event: 15002,958 GC heap before
{Heap before GC invocations=103 (full 32):
 PSYoungGen      total 259072K, used 225930K [0x00000000eab00000, 0x00000000fe480000, 0x0000000100000000)
  eden space 196096K, 100% used [0x00000000eab00000,0x00000000f6a80000,0x00000000f6a80000)
  from space 62976K, 47% used [0x00000000fa700000,0x00000000fc422a38,0x00000000fe480000)
  to   space 61952K, 0% used [0x00000000f6a80000,0x00000000f6a80000,0x00000000fa700000)
 ParOldGen       total 282624K, used 123900K [0x00000000c0000000, 0x00000000d1400000, 0x00000000eab00000)
  object space 282624K, 43% used [0x00000000c0000000,0x00000000c78ff140,0x00000000d1400000)
 Metaspace       used 137424K, capacity 143512K, committed 153856K, reserved 1175552K
  class space    used 17813K, capacity 19805K, committed 27392K, reserved 1048576K
Event: 15003,094 GC heap after
Heap after GC invocations=103 (full 32):
 PSYoungGen      total 258048K, used 43248K [0x00000000eab00000, 0x00000000fe980000, 0x0000000100000000)
  eden space 196096K, 0% used [0x00000000eab00000,0x00000000eab00000,0x00000000f6a80000)
  from space 61952K, 69% used [0x00000000f6a80000,0x00000000f94bc168,0x00000000fa700000)
  to   space 63488K, 0% used [0x00000000fab80000,0x00000000fab80000,0x00000000fe980000)
 ParOldGen       total 282624K, used 123900K [0x00000000c0000000, 0x00000000d1400000, 0x00000000eab00000)
  object space 282624K, 43% used [0x00000000c0000000,0x00000000c78ff140,0x00000000d1400000)
 Metaspace       used 137424K, capacity 143512K, committed 153856K, reserved 1175552K
  class space    used 17813K, capacity 19805K, committed 27392K, reserved 1048576K
}
Event: 15004,343 GC heap before
{Heap before GC invocations=104 (full 32):
 PSYoungGen      total 258048K, used 78414K [0x00000000eab00000, 0x00000000fe980000, 0x0000000100000000)
  eden space 196096K, 17% used [0x00000000eab00000,0x00000000ecd579c0,0x00000000f6a80000)
  from space 61952K, 69% used [0x00000000f6a80000,0x00000000f94bc168,0x00000000fa700000)
  to   space 63488K, 0% used [0x00000000fab80000,0x00000000fab80000,0x00000000fe980000)
 ParOldGen       total 282624K, used 123900K [0x00000000c0000000, 0x00000000d1400000, 0x00000000eab00000)
  object space 282624K, 43% used [0x00000000c0000000,0x00000000c78ff140,0x00000000d1400000)
 Metaspace       used 138264K, capacity 144552K, committed 154624K, reserved 1177600K
  class space    used 17953K, capacity 19980K, committed 27392K, reserved 1048576K
Event: 15004,436 GC heap after
Heap after GC invocations=104 (full 32):
 PSYoungGen      total 260608K, used 18425K [0x00000000eab00000, 0x00000000fe780000, 0x0000000100000000)
  eden space 199168K, 0% used [0x00000000eab00000,0x00000000eab00000,0x00000000f6d80000)
  from space 61440K, 29% used [0x00000000fab80000,0x00000000fbd7e688,0x00000000fe780000)
  to   space 62464K, 0% used [0x00000000f6d80000,0x00000000f6d80000,0x00000000faa80000)
 ParOldGen       total 282624K, used 123908K [0x00000000c0000000, 0x00000000d1400000, 0x00000000eab00000)
  object space 282624K, 43% used [0x00000000c0000000,0x00000000c7901140,0x00000000d1400000)
 Metaspace       used 138264K, capacity 144552K, committed 154624K, reserved 1177600K
  class space    used 17953K, capacity 19980K, committed 27392K, reserved 1048576K
}
Event: 15004,436 GC heap before
{Heap before GC invocations=105 (full 33):
 PSYoungGen      total 260608K, used 18425K [0x00000000eab00000, 0x00000000fe780000, 0x0000000100000000)
  eden space 199168K, 0% used [0x00000000eab00000,0x00000000eab00000,0x00000000f6d80000)
  from space 61440K, 29% used [0x00000000fab80000,0x00000000fbd7e688,0x00000000fe780000)
  to   space 62464K, 0% used [0x00000000f6d80000,0x00000000f6d80000,0x00000000faa80000)
 ParOldGen       total 282624K, used 123908K [0x00000000c0000000, 0x00000000d1400000, 0x00000000eab00000)
  object space 282624K, 43% used [0x00000000c0000000,0x00000000c7901140,0x00000000d1400000)
 Metaspace       used 138264K, capacity 144552K, committed 154624K, reserved 1177600K
  class space    used 17953K, capacity 19980K, committed 27392K, reserved 1048576K
Event: 15005,903 GC heap after
Heap after GC invocations=105 (full 33):
 PSYoungGen      total 260608K, used 0K [0x00000000eab00000, 0x00000000fe780000, 0x0000000100000000)
  eden space 199168K, 0% used [0x00000000eab00000,0x00000000eab00000,0x00000000f6d80000)
  from space 61440K, 0% used [0x00000000fab80000,0x00000000fab80000,0x00000000fe780000)
  to   space 62464K, 0% used [0x00000000f6d80000,0x00000000f6d80000,0x00000000faa80000)
 ParOldGen       total 282624K, used 114910K [0x00000000c0000000, 0x00000000d1400000, 0x00000000eab00000)
  object space 282624K, 40% used [0x00000000c0000000,0x00000000c7037870,0x00000000d1400000)
 Metaspace       used 136811K, capacity 141702K, committed 154624K, reserved 1177600K
  class space    used 17390K, capacity 18967K, committed 27392K, reserved 1048576K
}
Event: 15149,526 GC heap before
{Heap before GC invocations=106 (full 33):
 PSYoungGen      total 260608K, used 199168K [0x00000000eab00000, 0x00000000fe780000, 0x0000000100000000)
  eden space 199168K, 100% used [0x00000000eab00000,0x00000000f6d80000,0x00000000f6d80000)
  from space 61440K, 0% used [0x00000000fab80000,0x00000000fab80000,0x00000000fe780000)
  to   space 62464K, 0% used [0x00000000f6d80000,0x00000000f6d80000,0x00000000faa80000)
 ParOldGen       total 282624K, used 114910K [0x00000000c0000000, 0x00000000d1400000, 0x00000000eab00000)
  object space 282624K, 40% used [0x00000000c0000000,0x00000000c7037870,0x00000000d1400000)
 Metaspace       used 142519K, capacity 148058K, committed 158976K, reserved 1181696K
  class space    used 18211K, capacity 20013K, committed 27392K, reserved 1048576K
Event: 15149,599 GC heap after
Heap after GC invocations=106 (full 33):
 PSYoungGen      total 261632K, used 28743K [0x00000000eab00000, 0x00000000fe500000, 0x0000000100000000)
  eden space 199168K, 0% used [0x00000000eab00000,0x00000000eab00000,0x00000000f6d80000)
  from space 62464K, 46% used [0x00000000f6d80000,0x00000000f8991dc8,0x00000000faa80000)
  to   space 59904K, 0% used [0x00000000faa80000,0x00000000faa80000,0x00000000fe500000)
 ParOldGen       total 282624K, used 114910K [0x00000000c0000000, 0x00000000d1400000, 0x00000000eab00000)
  object space 282624K, 40% used [0x00000000c0000000,0x00000000c7037870,0x00000000d1400000)
 Metaspace       used 142519K, capacity 148058K, committed 158976K, reserved 1181696K
  class space    used 18211K, capacity 20013K, committed 27392K, reserved 1048576K
}

Deoptimization events (10 events):
Event: 13228,121 Thread 0x00007f3f4802a800 Uncommon trap: reason=array_check action=maybe_recompile pc=0x00007f3f929288a0 method=java.util.ComparableTimSort.mergeHi(IIII)V @ 654
Event: 13262,902 Thread 0x00007f3f4802a800 Uncommon trap: reason=array_check action=maybe_recompile pc=0x00007f3f929285f4 method=java.util.ComparableTimSort.mergeHi(IIII)V @ 415
Event: 13263,185 Thread 0x00007f3f4802a800 Uncommon trap: reason=array_check action=maybe_recompile pc=0x00007f3f9387fcf8 method=java.util.ComparableTimSort.mergeHi(IIII)V @ 521
Event: 13263,280 Thread 0x00007f3f4802a800 Uncommon trap: reason=array_check action=maybe_recompile pc=0x00007f3f9387fcf8 method=java.util.ComparableTimSort.mergeHi(IIII)V @ 521
Event: 13264,201 Thread 0x00007f3f4802a800 Uncommon trap: reason=speculate_class_check action=maybe_recompile pc=0x00007f3f9384ee0c method=org.codehaus.groovy.runtime.InvokerHelper.getMetaClass(Ljava/lang/Object;)Lgroovy/lang/MetaClass; @ 1
Event: 15002,729 Thread 0x00007f3f4802c800 Uncommon trap: reason=speculate_class_check action=maybe_recompile pc=0x00007f3f9384ee0c method=org.codehaus.groovy.runtime.InvokerHelper.getMetaClass(Ljava/lang/Object;)Lgroovy/lang/MetaClass; @ 1
Event: 15149,252 Thread 0x00007f3f4802c800 Uncommon trap: reason=speculate_class_check action=maybe_recompile pc=0x00007f3f9384ee0c method=org.codehaus.groovy.runtime.InvokerHelper.getMetaClass(Ljava/lang/Object;)Lgroovy/lang/MetaClass; @ 1
Event: 15149,723 Thread 0x00007f3f4802c800 Uncommon trap: reason=unreached action=reinterpret pc=0x00007f3f924f6850 method=org.codehaus.groovy.reflection.CachedMethod.createPojoMetaMethodSite(Lorg/codehaus/groovy/runtime/callsite/CallSite;Lgroovy/lang/MetaClassImpl;[Ljava/lang/Class;)Lorg/codehaus
Event: 15149,757 Thread 0x00007f3f4802c800 Uncommon trap: reason=unreached action=reinterpret pc=0x00007f3f916463f0 method=com.sun.org.apache.xerces.internal.dom.ParentNode.nodeListGetLength()I @ 11
Event: 15149,758 Thread 0x00007f3f4802c800 Uncommon trap: reason=unreached action=reinterpret pc=0x00007f3f9163bd70 method=com.sun.org.apache.xerces.internal.dom.ParentNode.nodeListGetLength()I @ 11

Internal exceptions (10 events):
Event: 15149,711 Thread 0x00007f3f4802c800 Exception <a 'java/lang/ClassNotFoundException': com/android/ide/common/res2/ResourceMergerBeanInfo> (0x00000000eb5772e8) thrown at [/HUDSON/workspace/8-2-build-linux-amd64/jdk8u20/1074/hotspot/src/share/vm/classfile/systemDictionary.cpp, line 202]
Event: 15149,711 Thread 0x00007f3f4802c800 Exception <a 'java/security/PrivilegedActionException'> (0x00000000eb57ba20) thrown at [/HUDSON/workspace/8-2-build-linux-amd64/jdk8u20/1074/hotspot/src/share/vm/prims/jvm.cpp, line 1275]
Event: 15149,711 Thread 0x00007f3f4802c800 Exception <a 'java/security/PrivilegedActionException'> (0x00000000eb57fe30) thrown at [/HUDSON/workspace/8-2-build-linux-amd64/jdk8u20/1074/hotspot/src/share/vm/prims/jvm.cpp, line 1275]
Event: 15149,711 Thread 0x00007f3f4802c800 Exception <a 'java/lang/ClassNotFoundException': com/android/ide/common/res2/DataMergerBeanInfo> (0x00000000eb580520) thrown at [/HUDSON/workspace/8-2-build-linux-amd64/jdk8u20/1074/hotspot/src/share/vm/classfile/systemDictionary.cpp, line 202]
Event: 15149,711 Thread 0x00007f3f4802c800 Exception <a 'java/security/PrivilegedActionException'> (0x00000000eb584e08) thrown at [/HUDSON/workspace/8-2-build-linux-amd64/jdk8u20/1074/hotspot/src/share/vm/prims/jvm.cpp, line 1275]
Event: 15149,711 Thread 0x00007f3f4802c800 Exception <a 'java/security/PrivilegedActionException'> (0x00000000eb589420) thrown at [/HUDSON/workspace/8-2-build-linux-amd64/jdk8u20/1074/hotspot/src/share/vm/prims/jvm.cpp, line 1275]
Event: 15149,711 Thread 0x00007f3f4802c800 Exception <a 'java/lang/ClassNotFoundException': com/android/ide/common/res2/DataMergerCustomizer> (0x00000000eb589b10) thrown at [/HUDSON/workspace/8-2-build-linux-amd64/jdk8u20/1074/hotspot/src/share/vm/classfile/systemDictionary.cpp, line 202]
Event: 15149,722 Thread 0x00007f3f4802c800 Exception <a 'java/security/PrivilegedActionException'> (0x00000000eb5ad9a8) thrown at [/HUDSON/workspace/8-2-build-linux-amd64/jdk8u20/1074/hotspot/src/share/vm/prims/jvm.cpp, line 1275]
Event: 15149,722 Thread 0x00007f3f4802c800 Exception <a 'java/security/PrivilegedActionException'> (0x00000000eb5b22e8) thrown at [/HUDSON/workspace/8-2-build-linux-amd64/jdk8u20/1074/hotspot/src/share/vm/prims/jvm.cpp, line 1275]
Event: 15149,722 Thread 0x00007f3f4802c800 Exception <a 'java/lang/ClassNotFoundException': com/android/ide/common/res2/ResourceMergerCustomizer> (0x00000000eb5b29e0) thrown at [/HUDSON/workspace/8-2-build-linux-amd64/jdk8u20/1074/hotspot/src/share/vm/classfile/systemDictionary.cpp, line 202]

Events (10 events):
Event: 15149,722 loading class com/android/ide/common/res2/ResourceMergerCustomizer done
Event: 15149,723 Thread 0x00007f3f4802c800 Uncommon trap: trap_request=0xffffffad fr.pc=0x00007f3f924f6850
Event: 15149,723 Thread 0x00007f3f4802c800 DEOPT PACKING pc=0x00007f3f924f6850 sp=0x00007f3f64c1de60
Event: 15149,723 Thread 0x00007f3f4802c800 DEOPT UNPACKING pc=0x00007f3f90bddf69 sp=0x00007f3f64c1dcd0 mode 2
Event: 15149,757 Thread 0x00007f3f4802c800 Uncommon trap: trap_request=0xffffffad fr.pc=0x00007f3f916463f0
Event: 15149,757 Thread 0x00007f3f4802c800 DEOPT PACKING pc=0x00007f3f916463f0 sp=0x00007f3f64c1d3f0
Event: 15149,758 Thread 0x00007f3f4802c800 DEOPT UNPACKING pc=0x00007f3f90bddf69 sp=0x00007f3f64c1d350 mode 2
Event: 15149,758 Thread 0x00007f3f4802c800 Uncommon trap: trap_request=0xffffffad fr.pc=0x00007f3f9163bd70
Event: 15149,758 Thread 0x00007f3f4802c800 DEOPT PACKING pc=0x00007f3f9163bd70 sp=0x00007f3f64c1d390
Event: 15149,758 Thread 0x00007f3f4802c800 DEOPT UNPACKING pc=0x00007f3f90bddf69 sp=0x00007f3f64c1d348 mode 2


Dynamic libraries:
00400000-00401000 r-xp 00000000 fd:01 1585009                            /usr/java/jdk1.8.0_20/bin/java
00600000-00601000 rw-p 00000000 fd:01 1585009                            /usr/java/jdk1.8.0_20/bin/java
01f59000-01f7a000 rw-p 00000000 00:00 0                                  [heap]
c0000000-d1400000 rw-p 00000000 00:00 0 
d1400000-eab00000 ---p 00000000 00:00 0 
eab00000-fe500000 rw-p 00000000 00:00 0 
fe500000-100000000 ---p 00000000 00:00 0 
100000000-101ac0000 rw-p 00000000 00:00 0 
101ac0000-140000000 ---p 00000000 00:00 0 
3220000000-3220016000 r-xp 00000000 fd:01 1454498                        /usr/lib64/libresolv-2.18.so
3220016000-3220216000 ---p 00016000 fd:01 1454498                        /usr/lib64/libresolv-2.18.so
3220216000-3220217000 r--p 00016000 fd:01 1454498                        /usr/lib64/libresolv-2.18.so
3220217000-3220218000 rw-p 00017000 fd:01 1454498                        /usr/lib64/libresolv-2.18.so
3220218000-322021a000 rw-p 00000000 00:00 0 
3641600000-3641615000 r-xp 00000000 fd:01 1445074                        /usr/lib64/libgcc_s-4.8.3-20140911.so.1
3641615000-3641814000 ---p 00015000 fd:01 1445074                        /usr/lib64/libgcc_s-4.8.3-20140911.so.1
3641814000-3641815000 r--p 00014000 fd:01 1445074                        /usr/lib64/libgcc_s-4.8.3-20140911.so.1
3641815000-3641816000 rw-p 00015000 fd:01 1445074                        /usr/lib64/libgcc_s-4.8.3-20140911.so.1
3643a00000-3643ae9000 r-xp 00000000 fd:01 1449816                        /usr/lib64/libstdc++.so.6.0.19
3643ae9000-3643ce9000 ---p 000e9000 fd:01 1449816                        /usr/lib64/libstdc++.so.6.0.19
3643ce9000-3643cf1000 r--p 000e9000 fd:01 1449816                        /usr/lib64/libstdc++.so.6.0.19
3643cf1000-3643cf3000 rw-p 000f1000 fd:01 1449816                        /usr/lib64/libstdc++.so.6.0.19
3643cf3000-3643d08000 rw-p 00000000 00:00 0 
39d8200000-39d8220000 r-xp 00000000 fd:01 1449755                        /usr/lib64/ld-2.18.so
39d841f000-39d8420000 r--p 0001f000 fd:01 1449755                        /usr/lib64/ld-2.18.so
39d8420000-39d8421000 rw-p 00020000 fd:01 1449755                        /usr/lib64/ld-2.18.so
39d8421000-39d8422000 rw-p 00000000 00:00 0 
39d8600000-39d87b4000 r-xp 00000000 fd:01 1449760                        /usr/lib64/libc-2.18.so
39d87b4000-39d89b3000 ---p 001b4000 fd:01 1449760                        /usr/lib64/libc-2.18.so
39d89b3000-39d89b7000 r--p 001b3000 fd:01 1449760                        /usr/lib64/libc-2.18.so
39d89b7000-39d89b9000 rw-p 001b7000 fd:01 1449760                        /usr/lib64/libc-2.18.so
39d89b9000-39d89be000 rw-p 00000000 00:00 0 
39d8a00000-39d8a03000 r-xp 00000000 fd:01 1449765                        /usr/lib64/libdl-2.18.so
39d8a03000-39d8c02000 ---p 00003000 fd:01 1449765                        /usr/lib64/libdl-2.18.so
39d8c02000-39d8c03000 r--p 00002000 fd:01 1449765                        /usr/lib64/libdl-2.18.so
39d8c03000-39d8c04000 rw-p 00003000 fd:01 1449765                        /usr/lib64/libdl-2.18.so
39d8e00000-39d8e18000 r-xp 00000000 fd:01 1443220                        /usr/lib64/libpthread-2.18.so
39d8e18000-39d9017000 ---p 00018000 fd:01 1443220                        /usr/lib64/libpthread-2.18.so
39d9017000-39d9018000 r--p 00017000 fd:01 1443220                        /usr/lib64/libpthread-2.18.so
39d9018000-39d9019000 rw-p 00018000 fd:01 1443220                        /usr/lib64/libpthread-2.18.so
39d9019000-39d901d000 rw-p 00000000 00:00 0 
39d9200000-39d9305000 r-xp 00000000 fd:01 1449771                        /usr/lib64/libm-2.18.so
39d9305000-39d9505000 ---p 00105000 fd:01 1449771                        /usr/lib64/libm-2.18.so
39d9505000-39d9506000 r--p 00105000 fd:01 1449771                        /usr/lib64/libm-2.18.so
39d9506000-39d9507000 rw-p 00106000 fd:01 1449771                        /usr/lib64/libm-2.18.so
39da600000-39da607000 r-xp 00000000 fd:01 1449784                        /usr/lib64/librt-2.18.so
39da607000-39da806000 ---p 00007000 fd:01 1449784                        /usr/lib64/librt-2.18.so
39da806000-39da807000 r--p 00006000 fd:01 1449784                        /usr/lib64/librt-2.18.so
39da807000-39da808000 rw-p 00007000 fd:01 1449784                        /usr/lib64/librt-2.18.so
7f3f1aa00000-7f3f1ac00000 rw-p 00000000 00:00 0 
7f3f1b000000-7f3f1b200000 rw-p 00000000 00:00 0 
7f3f1bc00000-7f3f1be00000 rw-p 00000000 00:00 0 
7f3f1c000000-7f3f1c021000 rw-p 00000000 00:00 0 
7f3f1c021000-7f3f20000000 ---p 00000000 00:00 0 
7f3f20200000-7f3f20400000 rw-p 00000000 00:00 0 
7f3f20400000-7f3f20600000 rw-p 00000000 00:00 0 
7f3f20600000-7f3f20800000 rw-p 00000000 00:00 0 
7f3f20800000-7f3f20a00000 rw-p 00000000 00:00 0 
7f3f20c00000-7f3f20c80000 rw-p 00000000 00:00 0 
7f3f20c80000-7f3f20e00000 ---p 00000000 00:00 0 
7f3f20e00000-7f3f21000000 rw-p 00000000 00:00 0 
7f3f21000000-7f3f21200000 rw-p 00000000 00:00 0 
7f3f21200000-7f3f21400000 rw-p 00000000 00:00 0 
7f3f21400000-7f3f21600000 rw-p 00000000 00:00 0 
7f3f21600000-7f3f21800000 rw-p 00000000 00:00 0 
7f3f219b0000-7f3f21bb0000 rw-p 00000000 00:00 0 
7f3f21bb0000-7f3f21bb5000 r-xp 00000000 fd:01 1449015                    /usr/lib64/libnss_dns-2.18.so
7f3f21bb5000-7f3f21db4000 ---p 00005000 fd:01 1449015                    /usr/lib64/libnss_dns-2.18.so
7f3f21db4000-7f3f21db5000 r--p 00004000 fd:01 1449015                    /usr/lib64/libnss_dns-2.18.so
7f3f21db5000-7f3f21db6000 rw-p 00005000 fd:01 1449015                    /usr/lib64/libnss_dns-2.18.so
7f3f21db6000-7f3f21db8000 r-xp 00000000 fd:01 1449988                    /usr/lib64/libnss_mdns4_minimal.so.2
7f3f21db8000-7f3f21fb7000 ---p 00002000 fd:01 1449988                    /usr/lib64/libnss_mdns4_minimal.so.2
7f3f21fb7000-7f3f21fb8000 r--p 00001000 fd:01 1449988                    /usr/lib64/libnss_mdns4_minimal.so.2
7f3f21fb8000-7f3f21fb9000 rw-p 00002000 fd:01 1449988                    /usr/lib64/libnss_mdns4_minimal.so.2
7f3f21fb9000-7f3f21feb000 r-xp 00000000 fd:01 1585186                    /usr/java/jdk1.8.0_20/jre/lib/amd64/libsunec.so
7f3f21feb000-7f3f221ea000 ---p 00032000 fd:01 1585186                    /usr/java/jdk1.8.0_20/jre/lib/amd64/libsunec.so
7f3f221ea000-7f3f221f0000 rw-p 00031000 fd:01 1585186                    /usr/java/jdk1.8.0_20/jre/lib/amd64/libsunec.so
7f3f221f0000-7f3f22600000 rw-p 00000000 00:00 0 
7f3f22600000-7f3f22a00000 rw-p 00000000 00:00 0 
7f3f22a00000-7f3f22c00000 rw-p 00000000 00:00 0 
7f3f22c00000-7f3f22e00000 rw-p 00000000 00:00 0 
7f3f22e00000-7f3f23000000 rw-p 00000000 00:00 0 
7f3f23000000-7f3f23200000 rw-p 00000000 00:00 0 
7f3f23200000-7f3f23600000 rw-p 00000000 00:00 0 
7f3f23600000-7f3f23800000 rw-p 00000000 00:00 0 
7f3f23800000-7f3f23a00000 rw-p 00000000 00:00 0 
7f3f23a00000-7f3f23c00000 rw-p 00000000 00:00 0 
7f3f23c00000-7f3f23e00000 rw-p 00000000 00:00 0 
7f3f23e00000-7f3f24000000 rw-p 00000000 00:00 0 
7f3f24000000-7f3f24021000 rw-p 00000000 00:00 0 
7f3f24021000-7f3f28000000 ---p 00000000 00:00 0 
7f3f28000000-7f3f28021000 rw-p 00000000 00:00 0 
7f3f28021000-7f3f2c000000 ---p 00000000 00:00 0 
7f3f2c000000-7f3f2c046000 rw-p 00000000 00:00 0 
7f3f2c046000-7f3f30000000 ---p 00000000 00:00 0 
7f3f30000000-7f3f30021000 rw-p 00000000 00:00 0 
7f3f30021000-7f3f34000000 ---p 00000000 00:00 0 
7f3f34000000-7f3f34021000 rw-p 00000000 00:00 0 
7f3f34021000-7f3f38000000 ---p 00000000 00:00 0 
7f3f38000000-7f3f38025000 rw-p 00000000 00:00 0 
7f3f38025000-7f3f3c000000 ---p 00000000 00:00 0 
7f3f3c126000-7f3f3c326000 rw-p 00000000 00:00 0 
7f3f3c326000-7f3f3c526000 rw-p 00000000 00:00 0 
7f3f3c526000-7f3f3c726000 rw-p 00000000 00:00 0 
7f3f3c726000-7f3f3c926000 rw-p 00000000 00:00 0 
7f3f3c926000-7f3f3cb26000 rw-p 00000000 00:00 0 
7f3f3cb26000-7f3f3cd26000 rw-p 00000000 00:00 0 
7f3f3cd26000-7f3f3cf26000 rw-p 00000000 00:00 0 
7f3f3cf26000-7f3f3d126000 rw-p 00000000 00:00 0 
7f3f3d126000-7f3f3d326000 rw-p 00000000 00:00 0 
7f3f3d326000-7f3f3d526000 rw-p 00000000 00:00 0 
7f3f3d527000-7f3f3d727000 rw-p 00000000 00:00 0 
7f3f3d727000-7f3f3d927000 rw-p 00000000 00:00 0 
7f3f3d927000-7f3f3db27000 rw-p 00000000 00:00 0 
7f3f3db27000-7f3f3dd27000 rw-p 00000000 00:00 0 
7f3f3dd27000-7f3f3dd2a000 ---p 00000000 00:00 0 
7f3f3dd2a000-7f3f3de28000 rw-p 00000000 00:00 0 
7f3f3de28000-7f3f3de2b000 ---p 00000000 00:00 0 
7f3f3de2b000-7f3f3e129000 rw-p 00000000 00:00 0 
7f3f3e129000-7f3f3e12c000 ---p 00000000 00:00 0 
7f3f3e12c000-7f3f3e22a000 rw-p 00000000 00:00 0 
7f3f3e22a000-7f3f3e22d000 ---p 00000000 00:00 0 
7f3f3e22d000-7f3f3e52b000 rw-p 00000000 00:00 0 
7f3f3e52b000-7f3f3e52e000 ---p 00000000 00:00 0 
7f3f3e52e000-7f3f3e82c000 rw-p 00000000 00:00 0 
7f3f3e82c000-7f3f3ea2c000 rw-p 00000000 00:00 0 
7f3f3ea2c000-7f3f3ec2c000 rw-p 00000000 00:00 0 
7f3f3ec2c000-7f3f3ee2c000 rw-p 00000000 00:00 0 
7f3f3ee5d000-7f3f3ee5e000 rw-p 00000000 00:00 0 
7f3f3ee5e000-7f3f3ee5f000 r--s 00009000 fd:01 1585321                    /usr/java/jdk1.8.0_20/jre/lib/ext/sunec.jar
7f3f3ee5f000-7f3f3ee63000 r--s 00039000 fd:01 1585323                    /usr/java/jdk1.8.0_20/jre/lib/ext/sunpkcs11.jar
7f3f3ee63000-7f3f3ee66000 r--s 00019000 fd:01 1585366                    /usr/java/jdk1.8.0_20/jre/lib/jce.jar
7f3f3ee66000-7f3f3f066000 rw-p 00000000 00:00 0 
7f3f3f066000-7f3f3f07b000 r--s 000ff000 fd:01 1585400                    /usr/java/jdk1.8.0_20/jre/lib/resources.jar
7f3f3f07b000-7f3f3f27b000 rw-p 00000000 00:00 0 
7f3f3f27b000-7f3f3f47b000 rw-p 00000000 00:00 0 
7f3f3f47b000-7f3f3f67b000 rw-p 00000000 00:00 0 
7f3f3f67b000-7f3f3f87b000 rw-p 00000000 00:00 0 
7f3f3f87b000-7f3f3f87d000 r--s 0000d000 fd:01 2137299                    /home/leandro/.gradle/caches/modules-2/files-2.1/commons-codec/commons-codec/1.4/4216af16d38465bbab0f3dff8efa14204f7a399a/commons-codec-1.4.jar
7f3f3f87d000-7f3f3f87f000 r--s 0000d000 fd:01 2137298                    /home/leandro/.gradle/caches/modules-2/files-2.1/commons-logging/commons-logging/1.1.1/5043bfebc3db072ed80fbd362e7caf00e885d8ae/commons-logging-1.1.1.jar
7f3f3f87f000-7f3f3f884000 r--s 00028000 fd:01 1868171                    /home/leandro/.gradle/caches/modules-2/files-2.1/org.apache.httpcomponents/httpcore/4.1/33fc26c02f8043ab0ede19eadc8c9885386b255c/httpcore-4.1.jar
7f3f3f884000-7f3f3f886000 r--s 00004000 fd:01 2137297                    /home/leandro/.gradle/caches/modules-2/files-2.1/org.ow2.asm/asm-tree/4.0/67bd266cd17adcee486b76952ece4cc85fe248b8/asm-tree-4.0.jar
7f3f3f886000-7f3f3f88f000 r--s 000a7000 fd:01 2137296                    /home/leandro/.gradle/caches/modules-2/files-2.1/com.android.tools.external.lombok/lombok-ast/0.2.2/57e560b535ceaa14fb6f15422d74594acd6c5b64/lombok-ast-0.2.2.jar
7f3f3f88f000-7f3f3f891000 r--s 0000a000 fd:01 2137295                    /home/leandro/.gradle/caches/modules-2/files-2.1/org.ow2.asm/asm/4.0/659add6efc75a4715d738e73f07505246edf4d66/asm-4.0.jar
7f3f3f891000-7f3f3f8c4000 r--s 00203000 fd:01 2137294                    /home/leandro/.gradle/caches/modules-2/files-2.1/org.bouncycastle/bcprov-jdk15on/1.48/960dea7c9181ba0b17e8bab0c06a43f0a5f04e65/bcprov-jdk15on-1.48.jar
7f3f3f8c4000-7f3f3f8ee000 r--s 001e9000 fd:01 2137293                    /home/leandro/.gradle/caches/modules-2/files-2.1/com.google.guava/guava/15.0/ed727a8d9f247e2050281cb083f1c77b09dcb5cd/guava-15.0.jar
7f3f3f8ee000-7f3f3f8f5000 r--s 00053000 fd:01 2137292                    /home/leandro/.gradle/caches/modules-2/files-2.1/org.apache.commons/commons-compress/1.8.1/a698750c16740fd5b3871425f4cb3bbaa87f529d/commons-compress-1.8.1.jar
7f3f3f8f5000-7f3f3f8f7000 r--s 00005000 fd:01 1864992                    /home/leandro/.gradle/caches/modules-2/files-2.1/org.apache.httpcomponents/httpmime/4.1/9ba2dcdf94ce35c8a8e9bff242db0618ca932e92/httpmime-4.1.jar
7f3f3f8f7000-7f3f3f8ff000 r--s 0004e000 fd:01 2385090                    /home/leandro/.gradle/caches/modules-2/files-2.1/org.apache.httpcomponents/httpclient/4.1.1/3d1d918f32709e33ba7ddb2c4e8d1c543ebe713e/httpclient-4.1.1.jar
7f3f3f8ff000-7f3f3faff000 rw-p 00000000 00:00 0 
7f3f3faff000-7f3f3fcff000 rw-p 00000000 00:00 0 
7f3f3fcff000-7f3f3fd02000 ---p 00000000 00:00 0 
7f3f3fd02000-7f3f40000000 rw-p 00000000 00:00 0                          [stack:13166]
7f3f40000000-7f3f40058000 rw-p 00000000 00:00 0 
7f3f40058000-7f3f44000000 ---p 00000000 00:00 0 
7f3f44000000-7f3f44021000 rw-p 00000000 00:00 0 
7f3f44021000-7f3f48000000 ---p 00000000 00:00 0 
7f3f48000000-7f3f48031000 rw-p 00000000 00:00 0 
7f3f48031000-7f3f4c000000 ---p 00000000 00:00 0 
7f3f4c000000-7f3f4eb96000 rw-p 00000000 00:00 0 
7f3f4eb96000-7f3f50000000 ---p 00000000 00:00 0 
7f3f50000000-7f3f50021000 rw-p 00000000 00:00 0 
7f3f50021000-7f3f54000000 ---p 00000000 00:00 0 
7f3f54000000-7f3f54021000 rw-p 00000000 00:00 0 
7f3f54021000-7f3f58000000 ---p 00000000 00:00 0 
7f3f58000000-7f3f5a00d000 rw-p 00000000 00:00 0 
7f3f5a00d000-7f3f5c000000 ---p 00000000 00:00 0 
7f3f5c000000-7f3f5cedc000 rw-p 00000000 00:00 0 
7f3f5cedc000-7f3f60000000 ---p 00000000 00:00 0 
7f3f60000000-7f3f62105000 rw-p 00000000 00:00 0 
7f3f62105000-7f3f64000000 ---p 00000000 00:00 0 
7f3f64000000-7f3f64001000 r--s 00005000 fd:01 1982933                    /home/leandro/.gradle/caches/modules-2/files-2.1/com.android.tools/dvlib/23.0.2/e37720cb9d7e2775a4b8b22b12bbb4bb9187c8bf/dvlib-23.0.2.jar
7f3f64001000-7f3f64004000 r--s 00010000 fd:01 2137291                    /home/leandro/.gradle/caches/modules-2/files-2.1/com.android.tools.layoutlib/layoutlib-api/23.0.2/d97fb910dafd7b29bdff95296dcd2649fadef02e/layoutlib-api-23.0.2.jar
7f3f64004000-7f3f64005000 r--s 0000a000 fd:01 2137290                    /home/leandro/.gradle/caches/modules-2/files-2.1/net.sf.kxml/kxml2/2.3.0/ccbc77a5fd907ef863c29f3596c6f54ffa4e9442/kxml2-2.3.0.jar
7f3f64005000-7f3f64006000 r--s 00004000 fd:01 2137289                    /home/leandro/.gradle/caches/modules-2/files-2.1/org.ow2.asm/asm-analysis/4.0/1c45d52b6f6c638db13cf3ac12adeb56b254cdd7/asm-analysis-4.0.jar
7f3f64006000-7f3f64009000 r--s 00027000 fd:01 2137288                    /home/leandro/.gradle/caches/modules-2/files-2.1/com.android.tools.lint/lint-api/23.0.2/9660c0f32f9308dd2ac998f4928cebcd4095b27/lint-api-23.0.2.jar
7f3f64009000-7f3f64017000 r--s 00081000 fd:01 2137287                    /home/leandro/.gradle/caches/modules-2/files-2.1/org.bouncycastle/bcpkix-jdk15on/1.48/28b7614b908a47844bb27e3c94b45b6893656265/bcpkix-jdk15on-1.48.jar
7f3f64017000-7f3f64019000 r--s 00002000 fd:01 2137286                    /home/leandro/.gradle/caches/modules-2/files-2.1/com.squareup/javawriter/2.5.0/81241ff7078ef14f42ea2a8995fa09c096256e6b/javawriter-2.5.0.jar
7f3f64019000-7f3f6401a000 r--s 00000000 fd:01 2137285                    /home/leandro/.gradle/caches/modules-2/files-2.1/com.android.tools.build/builder-test-api/0.12.2/a7f31faaee3de23ba810c109abc1658715f4416d/builder-test-api-0.12.2.jar
7f3f6401a000-7f3f6401d000 r--s 00012000 fd:01 1982931                    /home/leandro/.gradle/caches/modules-2/files-2.1/com.android.tools/common/23.0.2/4d5ff345915e0af52765039b75adce89fae798af/common-23.0.2.jar
7f3f6401d000-7f3f64027000 r--s 000a4000 fd:01 1982929                    /home/leandro/.gradle/caches/modules-2/files-2.1/com.android.tools/sdklib/23.0.2/74dc50f859e787a548641d613a04ce2a7cf48bee/sdklib-23.0.2.jar
7f3f64027000-7f3f6402a000 r--s 00028000 fd:01 2137284                    /home/leandro/.gradle/caches/modules-2/files-2.1/com.android.tools.build/manifest-merger/23.0.2/93c8f86db4a5ad8e8f034c672b85594326268a9c/manifest-merger-23.0.2.jar
7f3f6402a000-7f3f6402f000 r--s 0003d000 fd:01 2137283                    /home/leandro/.gradle/caches/modules-2/files-2.1/com.android.tools.ddms/ddmlib/23.0.2/3e454a33c6790eb497c725f346cd2b80cb67ff6d/ddmlib-23.0.2.jar
7f3f6402f000-7f3f64031000 r--s 00003000 fd:01 2137282                    /home/leandro/.gradle/caches/modules-2/files-2.1/com.android.tools.build/builder-model/0.12.2/ea4eff69bb86efd0e6b2055ba0b3314779033be6/builder-model-0.12.2.jar
7f3f64031000-7f3f64036000 r--s 00044000 fd:01 1982927                    /home/leandro/.gradle/caches/modules-2/files-2.1/com.android.tools/sdk-common/23.0.2/ec49e38e6c2ae9d7003f7836fe865b39aeba77fe/sdk-common-23.0.2.jar
7f3f64036000-7f3f6403c000 r--s 00087000 fd:01 2137281                    /home/leandro/.gradle/caches/modules-2/files-2.1/com.android.tools.lint/lint-checks/23.0.2/e6fe7bac82c4845d3e69e0dd54b1801a91568ffd/lint-checks-23.0.2.jar
7f3f6403c000-7f3f6404b000 r--s 001a9000 fd:01 2137280                    /home/leandro/.gradle/caches/modules-2/files-2.1/org.eclipse.jdt.core.compiler/ecj/4.2.2/d9fd79499c664bccaf24dbe04be417de6c6af64a/ecj-4.2.2.jar
7f3f6404b000-7f3f6405b000 r--s 000c5000 fd:01 2137279                    /home/leandro/.gradle/caches/modules-2/files-2.1/net.sf.proguard/proguard-base/4.11/76730af417bb42da22b16e49f49e67863382b9bd/proguard-base-4.11.jar
7f3f6405b000-7f3f6405e000 r--s 0002a000 fd:01 2137278                    /home/leandro/.gradle/caches/modules-2/files-2.1/com.android.tools.build/builder/0.12.2/3673e1c415b054caccc3231dcdff959cfcb315f6/builder-0.12.2.jar
7f3f6405e000-7f3f64060000 r--s 00016000 fd:01 2137277                    /home/leandro/.gradle/caches/modules-2/files-2.1/com.android.tools.lint/lint/23.0.2/e247d675952dd9f24f6b064bac3d7d1639d0043e/lint-23.0.2.jar
7f3f64060000-7f3f64061000 r--s 00002000 fd:01 2137276                    /home/leandro/.gradle/caches/modules-2/files-2.1/net.sf.proguard/proguard-gradle/4.11/da875d4b67a8be6c770b11d894434843714ac69d/proguard-gradle-4.11.jar
7f3f64061000-7f3f6406e000 r--s 0010b000 fd:01 2137275                    /home/leandro/.gradle/caches/modules-2/files-2.1/com.android.tools.build/gradle/0.12.2/786baefe9fc55777558acbba1bc1d9c6ec0925a8/gradle-0.12.2.jar
7f3f6406e000-7f3f6426e000 rw-p 00000000 00:00 0 
7f3f6426e000-7f3f64271000 ---p 00000000 00:00 0 
7f3f64271000-7f3f642a7000 rw-p 00000000 00:00 0 
7f3f642a7000-7f3f642a8000 r--p 00000000 00:00 0 
7f3f642a8000-7f3f644a8000 rw-p 00000000 00:00 0 
7f3f644a8000-7f3f646a8000 rw-p 00000000 00:00 0 
7f3f646a8000-7f3f64720000 r--s 010d1000 fd:01 1716655                    /usr/java/jdk1.8.0_20/lib/tools.jar
7f3f64720000-7f3f64723000 ---p 00000000 00:00 0 
7f3f64723000-7f3f64a21000 rw-p 00000000 00:00 0                          [stack:18801]
7f3f64a21000-7f3f64a24000 ---p 00000000 00:00 0 
7f3f64a24000-7f3f64b22000 rw-p 00000000 00:00 0                          [stack:18800]
7f3f64b22000-7f3f64b25000 ---p 00000000 00:00 0 
7f3f64b25000-7f3f64c23000 rw-p 00000000 00:00 0                          [stack:18799]
7f3f64c23000-7f3f64c26000 ---p 00000000 00:00 0 
7f3f64c26000-7f3f64d24000 rw-p 00000000 00:00 0                          [stack:13158]
7f3f64d24000-7f3f64d35000 r-xp 00000000 fd:01 1585177                    /usr/java/jdk1.8.0_20/jre/lib/amd64/libnio.so
7f3f64d35000-7f3f64f34000 ---p 00011000 fd:01 1585177                    /usr/java/jdk1.8.0_20/jre/lib/amd64/libnio.so
7f3f64f34000-7f3f64f35000 rw-p 00010000 fd:01 1585177                    /usr/java/jdk1.8.0_20/jre/lib/amd64/libnio.so
7f3f64f35000-7f3f64f4b000 r-xp 00000000 fd:01 1585176                    /usr/java/jdk1.8.0_20/jre/lib/amd64/libnet.so
7f3f64f4b000-7f3f6514b000 ---p 00016000 fd:01 1585176                    /usr/java/jdk1.8.0_20/jre/lib/amd64/libnet.so
7f3f6514b000-7f3f6514c000 rw-p 00016000 fd:01 1585176                    /usr/java/jdk1.8.0_20/jre/lib/amd64/libnet.so
7f3f6514c000-7f3f65150000 r-xp 00000000 00:21 2078997                    /tmp/native-platform7951296046388763337dir/libnative-platform.so
7f3f65150000-7f3f6534f000 ---p 00004000 00:21 2078997                    /tmp/native-platform7951296046388763337dir/libnative-platform.so
7f3f6534f000-7f3f65350000 rw-p 00003000 00:21 2078997                    /tmp/native-platform7951296046388763337dir/libnative-platform.so
7f3f65350000-7f3f65354000 r--s 00092000 fd:01 1585401                    /usr/java/jdk1.8.0_20/jre/lib/jsse.jar
7f3f65354000-7f3f65356000 r--s 00003000 fd:01 138656                     /home/leandro/.gradle/wrapper/dists/gradle-1.12-all/2apkk7d25miauqf1pdjp1bm0uo/gradle-1.12/lib/plugins/gradle-language-base-1.12.jar
7f3f65356000-7f3f65357000 r--s 00004000 fd:01 138655                     /home/leandro/.gradle/wrapper/dists/gradle-1.12-all/2apkk7d25miauqf1pdjp1bm0uo/gradle-1.12/lib/plugins/gradle-language-jvm-1.12.jar
7f3f65357000-7f3f6535c000 r--s 00029000 fd:01 138654                     /home/leandro/.gradle/wrapper/dists/gradle-1.12-all/2apkk7d25miauqf1pdjp1bm0uo/gradle-1.12/lib/plugins/gradle-build-init-1.12.jar
7f3f6535c000-7f3f6535f000 r--s 0001f000 fd:01 138653                     /home/leandro/.gradle/wrapper/dists/gradle-1.12-all/2apkk7d25miauqf1pdjp1bm0uo/gradle-1.12/lib/plugins/gradle-jacoco-1.12.jar
7f3f6535f000-7f3f65362000 r--s 0000c000 fd:01 138652                     /home/leandro/.gradle/wrapper/dists/gradle-1.12-all/2apkk7d25miauqf1pdjp1bm0uo/gradle-1.12/lib/plugins/gradle-ivy-1.12.jar
7f3f65362000-7f3f65364000 r--s 00002000 fd:01 138651                     /home/leandro/.gradle/wrapper/dists/gradle-1.12-all/2apkk7d25miauqf1pdjp1bm0uo/gradle-1.12/lib/plugins/gradle-publish-1.12.jar
7f3f65364000-7f3f65366000 r--s 00005000 fd:01 138681                     /home/leandro/.gradle/wrapper/dists/gradle-1.12-all/2apkk7d25miauqf1pdjp1bm0uo/gradle-1.12/lib/plugins/jatl-0.2.2.jar
7f3f65366000-7f3f65368000 r--s 00007000 fd:01 138650                     /home/leandro/.gradle/wrapper/dists/gradle-1.12-all/2apkk7d25miauqf1pdjp1bm0uo/gradle-1.12/lib/plugins/gradle-reporting-1.12.jar
7f3f65368000-7f3f6536d000 r--s 0003c000 fd:01 138649                     /home/leandro/.gradle/wrapper/dists/gradle-1.12-all/2apkk7d25miauqf1pdjp1bm0uo/gradle-1.12/lib/plugins/gradle-diagnostics-1.12.jar
7f3f6536d000-7f3f65374000 r--s 00094000 fd:01 138648                     /home/leandro/.gradle/wrapper/dists/gradle-1.12-all/2apkk7d25miauqf1pdjp1bm0uo/gradle-1.12/lib/plugins/gradle-build-comparison-1.12.jar
7f3f65374000-7f3f6537b000 r--s 00035000 fd:01 138680                     /home/leandro/.gradle/wrapper/dists/gradle-1.12-all/2apkk7d25miauqf1pdjp1bm0uo/gradle-1.12/lib/plugins/simple-4.1.21.jar
7f3f6537b000-7f3f65380000 r--s 0002a000 fd:01 138679                     /home/leandro/.gradle/wrapper/dists/gradle-1.12-all/2apkk7d25miauqf1pdjp1bm0uo/gradle-1.12/lib/plugins/gson-2.2.4.jar
7f3f65380000-7f3f6538c000 r--s 00100000 fd:01 138678                     /home/leandro/.gradle/wrapper/dists/gradle-1.12-all/2apkk7d25miauqf1pdjp1bm0uo/gradle-1.12/lib/plugins/rhino-1.7R3.jar
7f3f6538c000-7f3f65391000 r--s 00021000 fd:01 138647                     /home/leandro/.gradle/wrapper/dists/gradle-1.12-all/2apkk7d25miauqf1pdjp1bm0uo/gradle-1.12/lib/plugins/gradle-javascript-1.12.jar
7f3f65391000-7f3f65393000 r--s 0000f000 fd:01 138646                     /home/leandro/.gradle/wrapper/dists/gradle-1.12-all/2apkk7d25miauqf1pdjp1bm0uo/gradle-1.12/lib/plugins/gradle-ear-1.12.jar
7f3f65393000-7f3f653a9000 r--s 000de000 fd:01 138645                     /home/leandro/.gradle/wrapper/dists/gradle-1.12-all/2apkk7d25miauqf1pdjp1bm0uo/gradle-1.12/lib/plugins/gradle-cpp-1.12.jar
7f3f653a9000-7f3f653d1000 r--s 00194000 fd:01 138690                     /home/leandro/.gradle/wrapper/dists/gradle-1.12-all/2apkk7d25miauqf1pdjp1bm0uo/gradle-1.12/lib/plugins/bcprov-jdk15-1.46.jar
7f3f653d1000-7f3f653d5000 r--s 00025000 fd:01 138677                     /home/leandro/.gradle/wrapper/dists/gradle-1.12-all/2apkk7d25miauqf1pdjp1bm0uo/gradle-1.12/lib/plugins/bcpg-jdk15-1.46.jar
7f3f653d5000-7f3f653d8000 r--s 00021000 fd:01 138644                     /home/leandro/.gradle/wrapper/dists/gradle-1.12-all/2apkk7d25miauqf1pdjp1bm0uo/gradle-1.12/lib/plugins/gradle-signing-1.12.jar
7f3f653d8000-7f3f653d9000 r--s 00002000 fd:01 138676                     /home/leandro/.gradle/wrapper/dists/gradle-1.12-all/2apkk7d25miauqf1pdjp1bm0uo/gradle-1.12/lib/plugins/sonar-batch-bootstrapper-2.9.jar
7f3f653d9000-7f3f653da000 r--s 00007000 fd:01 138675                     /home/leandro/.gradle/wrapper/dists/gradle-1.12-all/2apkk7d25miauqf1pdjp1bm0uo/gradle-1.12/lib/plugins/sonar-runner-2.0.jar
7f3f653da000-7f3f653dd000 r--s 00022000 fd:01 138643                     /home/leandro/.gradle/wrapper/dists/gradle-1.12-all/2apkk7d25miauqf1pdjp1bm0uo/gradle-1.12/lib/plugins/gradle-sonar-1.12.jar
7f3f653dd000-7f3f653e0000 r--s 0001c000 fd:01 138642                     /home/leandro/.gradle/wrapper/dists/gradle-1.12-all/2apkk7d25miauqf1pdjp1bm0uo/gradle-1.12/lib/plugins/gradle-scala-1.12.jar
7f3f653e0000-7f3f653e2000 r--s 0000f000 fd:01 138641                     /home/leandro/.gradle/wrapper/dists/gradle-1.12-all/2apkk7d25miauqf1pdjp1bm0uo/gradle-1.12/lib/plugins/gradle-announce-1.12.jar
7f3f653e2000-7f3f653ef000 r--s 000cf000 fd:01 138640                     /home/leandro/.gradle/wrapper/dists/gradle-1.12-all/2apkk7d25miauqf1pdjp1bm0uo/gradle-1.12/lib/plugins/gradle-ide-1.12.jar
7f3f653ef000-7f3f653f1000 r--s 00000000 fd:01 138674                     /home/leandro/.gradle/wrapper/dists/gradle-1.12-all/2apkk7d25miauqf1pdjp1bm0uo/gradle-1.12/lib/plugins/plexus-component-annotations-1.5.2.jar
7f3f653f1000-7f3f653f4000 r--s 0000c000 fd:01 138673                     /home/leandro/.gradle/wrapper/dists/gradle-1.12-all/2apkk7d25miauqf1pdjp1bm0uo/gradle-1.12/lib/plugins/pmaven-groovy-0.8-20100325.jar
7f3f653f4000-7f3f653f5000 r--s 00004000 fd:01 138672                     /home/leandro/.gradle/wrapper/dists/gradle-1.12-all/2apkk7d25miauqf1pdjp1bm0uo/gradle-1.12/lib/plugins/pmaven-common-0.8-20100325.jar
7f3f653f5000-7f3f653fa000 r--s 0001d000 fd:01 138639                     /home/leandro/.gradle/wrapper/dists/gradle-1.12-all/2apkk7d25miauqf1pdjp1bm0uo/gradle-1.12/lib/plugins/gradle-maven-1.12.jar
7f3f653fa000-7f3f65412000 r--s 0013b000 fd:01 138670                     /home/leandro/.gradle/wrapper/dists/gradle-1.12-all/2apkk7d25miauqf1pdjp1bm0uo/gradle-1.12/lib/plugins/bndlib-2.1.0.jar
7f3f65412000-7f3f65413000 r--s 00005000 fd:01 138638                     /home/leandro/.gradle/wrapper/dists/gradle-1.12-all/2apkk7d25miauqf1pdjp1bm0uo/gradle-1.12/lib/plugins/gradle-osgi-1.12.jar
7f3f65413000-7f3f65418000 r--s 00068000 fd:01 138669                     /home/leandro/.gradle/wrapper/dists/gradle-1.12-all/2apkk7d25miauqf1pdjp1bm0uo/gradle-1.12/lib/plugins/antlr-2.7.7.jar
7f3f65418000-7f3f65419000 r--s 00002000 fd:01 138668                     /home/leandro/.gradle/wrapper/dists/gradle-1.12-all/2apkk7d25miauqf1pdjp1bm0uo/gradle-1.12/lib/plugins/ant-antlr-1.9.3.jar
7f3f65419000-7f3f6541b000 r--s 00004000 fd:01 138637                     /home/leandro/.gradle/wrapper/dists/gradle-1.12-all/2apkk7d25miauqf1pdjp1bm0uo/gradle-1.12/lib/plugins/gradle-antlr-1.12.jar
7f3f6541b000-7f3f6541e000 r--s 0001e000 fd:01 138689                     /home/leandro/.gradle/wrapper/dists/gradle-1.12-all/2apkk7d25miauqf1pdjp1bm0uo/gradle-1.12/lib/plugins/jsp-api-2.1-6.1.14.jar
7f3f6541e000-7f3f65441000 r--s 00344000 fd:01 138688                     /home/leandro/.gradle/wrapper/dists/gradle-1.12-all/2apkk7d25miauqf1pdjp1bm0uo/gradle-1.12/lib/plugins/core-3.1.1.jar
7f3f65441000-7f3f65442000 r--s 00006000 fd:01 138687                     /home/leandro/.gradle/wrapper/dists/gradle-1.12-all/2apkk7d25miauqf1pdjp1bm0uo/gradle-1.12/lib/plugins/jetty-naming-6.1.25.jar
7f3f65442000-7f3f65443000 r--s 00002000 fd:01 138667                     /home/leandro/.gradle/wrapper/dists/gradle-1.12-all/2apkk7d25miauqf1pdjp1bm0uo/gradle-1.12/lib/plugins/geronimo-annotation_1.0_spec-1.0.jar
7f3f65443000-7f3f65445000 r--s 00002000 fd:01 138666                     /home/leandro/.gradle/wrapper/dists/gradle-1.12-all/2apkk7d25miauqf1pdjp1bm0uo/gradle-1.12/lib/plugins/jetty-annotations-6.1.25.jar
7f3f65445000-7f3f65456000 r--s 000ea000 fd:01 138665                     /home/leandro/.gradle/wrapper/dists/gradle-1.12-all/2apkk7d25miauqf1pdjp1bm0uo/gradle-1.12/lib/plugins/jsp-2.1-6.1.14.jar
7f3f65456000-7f3f65458000 r--s 0000d000 fd:01 138664                     /home/leandro/.gradle/wrapper/dists/gradle-1.12-all/2apkk7d25miauqf1pdjp1bm0uo/gradle-1.12/lib/plugins/jetty-plus-6.1.25.jar
7f3f65458000-7f3f6545a000 r--s 0001f000 fd:01 138663                     /home/leandro/.gradle/wrapper/dists/gradle-1.12-all/2apkk7d25miauqf1pdjp1bm0uo/gradle-1.12/lib/plugins/servlet-api-2.5-20081211.jar
7f3f6545a000-7f3f6545e000 r--s 00028000 fd:01 138662                     /home/leandro/.gradle/wrapper/dists/gradle-1.12-all/2apkk7d25miauqf1pdjp1bm0uo/gradle-1.12/lib/plugins/jetty-util-6.1.25.jar
7f3f6545e000-7f3f65465000 r--s 0007d000 fd:01 138661                     /home/leandro/.gradle/wrapper/dists/gradle-1.12-all/2apkk7d25miauqf1pdjp1bm0uo/gradle-1.12/lib/plugins/jetty-6.1.25.jar
7f3f65465000-7f3f65467000 r--s 00009000 fd:01 138636                     /home/leandro/.gradle/wrapper/dists/gradle-1.12-all/2apkk7d25miauqf1pdjp1bm0uo/gradle-1.12/lib/plugins/gradle-jetty-1.12.jar
7f3f65467000-7f3f6546d000 r--s 0004c000 fd:01 138635                     /home/leandro/.gradle/wrapper/dists/gradle-1.12-all/2apkk7d25miauqf1pdjp1bm0uo/gradle-1.12/lib/plugins/gradle-code-quality-1.12.jar
7f3f6546d000-7f3f6546f000 r--s 00009000 fd:01 138693                     /home/leandro/.gradle/wrapper/dists/gradle-1.12-all/2apkk7d25miauqf1pdjp1bm0uo/gradle-1.12/lib/plugins/hamcrest-core-1.3.jar
7f3f6546f000-7f3f65475000 r--s 00033000 fd:01 138686                     /home/leandro/.gradle/wrapper/dists/gradle-1.12-all/2apkk7d25miauqf1pdjp1bm0uo/gradle-1.12/lib/plugins/snakeyaml-1.6.jar
7f3f65475000-7f3f65477000 r--s 00006000 fd:01 138685                     /home/leandro/.gradle/wrapper/dists/gradle-1.12-all/2apkk7d25miauqf1pdjp1bm0uo/gradle-1.12/lib/plugins/jcommander-1.12.jar
7f3f65477000-7f3f6547c000 r--s 00040000 fd:01 138684                     /home/leandro/.gradle/wrapper/dists/gradle-1.12-all/2apkk7d25miauqf1pdjp1bm0uo/gradle-1.12/lib/plugins/bsh-2.0b4.jar
7f3f6547c000-7f3f6547e000 r--s 00009000 fd:01 138660                     /home/leandro/.gradle/wrapper/dists/gradle-1.12-all/2apkk7d25miauqf1pdjp1bm0uo/gradle-1.12/lib/plugins/commons-cli-1.2.jar
7f3f6547e000-7f3f65487000 r--s 00089000 fd:01 138659                     /home/leandro/.gradle/wrapper/dists/gradle-1.12-all/2apkk7d25miauqf1pdjp1bm0uo/gradle-1.12/lib/plugins/testng-6.3.1.jar
7f3f65487000-7f3f6548d000 r--s 00036000 fd:01 138658                     /home/leandro/.gradle/wrapper/dists/gradle-1.12-all/2apkk7d25miauqf1pdjp1bm0uo/gradle-1.12/lib/plugins/junit-4.11.jar
7f3f6548d000-7f3f6549f000 r--s 000b4000 fd:01 138634                     /home/leandro/.gradle/wrapper/dists/gradle-1.12-all/2apkk7d25miauqf1pdjp1bm0uo/gradle-1.12/lib/plugins/gradle-plugins-1.12.jar
7f3f6549f000-7f3f654b7000 r--s 00115000 fd:01 138691                     /home/leandro/.gradle/wrapper/dists/gradle-1.12-all/2apkk7d25miauqf1pdjp1bm0uo/gradle-1.12/lib/plugins/xercesImpl-2.9.1.jar
7f3f654b7000-7f3f654bf000 r--s 00028000 fd:01 138692                     /home/leandro/.gradle/wrapper/dists/gradle-1.12-all/2apkk7d25miauqf1pdjp1bm0uo/gradle-1.12/lib/plugins/xml-apis-1.3.04.jar
7f3f654bf000-7f3f654c3000 r--s 0001d000 fd:01 138683                     /home/leandro/.gradle/wrapper/dists/gradle-1.12-all/2apkk7d25miauqf1pdjp1bm0uo/gradle-1.12/lib/plugins/xbean-reflect-3.4.jar
7f3f654c3000-7f3f654c6000 r--s 0001c000 fd:01 138682                     /home/leandro/.gradle/wrapper/dists/gradle-1.12-all/2apkk7d25miauqf1pdjp1bm0uo/gradle-1.12/lib/plugins/nekohtml-1.9.14.jar
7f3f654c6000-7f3f654df000 r--s 00129000 fd:01 138671                     /home/leandro/.gradle/wrapper/dists/gradle-1.12-all/2apkk7d25miauqf1pdjp1bm0uo/gradle-1.12/lib/plugins/maven-ant-tasks-2.1.3.jar
7f3f654df000-7f3f654e3000 r--s 0001e000 fd:01 138633                     /home/leandro/.gradle/wrapper/dists/gradle-1.12-all/2apkk7d25miauqf1pdjp1bm0uo/gradle-1.12/lib/plugins/jarjar-aether-impl-1.13.1.jar
7f3f654e3000-7f3f654e6000 r--s 00027000 fd:01 138632                     /home/leandro/.gradle/wrapper/dists/gradle-1.12-all/2apkk7d25miauqf1pdjp1bm0uo/gradle-1.12/lib/plugins/jarjar-maven-model-3.0.4.jar
7f3f654e6000-7f3f654e9000 r--s 0000b000 fd:01 138631                     /home/leandro/.gradle/wrapper/dists/gradle-1.12-all/2apkk7d25miauqf1pdjp1bm0uo/gradle-1.12/lib/plugins/jarjar-maven-artifact-3.0.4.jar
7f3f654e9000-7f3f654ed000 r--s 0001e000 fd:01 138630                     /home/leandro/.gradle/wrapper/dists/gradle-1.12-all/2apkk7d25miauqf1pdjp1bm0uo/gradle-1.12/lib/plugins/jarjar-aether-util-1.13.1.jar
7f3f654ed000-7f3f654ef000 r--s 00007000 fd:01 138629                     /home/leandro/.gradle/wrapper/dists/gradle-1.12-all/2apkk7d25miauqf1pdjp1bm0uo/gradle-1.12/lib/plugins/jarjar-wagon-http-shared4-2.4.jar
7f3f654ef000-7f3f654fc000 r--s 00083000 fd:01 138628                     /home/leandro/.gradle/wrapper/dists/gradle-1.12-all/2apkk7d25miauqf1pdjp1bm0uo/gradle-1.12/lib/plugins/jarjar-maven-core-3.0.4.jar
7f3f654fc000-7f3f654fe000 r--s 00003000 fd:01 138627                     /home/leandro/.gradle/wrapper/dists/gradle-1.12-all/2apkk7d25miauqf1pdjp1bm0uo/gradle-1.12/lib/plugins/jarjar-aether-spi-1.13.1.jar
7f3f654fe000-7f3f65500000 r--s 00009000 fd:01 138626                     /home/leandro/.gradle/wrapper/dists/gradle-1.12-all/2apkk7d25miauqf1pdjp1bm0uo/gradle-1.12/lib/plugins/jarjar-maven-settings-builder-3.0.4.jar
7f3f65500000-7f3f65504000 r--s 00014000 fd:01 138625                     /home/leandro/.gradle/wrapper/dists/gradle-1.12-all/2apkk7d25miauqf1pdjp1bm0uo/gradle-1.12/lib/plugins/jarjar-aether-api-1.13.1.jar
7f3f65504000-7f3f65505000 r--s 00002000 fd:01 138624                     /home/leandro/.gradle/wrapper/dists/gradle-1.12-all/2apkk7d25miauqf1pdjp1bm0uo/gradle-1.12/lib/plugins/jarjar-wagon-http-2.4.jar
7f3f65505000-7f3f6550c000 r--s 00042000 fd:01 138623                     /home/leandro/.gradle/wrapper/dists/gradle-1.12-all/2apkk7d25miauqf1pdjp1bm0uo/gradle-1.12/lib/plugins/jarjar-maven-compat-3.0.4.jar
7f3f6550c000-7f3f6550e000 r--s 00006000 fd:01 138621                     /home/leandro/.gradle/wrapper/dists/gradle-1.12-all/2apkk7d25miauqf1pdjp1bm0uo/gradle-1.12/lib/plugins/jarjar-aether-connector-wagon-1.13.1.jar
7f3f6550e000-7f3f65510000 r--s 00000000 fd:01 138620                     /home/leandro/.gradle/wrapper/dists/gradle-1.12-all/2apkk7d25miauqf1pdjp1bm0uo/gradle-1.12/lib/plugins/jarjar-plexus-component-annotations-1.5.5.jar
7f3f65510000-7f3f65512000 r--s 00006000 fd:01 138619                     /home/leandro/.gradle/wrapper/dists/gradle-1.12-all/2apkk7d25miauqf1pdjp1bm0uo/gradle-1.12/lib/plugins/jarjar-plexus-sec-dispatcher-1.3.jar
7f3f65512000-7f3f65517000 r--s 00022000 fd:01 138618                     /home/leandro/.gradle/wrapper/dists/gradle-1.12-all/2apkk7d25miauqf1pdjp1bm0uo/gradle-1.12/lib/plugins/jarjar-maven-model-builder-3.0.4.jar
7f3f65517000-7f3f65519000 r--s 0000b000 fd:01 138614                     /home/leandro/.gradle/wrapper/dists/gradle-1.12-all/2apkk7d25miauqf1pdjp1bm0uo/gradle-1.12/lib/plugins/jarjar-maven-plugin-api-3.0.4.jar
7f3f65519000-7f3f6551c000 r--s 0000a000 fd:01 135121                     /home/leandro/.gradle/wrapper/dists/gradle-1.12-all/2apkk7d25miauqf1pdjp1bm0uo/gradle-1.12/lib/plugins/jarjar-plexus-classworlds-2.4.jar
7f3f6551c000-7f3f65520000 r--s 00035000 fd:01 135120                     /home/leandro/.gradle/wrapper/dists/gradle-1.12-all/2apkk7d25miauqf1pdjp1bm0uo/gradle-1.12/lib/plugins/jarjar-plexus-utils-2.0.6.jar
7f3f65520000-7f3f65522000 r--s 0000e000 fd:01 135119                     /home/leandro/.gradle/wrapper/dists/gradle-1.12-all/2apkk7d25miauqf1pdjp1bm0uo/gradle-1.12/lib/plugins/jarjar-plexus-interpolation-1.14.jar
7f3f65522000-7f3f65524000 r--s 00002000 fd:01 135109                     /home/leandro/.gradle/wrapper/dists/gradle-1.12-all/2apkk7d25miauqf1pdjp1bm0uo/gradle-1.12/lib/plugins/jarjar-plexus-cipher-1.7.jar
7f3f65524000-7f3f65526000 r--s 0000c000 fd:01 135108                     /home/leandro/.gradle/wrapper/dists/gradle-1.12-all/2apkk7d25miauqf1pdjp1bm0uo/gradle-1.12/lib/plugins/jarjar-wagon-provider-api-2.4.jar
7f3f65526000-7f3f65528000 r--s 0000d000 fd:01 135107                     /home/leandro/.gradle/wrapper/dists/gradle-1.12-all/2apkk7d25miauqf1pdjp1bm0uo/gradle-1.12/lib/plugins/jarjar-maven-aether-provider-3.0.4.jar
7f3f65528000-7f3f65530000 r--s 00031000 fd:01 135081                     /home/leandro/.gradle/wrapper/dists/gradle-1.12-all/2apkk7d25miauqf1pdjp1bm0uo/gradle-1.12/lib/plugins/jarjar-plexus-container-default-1.5.5.jar
7f3f65530000-7f3f65531000 r--s 00007000 fd:01 135080                     /home/leandro/.gradle/wrapper/dists/gradle-1.12-all/2apkk7d25miauqf1pdjp1bm0uo/gradle-1.12/lib/plugins/jarjar-maven-repository-metadata-3.0.4.jar
7f3f65531000-7f3f65532000 r--s 0000b000 fd:01 135079                     /home/leandro/.gradle/wrapper/dists/gradle-1.12-all/2apkk7d25miauqf1pdjp1bm0uo/gradle-1.12/lib/plugins/jarjar-maven-settings-3.0.4.jar
7f3f65532000-7f3f6554a000 r--s 000b2000 fd:01 138657                     /home/leandro/.gradle/wrapper/dists/gradle-1.12-all/2apkk7d25miauqf1pdjp1bm0uo/gradle-1.12/lib/plugins/gradle-core-impl-1.12.jar
7f3f6554a000-7f3f65551000 r--s 00000000 fd:01 1711631                    /usr/lib64/gconv/gconv-modules.cache
7f3f65551000-7f3f65576000 r--p 00000000 fd:01 2361661                    /usr/share/locale/es/LC_MESSAGES/libc.mo
7f3f65576000-7f3f65577000 r--s 00005000 fd:01 132037                     /home/leandro/.gradle/wrapper/dists/gradle-1.12-all/2apkk7d25miauqf1pdjp1bm0uo/gradle-1.12/lib/gradle-wrapper-1.12.jar
7f3f65577000-7f3f6557f000 r--s 0002a000 fd:01 132044                     /home/leandro/.gradle/wrapper/dists/gradle-1.12-all/2apkk7d25miauqf1pdjp1bm0uo/gradle-1.12/lib/gradle-tooling-api-1.12.jar
7f3f6557f000-7f3f65581000 r--s 00005000 fd:01 132089                     /home/leandro/.gradle/wrapper/dists/gradle-1.12-all/2apkk7d25miauqf1pdjp1bm0uo/gradle-1.12/lib/gradle-open-api-1.12.jar
7f3f65581000-7f3f65587000 r--s 00032000 fd:01 132092                     /home/leandro/.gradle/wrapper/dists/gradle-1.12-all/2apkk7d25miauqf1pdjp1bm0uo/gradle-1.12/lib/jaxen-1.1.jar
7f3f65587000-7f3f6558c000 r--s 00048000 fd:01 132090                     /home/leandro/.gradle/wrapper/dists/gradle-1.12-all/2apkk7d25miauqf1pdjp1bm0uo/gradle-1.12/lib/dom4j-1.6.1.jar
7f3f6558c000-7f3f65597000 r--s 0005b000 fd:01 132042                     /home/leandro/.gradle/wrapper/dists/gradle-1.12-all/2apkk7d25miauqf1pdjp1bm0uo/gradle-1.12/lib/gradle-ui-1.12.jar
7f3f65597000-7f3f65599000 r--s 00007000 fd:01 134740                     /home/leandro/.gradle/wrapper/dists/gradle-1.12-all/2apkk7d25miauqf1pdjp1bm0uo/gradle-1.12/lib/objenesis-1.2.jar
7f3f65599000-7f3f6559b000 r--s 00000000 fd:01 134739                     /home/leandro/.gradle/wrapper/dists/gradle-1.12-all/2apkk7d25miauqf1pdjp1bm0uo/gradle-1.12/lib/minlog-1.2.jar
7f3f6559b000-7f3f6559d000 r--s 0000f000 fd:01 134738                     /home/leandro/.gradle/wrapper/dists/gradle-1.12-all/2apkk7d25miauqf1pdjp1bm0uo/gradle-1.12/lib/reflectasm-1.07-shaded.jar
7f3f6559d000-7f3f6559f000 r--s 0000a000 fd:01 134899                     /home/leandro/.gradle/wrapper/dists/gradle-1.12-all/2apkk7d25miauqf1pdjp1bm0uo/gradle-1.12/lib/asm-4.0.jar
7f3f6559f000-7f3f655a3000 r--s 00026000 fd:01 132108                     /home/leandro/.gradle/wrapper/dists/gradle-1.12-all/2apkk7d25miauqf1pdjp1bm0uo/gradle-1.12/lib/kryo-2.20.jar
7f3f655a3000-7f3f655ab000 r--s 00037000 fd:01 132084                     /home/leandro/.gradle/wrapper/dists/gradle-1.12-all/2apkk7d25miauqf1pdjp1bm0uo/gradle-1.12/lib/gradle-messaging-1.12.jar
7f3f655ab000-7f3f655ac000 r--s 00003000 fd:01 134735                     /home/leandro/.gradle/wrapper/dists/gradle-1.12-all/2apkk7d25miauqf1pdjp1bm0uo/gradle-1.12/lib/native-platform-freebsd-amd64-0.10.jar
7f3f655ac000-7f3f655ad000 r--s 00003000 fd:01 134734                     /home/leandro/.gradle/wrapper/dists/gradle-1.12-all/2apkk7d25miauqf1pdjp1bm0uo/gradle-1.12/lib/native-platform-freebsd-i386-0.10.jar
7f3f655ad000-7f3f655ae000 r--s 00005000 fd:01 134733                     /home/leandro/.gradle/wrapper/dists/gradle-1.12-all/2apkk7d25miauqf1pdjp1bm0uo/gradle-1.12/lib/native-platform-windows-i386-0.10.jar
7f3f655ae000-7f3f655af000 r--s 00005000 fd:01 132197                     /home/leandro/.gradle/wrapper/dists/gradle-1.12-all/2apkk7d25miauqf1pdjp1bm0uo/gradle-1.12/lib/native-platform-windows-amd64-0.10.jar
7f3f655af000-7f3f655b0000 r--s 00003000 fd:01 132196                     /home/leandro/.gradle/wrapper/dists/gradle-1.12-all/2apkk7d25miauqf1pdjp1bm0uo/gradle-1.12/lib/native-platform-linux-i386-0.10.jar
7f3f655b0000-7f3f655b1000 r--s 00003000 fd:01 132195                     /home/leandro/.gradle/wrapper/dists/gradle-1.12-all/2apkk7d25miauqf1pdjp1bm0uo/gradle-1.12/lib/native-platform-linux-amd64-0.10.jar
7f3f655b1000-7f3f655b2000 r--s 00002000 fd:01 132194                     /home/leandro/.gradle/wrapper/dists/gradle-1.12-all/2apkk7d25miauqf1pdjp1bm0uo/gradle-1.12/lib/native-platform-osx-amd64-0.10.jar
7f3f655b2000-7f3f655b3000 r--s 00002000 fd:01 132170                     /home/leandro/.gradle/wrapper/dists/gradle-1.12-all/2apkk7d25miauqf1pdjp1bm0uo/gradle-1.12/lib/native-platform-osx-i386-0.10.jar
7f3f655b3000-7f3f655b5000 r--s 00008000 fd:01 132097                     /home/leandro/.gradle/wrapper/dists/gradle-1.12-all/2apkk7d25miauqf1pdjp1bm0uo/gradle-1.12/lib/jansi-1.2.1.jar
7f3f655b5000-7f3f655b8000 r--s 00013000 fd:01 132095                     /home/leandro/.gradle/wrapper/dists/gradle-1.12-all/2apkk7d25miauqf1pdjp1bm0uo/gradle-1.12/lib/jna-posix-1.0.3.jar
7f3f655b8000-7f3f655bb000 r--s 0000d000 fd:01 132094                     /home/leandro/.gradle/wrapper/dists/gradle-1.12-all/2apkk7d25miauqf1pdjp1bm0uo/gradle-1.12/lib/native-platform-0.10.jar
7f3f655bb000-7f3f655bf000 r--s 000e4000 fd:01 132093                     /home/leandro/.gradle/wrapper/dists/gradle-1.12-all/2apkk7d25miauqf1pdjp1bm0uo/gradle-1.12/lib/jna-3.2.7.jar
7f3f655bf000-7f3f655c1000 r--s 00009000 fd:01 132045                     /home/leandro/.gradle/wrapper/dists/gradle-1.12-all/2apkk7d25miauqf1pdjp1bm0uo/gradle-1.12/lib/gradle-native-1.12.jar
7f3f655c1000-7f3f655c2000 r--s 00006000 fd:01 132041                     /home/leandro/.gradle/wrapper/dists/gradle-1.12-all/2apkk7d25miauqf1pdjp1bm0uo/gradle-1.12/lib/gradle-cli-1.12.jar
7f3f655c2000-7f3f655c3000 r--s 00000000 fd:01 132062                     /home/leandro/.gradle/wrapper/dists/gradle-1.12-all/2apkk7d25miauqf1pdjp1bm0uo/gradle-1.12/lib/gradle-resources-1.12.jar
7f3f655c3000-7f3f655c5000 r--s 00000000 fd:01 132060                     /home/leandro/.gradle/wrapper/dists/gradle-1.12-all/2apkk7d25miauqf1pdjp1bm0uo/gradle-1.12/lib/gradle-base-services-groovy-1.12.jar
7f3f655c5000-7f3f655c6000 r--s 00000000 fd:01 132085                     /home/leandro/.gradle/wrapper/dists/gradle-1.12-all/2apkk7d25miauqf1pdjp1bm0uo/gradle-1.12/lib/gradle-docs-1.12.jar
7f3f655c6000-7f3f655cc000 r--s 0005b000 fd:01 132107                     /home/leandro/.gradle/wrapper/dists/gradle-1.12-all/2apkk7d25miauqf1pdjp1bm0uo/gradle-1.12/lib/jcifs-1.3.17.jar
7f3f655cc000-7f3f655d2000 r--s 00031000 fd:01 132106                     /home/leandro/.gradle/wrapper/dists/gradle-1.12-all/2apkk7d25miauqf1pdjp1bm0uo/gradle-1.12/lib/httpcore-4.2.2.jar
7f3f655d2000-7f3f655d8000 r--s 00033000 fd:01 132105                     /home/leandro/.gradle/wrapper/dists/gradle-1.12-all/2apkk7d25miauqf1pdjp1bm0uo/gradle-1.12/lib/commons-codec-1.6.jar
7f3f655d8000-7f3f655da000 r--s 00026000 fd:01 132104                     /home/leandro/.gradle/wrapper/dists/gradle-1.12-all/2apkk7d25miauqf1pdjp1bm0uo/gradle-1.12/lib/http-builder-0.6.jar
7f3f655da000-7f3f655dc000 r--s 00013000 fd:01 134737                     /home/leandro/.gradle/wrapper/dists/gradle-1.12-all/2apkk7d25miauqf1pdjp1bm0uo/gradle-1.12/lib/xml-resolver-1.2.jar
7f3f655dc000-7f3f655e0000 r--s 00022000 fd:01 134736                     /home/leandro/.gradle/wrapper/dists/gradle-1.12-all/2apkk7d25miauqf1pdjp1bm0uo/gradle-1.12/lib/json-lib-2.3-jdk15.jar
7f3f655e0000-7f3f655e3000 r--s 00013000 fd:01 134895                     /home/leandro/.gradle/wrapper/dists/gradle-1.12-all/2apkk7d25miauqf1pdjp1bm0uo/gradle-1.12/lib/ezmorph-1.0.6.jar
7f3f655e3000-7f3f655e8000 r--s 00034000 fd:01 134781                     /home/leandro/.gradle/wrapper/dists/gradle-1.12-all/2apkk7d25miauqf1pdjp1bm0uo/gradle-1.12/lib/commons-beanutils-1.8.0.jar
7f3f655e8000-7f3f655ea000 r--s 0000d000 fd:01 134886                     /home/leandro/.gradle/wrapper/dists/gradle-1.12-all/2apkk7d25miauqf1pdjp1bm0uo/gradle-1.12/lib/commons-logging-1.1.1.jar
7f3f655ea000-7f3f655eb000 r--s 00001000 fd:01 132102                     /home/leandro/.gradle/wrapper/dists/gradle-1.12-all/2apkk7d25miauqf1pdjp1bm0uo/gradle-1.12/lib/bintray-client-java-api-0.1.0.jar
7f3f655eb000-7f3f655fa000 r--s 0007f000 fd:01 132100                     /home/leandro/.gradle/wrapper/dists/gradle-1.12-all/2apkk7d25miauqf1pdjp1bm0uo/gradle-1.12/lib/joda-time-2.3.jar
7f3f655fa000-7f3f655fe000 r--s 0003d000 fd:01 132099                     /home/leandro/.gradle/wrapper/dists/gradle-1.12-all/2apkk7d25miauqf1pdjp1bm0uo/gradle-1.12/lib/jsch-0.1.51.jar
7f3f655fe000-7f3f65600000 r--s 00003000 fd:01 132088                     /home/leandro/.gradle/wrapper/dists/gradle-1.12-all/2apkk7d25miauqf1pdjp1bm0uo/gradle-1.12/lib/jcl-over-slf4j-1.7.5.jar
7f3f65600000-7f3f65602000 r--s 00004000 fd:01 132087                     /home/leandro/.gradle/wrapper/dists/gradle-1.12-all/2apkk7d25miauqf1pdjp1bm0uo/gradle-1.12/lib/log4j-over-slf4j-1.7.5.jar
7f3f65602000-7f3f6560b000 r--s 00060000 fd:01 132082                     /home/leandro/.gradle/wrapper/dists/gradle-1.12-all/2apkk7d25miauqf1pdjp1bm0uo/gradle-1.12/lib/httpclient-4.2.2.jar
7f3f6560b000-7f3f6560c000 r--s 00009000 fd:01 132077                     /home/leandro/.gradle/wrapper/dists/gradle-1.12-all/2apkk7d25miauqf1pdjp1bm0uo/gradle-1.12/lib/bintray-client-java-impl-0.1.0.jar
7f3f6560c000-7f3f6560f000 r--s 0001b000 fd:01 132075                     /home/leandro/.gradle/wrapper/dists/gradle-1.12-all/2apkk7d25miauqf1pdjp1bm0uo/gradle-1.12/lib/jarjar-1.3.jar
7f3f6560f000-7f3f65615000 r--s 0003b000 fd:01 132071                     /home/leandro/.gradle/wrapper/dists/gradle-1.12-all/2apkk7d25miauqf1pdjp1bm0uo/gradle-1.12/lib/logback-classic-1.0.13.jar
7f3f65615000-7f3f6561f000 r--s 0005d000 fd:01 132070                     /home/leandro/.gradle/wrapper/dists/gradle-1.12-all/2apkk7d25miauqf1pdjp1bm0uo/gradle-1.12/lib/logback-core-1.0.13.jar
7f3f6561f000-7f3f6562e000 r--s 000d9000 fd:01 132069                     /home/leandro/.gradle/wrapper/dists/gradle-1.12-all/2apkk7d25miauqf1pdjp1bm0uo/gradle-1.12/lib/ivy-2.2.0.jar
7f3f6562e000-7f3f6568a000 r--s 00586000 fd:01 132055                     /home/leandro/.gradle/wrapper/dists/gradle-1.12-all/2apkk7d25miauqf1pdjp1bm0uo/gradle-1.12/lib/groovy-all-1.8.6.jar
7f3f6568a000-7f3f656b1000 r--s 001c3000 fd:01 132052                     /home/leandro/.gradle/wrapper/dists/gradle-1.12-all/2apkk7d25miauqf1pdjp1bm0uo/gradle-1.12/lib/guava-jdk5-14.0.1.jar
7f3f656b1000-7f3f656d3000 r--s 0038e000 fd:01 1585315                    /usr/java/jdk1.8.0_20/jre/lib/ext/cldrdata.jar
7f3f656d3000-7f3f656d4000 ---p 00000000 00:00 0 
7f3f656d4000-7f3f657d4000 rw-p 00000000 00:00 0                          [stack:13156]
7f3f657d4000-7f3f657d7000 ---p 00000000 00:00 0 
7f3f657d7000-7f3f658d5000 rw-p 00000000 00:00 0                          [stack:13155]
7f3f658d5000-7f3f658d8000 ---p 00000000 00:00 0 
7f3f658d8000-7f3f659d6000 rw-p 00000000 00:00 0                          [stack:13154]
7f3f659d6000-7f3f659d9000 ---p 00000000 00:00 0 
7f3f659d9000-7f3f65ad7000 rw-p 00000000 00:00 0                          [stack:13153]
7f3f65ad7000-7f3f6c000000 r--p 00000000 fd:01 1451894                    /usr/lib/locale/locale-archive
7f3f6c000000-7f3f6c021000 rw-p 00000000 00:00 0 
7f3f6c021000-7f3f70000000 ---p 00000000 00:00 0 
7f3f70000000-7f3f70021000 rw-p 00000000 00:00 0 
7f3f70021000-7f3f74000000 ---p 00000000 00:00 0 
7f3f74000000-7f3f74448000 rw-p 00000000 00:00 0 
7f3f74448000-7f3f78000000 ---p 00000000 00:00 0 
7f3f78000000-7f3f78021000 rw-p 00000000 00:00 0 
7f3f78021000-7f3f7c000000 ---p 00000000 00:00 0 
7f3f7c000000-7f3f7c026000 rw-p 00000000 00:00 0 
7f3f7c026000-7f3f80000000 ---p 00000000 00:00 0 
7f3f80000000-7f3f80001000 r--s 00000000 fd:01 132076                     /home/leandro/.gradle/wrapper/dists/gradle-1.12-all/2apkk7d25miauqf1pdjp1bm0uo/gradle-1.12/lib/javax.inject-1.jar
7f3f80001000-7f3f80002000 r--s 00001000 fd:01 132074                     /home/leandro/.gradle/wrapper/dists/gradle-1.12-all/2apkk7d25miauqf1pdjp1bm0uo/gradle-1.12/lib/jul-to-slf4j-1.7.5.jar
7f3f80002000-7f3f80021000 r--s 001cc000 fd:01 132064                     /home/leandro/.gradle/wrapper/dists/gradle-1.12-all/2apkk7d25miauqf1pdjp1bm0uo/gradle-1.12/lib/ant-1.9.3.jar
7f3f80021000-7f3f80051000 r--s 00191000 fd:01 132040                     /home/leandro/.gradle/wrapper/dists/gradle-1.12-all/2apkk7d25miauqf1pdjp1bm0uo/gradle-1.12/lib/gradle-core-1.12.jar
7f3f80051000-7f3f80054000 ---p 00000000 00:00 0 
7f3f80054000-7f3f80152000 rw-p 00000000 00:00 0                          [stack:13152]
7f3f80152000-7f3f80155000 ---p 00000000 00:00 0 
7f3f80155000-7f3f80253000 rw-p 00000000 00:00 0                          [stack:13151]
7f3f80253000-7f3f80256000 ---p 00000000 00:00 0 
7f3f80256000-7f3f80354000 rw-p 00000000 00:00 0                          [stack:13150]
7f3f80354000-7f3f80357000 ---p 00000000 00:00 0 
7f3f80357000-7f3f80455000 rw-p 00000000 00:00 0                          [stack:13149]
7f3f80455000-7f3f80456000 ---p 00000000 00:00 0 
7f3f80456000-7f3f81559000 rw-p 00000000 00:00 0                          [stack:13148]
7f3f81559000-7f3f8172f000 r--s 03c62000 fd:01 1585406                    /usr/java/jdk1.8.0_20/jre/lib/rt.jar
7f3f8172f000-7f3f84000000 rw-p 00000000 00:00 0 
7f3f84000000-7f3f84021000 rw-p 00000000 00:00 0 
7f3f84021000-7f3f88000000 ---p 00000000 00:00 0 
7f3f88000000-7f3f8802d000 rw-p 00000000 00:00 0 
7f3f8802d000-7f3f8c000000 ---p 00000000 00:00 0 
7f3f8c000000-7f3f8c021000 rw-p 00000000 00:00 0 
7f3f8c021000-7f3f90000000 ---p 00000000 00:00 0 
7f3f90000000-7f3f90001000 r--s 00000000 fd:01 132073                     /home/leandro/.gradle/wrapper/dists/gradle-1.12-all/2apkk7d25miauqf1pdjp1bm0uo/gradle-1.12/lib/jcip-annotations-1.0.jar
7f3f90001000-7f3f90006000 r--s 00041000 fd:01 132068                     /home/leandro/.gradle/wrapper/dists/gradle-1.12-all/2apkk7d25miauqf1pdjp1bm0uo/gradle-1.12/lib/commons-lang-2.6.jar
7f3f90006000-7f3f90014000 r--s 0007f000 fd:01 132065                     /home/leandro/.gradle/wrapper/dists/gradle-1.12-all/2apkk7d25miauqf1pdjp1bm0uo/gradle-1.12/lib/commons-collections-3.2.1.jar
7f3f90014000-7f3f90214000 rw-p 00000000 00:00 0 
7f3f90214000-7f3f90215000 ---p 00000000 00:00 0 
7f3f90215000-7f3f90315000 rw-p 00000000 00:00 0                          [stack:13147]
7f3f90315000-7f3f90316000 ---p 00000000 00:00 0 
7f3f90316000-7f3f90416000 rw-p 00000000 00:00 0                          [stack:13146]
7f3f90416000-7f3f90417000 ---p 00000000 00:00 0 
7f3f90417000-7f3f90517000 rw-p 00000000 00:00 0                          [stack:13145]
7f3f90517000-7f3f90518000 ---p 00000000 00:00 0 
7f3f90518000-7f3f906a2000 rw-p 00000000 00:00 0                          [stack:13144]
7f3f906a2000-7f3f9076d000 ---p 00000000 00:00 0 
7f3f9076d000-7f3f9080b000 rw-p 00000000 00:00 0 
7f3f9080b000-7f3f90818000 ---p 00000000 00:00 0 
7f3f90818000-7f3f908cf000 rw-p 00000000 00:00 0 
7f3f908cf000-7f3f90bd9000 ---p 00000000 00:00 0 
7f3f90bd9000-7f3f93959000 rwxp 00000000 00:00 0 
7f3f93959000-7f3f9fbd9000 ---p 00000000 00:00 0 
7f3f9fbd9000-7f3f9fbf3000 r-xp 00000000 fd:01 1585190                    /usr/java/jdk1.8.0_20/jre/lib/amd64/libzip.so
7f3f9fbf3000-7f3f9fdf3000 ---p 0001a000 fd:01 1585190                    /usr/java/jdk1.8.0_20/jre/lib/amd64/libzip.so
7f3f9fdf3000-7f3f9fdf4000 rw-p 0001a000 fd:01 1585190                    /usr/java/jdk1.8.0_20/jre/lib/amd64/libzip.so
7f3f9fdf4000-7f3f9fdff000 r-xp 00000000 fd:01 1449016                    /usr/lib64/libnss_files-2.18.so
7f3f9fdff000-7f3f9fffe000 ---p 0000b000 fd:01 1449016                    /usr/lib64/libnss_files-2.18.so
7f3f9fffe000-7f3f9ffff000 r--p 0000a000 fd:01 1449016                    /usr/lib64/libnss_files-2.18.so
7f3f9ffff000-7f3fa0000000 rw-p 0000b000 fd:01 1449016                    /usr/lib64/libnss_files-2.18.so
7f3fa0000000-7f3fa0aac000 rw-p 00000000 00:00 0 
7f3fa0aac000-7f3fa4000000 ---p 00000000 00:00 0 
7f3fa4000000-7f3fa4003000 r--s 00018000 fd:01 132067                     /home/leandro/.gradle/wrapper/dists/gradle-1.12-all/2apkk7d25miauqf1pdjp1bm0uo/gradle-1.12/lib/commons-io-1.4.jar
7f3fa4003000-7f3fa4008000 r--s 00035000 fd:01 132063                     /home/leandro/.gradle/wrapper/dists/gradle-1.12-all/2apkk7d25miauqf1pdjp1bm0uo/gradle-1.12/lib/asm-all-5.0_BETA.jar
7f3fa4008000-7f3fa400a000 r--s 00005000 fd:01 132046                     /home/leandro/.gradle/wrapper/dists/gradle-1.12-all/2apkk7d25miauqf1pdjp1bm0uo/gradle-1.12/lib/slf4j-api-1.7.5.jar
7f3fa400a000-7f3fa4014000 r--s 0021b000 fd:01 1585197                    /usr/java/jdk1.8.0_20/jre/lib/ext/localedata.jar
7f3fa4014000-7f3fa401b000 r--s 00037000 fd:01 132031                     /home/leandro/.gradle/wrapper/dists/gradle-1.12-all/2apkk7d25miauqf1pdjp1bm0uo/gradle-1.12/lib/gradle-launcher-1.12.jar
7f3fa401b000-7f3fa40cd000 rw-p 00000000 00:00 0 
7f3fa40cd000-7f3fa4199000 ---p 00000000 00:00 0 
7f3fa4199000-7f3fa41c3000 r-xp 00000000 fd:01 1585155                    /usr/java/jdk1.8.0_20/jre/lib/amd64/libjava.so
7f3fa41c3000-7f3fa43c3000 ---p 0002a000 fd:01 1585155                    /usr/java/jdk1.8.0_20/jre/lib/amd64/libjava.so
7f3fa43c3000-7f3fa43c5000 rw-p 0002a000 fd:01 1585155                    /usr/java/jdk1.8.0_20/jre/lib/amd64/libjava.so
7f3fa43c5000-7f3fa43d2000 r-xp 00000000 fd:01 1585189                    /usr/java/jdk1.8.0_20/jre/lib/amd64/libverify.so
7f3fa43d2000-7f3fa45d2000 ---p 0000d000 fd:01 1585189                    /usr/java/jdk1.8.0_20/jre/lib/amd64/libverify.so
7f3fa45d2000-7f3fa45d4000 rw-p 0000d000 fd:01 1585189                    /usr/java/jdk1.8.0_20/jre/lib/amd64/libverify.so
7f3fa45d4000-7f3fa45d7000 ---p 00000000 00:00 0 
7f3fa45d7000-7f3fa46d5000 rw-p 00000000 00:00 0                          [stack:13143]
7f3fa46d5000-7f3fa533f000 r-xp 00000000 fd:01 1585194                    /usr/java/jdk1.8.0_20/jre/lib/amd64/server/libjvm.so
7f3fa533f000-7f3fa553e000 ---p 00c6a000 fd:01 1585194                    /usr/java/jdk1.8.0_20/jre/lib/amd64/server/libjvm.so
7f3fa553e000-7f3fa5615000 rw-p 00c69000 fd:01 1585194                    /usr/java/jdk1.8.0_20/jre/lib/amd64/server/libjvm.so
7f3fa5615000-7f3fa565a000 rw-p 00000000 00:00 0 
7f3fa565a000-7f3fa566f000 r-xp 00000000 fd:01 1716605                    /usr/java/jdk1.8.0_20/lib/amd64/jli/libjli.so
7f3fa566f000-7f3fa586e000 ---p 00015000 fd:01 1716605                    /usr/java/jdk1.8.0_20/lib/amd64/jli/libjli.so
7f3fa586e000-7f3fa586f000 rw-p 00014000 fd:01 1716605                    /usr/java/jdk1.8.0_20/lib/amd64/jli/libjli.so
7f3fa586f000-7f3fa5870000 rw-p 00000000 00:00 0 
7f3fa5870000-7f3fa5871000 r--s 00004000 fd:01 132098                     /home/leandro/.gradle/wrapper/dists/gradle-1.12-all/2apkk7d25miauqf1pdjp1bm0uo/gradle-1.12/lib/ant-launcher-1.9.3.jar
7f3fa5871000-7f3fa5876000 r--s 00024000 fd:01 132039                     /home/leandro/.gradle/wrapper/dists/gradle-1.12-all/2apkk7d25miauqf1pdjp1bm0uo/gradle-1.12/lib/gradle-base-services-1.12.jar
7f3fa5876000-7f3fa588a000 rw-p 00000000 00:00 0 
7f3fa588a000-7f3fa5892000 rw-s 00000000 00:21 2081654                    /tmp/hsperfdata_leandro/13140
7f3fa5892000-7f3fa5893000 rw-p 00000000 00:00 0 
7f3fa5893000-7f3fa5894000 r--p 00000000 00:00 0 
7f3fa5894000-7f3fa5895000 rw-p 00000000 00:00 0 
7fffd9d21000-7fffd9d42000 rw-p 00000000 00:00 0                          [stack]
7fffd9dfc000-7fffd9dfe000 r-xp 00000000 00:00 0                          [vdso]
7fffd9dfe000-7fffd9e00000 r--p 00000000 00:00 0                          [vvar]
ffffffffff600000-ffffffffff601000 r-xp 00000000 00:00 0                  [vsyscall]

VM Arguments:
jvm_args: -XX:MaxPermSize=256m -XX:+HeapDumpOnOutOfMemoryError -Xmx1024m -Dfile.encoding=UTF-8 
java_command: org.gradle.launcher.daemon.bootstrap.GradleDaemon 1.12 /home/leandro/.gradle/daemon 10800000 757d5255-b39d-44a4-ad26-9eb9b54b1389 -XX:MaxPermSize=256m -XX:+HeapDumpOnOutOfMemoryError -Xmx1024m -Dfile.encoding=UTF-8
java_class_path (initial): /home/leandro/.gradle/wrapper/dists/gradle-1.12-all/2apkk7d25miauqf1pdjp1bm0uo/gradle-1.12/lib/gradle-launcher-1.12.jar
Launcher Type: SUN_STANDARD

Environment Variables:
CLASSPATH=/home/leandro/Programas/android-studio/bin/../lib/bootstrap.jar:/home/leandro/Programas/android-studio/bin/../lib/extensions.jar:/home/leandro/Programas/android-studio/bin/../lib/util.jar:/home/leandro/Programas/android-studio/bin/../lib/jdom.jar:/home/leandro/Programas/android-studio/bin/../lib/log4j.jar:/home/leandro/Programas/android-studio/bin/../lib/trove4j.jar:/home/leandro/Programas/android-studio/bin/../lib/jna.jar:/usr/java/jdk1.8.0_20/lib/tools.jar
PATH=/usr/lib64/qt-3.3/bin:/usr/libexec/lightdm:/usr/local/bin:/usr/bin:/bin:/usr/local/sbin:/usr/sbin:/home/leandro/.local/bin:/home/leandro/bin
LD_LIBRARY_PATH=/home/leandro/Programas/android-studio/bin:
SHELL=/bin/bash
DISPLAY=:0.0

Signal Handlers:
SIGSEGV: [libjvm.so+0xa77530], sa_mask[0]=11111111011111111101111111111110, sa_flags=SA_RESTART|SA_SIGINFO
SIGBUS: [libjvm.so+0xa77530], sa_mask[0]=11111111011111111101111111111110, sa_flags=SA_RESTART|SA_SIGINFO
SIGFPE: [libjvm.so+0x8e1d90], sa_mask[0]=11111111011111111101111111111110, sa_flags=SA_RESTART|SA_SIGINFO
SIGPIPE: [libjvm.so+0x8e1d90], sa_mask[0]=11111111011111111101111111111110, sa_flags=SA_RESTART|SA_SIGINFO
SIGXFSZ: [libjvm.so+0x8e1d90], sa_mask[0]=11111111011111111101111111111110, sa_flags=SA_RESTART|SA_SIGINFO
SIGILL: [libjvm.so+0x8e1d90], sa_mask[0]=11111111011111111101111111111110, sa_flags=SA_RESTART|SA_SIGINFO
SIGUSR1: SIG_DFL, sa_mask[0]=00000000000000000000000000000000, sa_flags=none
SIGUSR2: [libjvm.so+0x8e35c0], sa_mask[0]=00100000000000000000000000000000, sa_flags=SA_RESTART|SA_SIGINFO
SIGHUP: [libjvm.so+0x8e4980], sa_mask[0]=11111111011111111101111111111110, sa_flags=SA_RESTART|SA_SIGINFO
SIGINT: [libjvm.so+0x8e4980], sa_mask[0]=11111111011111111101111111111110, sa_flags=SA_RESTART|SA_SIGINFO
SIGTERM: [libjvm.so+0x8e4980], sa_mask[0]=11111111011111111101111111111110, sa_flags=SA_RESTART|SA_SIGINFO
SIGQUIT: [libjvm.so+0x8e4980], sa_mask[0]=11111111011111111101111111111110, sa_flags=SA_RESTART|SA_SIGINFO


---------------  S Y S T E M  ---------------

OS:Fedora release 20 (Heisenbug)

uname:Linux 3.16.2-201.fc20.x86_64 #1 SMP Mon Sep 15 19:57:50 UTC 2014 x86_64
libc:glibc 2.18 NPTL 2.18 
rlimit: STACK 8192k, CORE 0k, NPROC 1024, NOFILE 4096, AS infinity
load average:1,17 0,70 0,62

/proc/meminfo:
MemTotal:        3081164 kB
MemFree:           80292 kB
MemAvailable:     393824 kB
Buffers:           88352 kB
Cached:           327676 kB
SwapCached:        27180 kB
Active:          2095328 kB
Inactive:         681132 kB
Active(anon):    1893636 kB
Inactive(anon):   479256 kB
Active(file):     201692 kB
Inactive(file):   201876 kB
Unevictable:          32 kB
Mlocked:              32 kB
SwapTotal:       3162108 kB
SwapFree:        1357224 kB
Dirty:              6376 kB
Writeback:             0 kB
AnonPages:       2350276 kB
Mapped:           172808 kB
Shmem:             12384 kB
Slab:              80504 kB
SReclaimable:      45172 kB
SUnreclaim:        35332 kB
KernelStack:        7280 kB
PageTables:        38892 kB
NFS_Unstable:          0 kB
Bounce:                0 kB
WritebackTmp:          0 kB
CommitLimit:     4702688 kB
Committed_AS:    6317592 kB
VmallocTotal:   34359738367 kB
VmallocUsed:       84420 kB
VmallocChunk:   34359563352 kB
HardwareCorrupted:     0 kB
AnonHugePages:         0 kB
HugePages_Total:       0
HugePages_Free:        0
HugePages_Rsvd:        0
HugePages_Surp:        0
Hugepagesize:       2048 kB
DirectMap4k:       80832 kB
DirectMap2M:     3063808 kB


CPU:total 4 (4 cores per cpu, 1 threads per core) family 6 model 15 stepping 11, cmov, cx8, fxsr, mmx, sse, sse2, sse3, ssse3, tsc

/proc/cpuinfo:
processor	: 0
vendor_id	: GenuineIntel
cpu family	: 6
model		: 15
model name	: Intel(R) Core(TM)2 Quad CPU    Q6600  @ 2.40GHz
stepping	: 11
microcode	: 0xba
cpu MHz		: 1600.000
cache size	: 4096 KB
physical id	: 0
siblings	: 4
core id		: 0
cpu cores	: 4
apicid		: 0
initial apicid	: 0
fpu		: yes
fpu_exception	: yes
cpuid level	: 10
wp		: yes
flags		: fpu vme de pse tsc msr pae mce cx8 apic sep mtrr pge mca cmov pat pse36 clflush dts acpi mmx fxsr sse sse2 ss ht tm pbe syscall nx lm constant_tsc arch_perfmon pebs bts rep_good nopl aperfmperf pni dtes64 monitor ds_cpl vmx est tm2 ssse3 cx16 xtpr pdcm lahf_lm dtherm tpr_shadow vnmi flexpriority
bogomips	: 4799.95
clflush size	: 64
cache_alignment	: 64
address sizes	: 36 bits physical, 48 bits virtual
power management:

processor	: 1
vendor_id	: GenuineIntel
cpu family	: 6
model		: 15
model name	: Intel(R) Core(TM)2 Quad CPU    Q6600  @ 2.40GHz
stepping	: 11
microcode	: 0xba
cpu MHz		: 2400.000
cache size	: 4096 KB
physical id	: 0
siblings	: 4
core id		: 2
cpu cores	: 4
apicid		: 2
initial apicid	: 2
fpu		: yes
fpu_exception	: yes
cpuid level	: 10
wp		: yes
flags		: fpu vme de pse tsc msr pae mce cx8 apic sep mtrr pge mca cmov pat pse36 clflush dts acpi mmx fxsr sse sse2 ss ht tm pbe syscall nx lm constant_tsc arch_perfmon pebs bts rep_good nopl aperfmperf pni dtes64 monitor ds_cpl vmx est tm2 ssse3 cx16 xtpr pdcm lahf_lm dtherm tpr_shadow vnmi flexpriority
bogomips	: 4799.95
clflush size	: 64
cache_alignment	: 64
address sizes	: 36 bits physical, 48 bits virtual
power management:

processor	: 2
vendor_id	: GenuineIntel
cpu family	: 6
model		: 15
model name	: Intel(R) Core(TM)2 Quad CPU    Q6600  @ 2.40GHz
stepping	: 11
microcode	: 0xba
cpu MHz		: 1600.000
cache size	: 4096 KB
physical id	: 0
siblings	: 4
core id		: 1
cpu cores	: 4
apicid		: 1
initial apicid	: 1
fpu		: yes
fpu_exception	: yes
cpuid level	: 10
wp		: yes
flags		: fpu vme de pse tsc msr pae mce cx8 apic sep mtrr pge mca cmov pat pse36 clflush dts acpi mmx fxsr sse sse2 ss ht tm pbe syscall nx lm constant_tsc arch_perfmon pebs bts rep_good nopl aperfmperf pni dtes64 monitor ds_cpl vmx est tm2 ssse3 cx16 xtpr pdcm lahf_lm dtherm tpr_shadow vnmi flexpriority
bogomips	: 4799.95
clflush size	: 64
cache_alignment	: 64
address sizes	: 36 bits physical, 48 bits virtual
power management:

processor	: 3
vendor_id	: GenuineIntel
cpu family	: 6
model		: 15
model name	: Intel(R) Core(TM)2 Quad CPU    Q6600  @ 2.40GHz
stepping	: 11
microcode	: 0xba
cpu MHz		: 2400.000
cache size	: 4096 KB
physical id	: 0
siblings	: 4
core id		: 3
cpu cores	: 4
apicid		: 3
initial apicid	: 3
fpu		: yes
fpu_exception	: yes
cpuid level	: 10
wp		: yes
flags		: fpu vme de pse tsc msr pae mce cx8 apic sep mtrr pge mca cmov pat pse36 clflush dts acpi mmx fxsr sse sse2 ss ht tm pbe syscall nx lm constant_tsc arch_perfmon pebs bts rep_good nopl aperfmperf pni dtes64 monitor ds_cpl vmx est tm2 ssse3 cx16 xtpr pdcm lahf_lm dtherm tpr_shadow vnmi flexpriority
bogomips	: 4799.95
clflush size	: 64
cache_alignment	: 64
address sizes	: 36 bits physical, 48 bits virtual
power management:



Memory: 4k page, physical 3081164k(80292k free), swap 3162108k(1357224k free)

vm_info: Java HotSpot(TM) 64-Bit Server VM (25.20-b23) for linux-amd64 JRE (1.8.0_20-b26), built on Jul 30 2014 13:13:52 by "java_re" with gcc 4.3.0 20080428 (Red Hat 4.3.0-8)

time: Wed Nov 19 23:15:49 2014
elapsed time: 15150 seconds (0d 4h 12m 30s)

