#
# A fatal error has been detected by the Java Runtime Environment:
#
#  SIGSEGV (0xb) at pc=0x00007fbcbe005060, pid=14146, tid=140449436055296
#
# JRE version: Java(TM) SE Runtime Environment (8.0_20-b26) (build 1.8.0_20-b26)
# Java VM: Java HotSpot(TM) 64-Bit Server VM (25.20-b23 mixed mode linux-amd64 compressed oops)
# Problematic frame:
# C  0x00007fbcbe005060
#
# Failed to write core dump. Core dumps have been disabled. To enable core dumping, try "ulimit -c unlimited" before starting Java again
#
# If you would like to submit a bug report, please visit:
#   http://bugreport.sun.com/bugreport/crash.jsp
#

---------------  T H R E A D  ---------------

Current thread (0x00007fbd0c1e0000):  JavaThread "pool-1-thread-4" [_thread_in_Java, id=14172, stack(0x00007fbceeaeb000,0x00007fbceebec000)]

siginfo: si_signo: 11 (SIGSEGV), si_code: 2 (SEGV_ACCERR), si_addr: 0x00007fbcbe005060

Registers:
RAX=0x00007fbcfc8d3af0, RBX=0x00007fbcfc8d3af0, RCX=0x00000000eb406850, RDX=0x0000000000000000
RSP=0x00007fbceebea0f8, RBP=0x00007fbceebea158, RSI=0x00000000eb406850, RDI=0x00000000eb406590
R8 =0x00000000eb406c40, R9 =0x0000000000000000, R10=0x00007fbd1498cc40, R11=0x00007fbcfd1b2ca0
R12=0x0000000000000000, R13=0x00007fbceebea110, R14=0x0000000000000000, R15=0x00007fbd0c1e0000
RIP=0x00007fbcbe005060, EFLAGS=0x0000000000010206, CSGSFS=0x0000000000000033, ERR=0x0000000000000014
  TRAPNO=0x000000000000000e

Top of Stack: (sp=0x00007fbceebea0f8)
0x00007fbceebea0f8:   00007fbcfd007160 00000000eb406c98
0x00007fbceebea108:   00007fbcfd007160 00000000eb406850
0x00007fbceebea118:   00007fbceebea118 00007fbcfccf02d9
0x00007fbceebea128:   00007fbceebea180 00007fbcfccf06d8
0x00007fbceebea138:   0000000000000000 00007fbcfccf03d0
0x00007fbceebea148:   00007fbceebea110 00007fbceebea180
0x00007fbceebea158:   00007fbceebea1c8 00007fbcfd00798d
0x00007fbceebea168:   00000000eb406590 0000000000000000
0x00007fbceebea178:   00000000eb404e68 00000000eb4067c0
0x00007fbceebea188:   00007fbceebea188 00007fbcfccef320
0x00007fbceebea198:   00007fbceebea1d8 00007fbcfccf06d8
0x00007fbceebea1a8:   0000000000000000 00007fbcfccef330
0x00007fbceebea1b8:   00007fbceebea180 00007fbceebea1d8
0x00007fbceebea1c8:   00007fbceebea220 00007fbcfd00798d
0x00007fbceebea1d8:   00000000eb404188 00007fbceebea1e0
0x00007fbceebea1e8:   00007fbcfccca48b 00007fbceebea240
0x00007fbceebea1f8:   00007fbcfccca958 0000000000000000
0x00007fbceebea208:   00007fbcfccca508 00007fbceebea1d8
0x00007fbceebea218:   00007fbceebea238 00007fbceebea288
0x00007fbceebea228:   00007fbcfd00798d 0000000000000001
0x00007fbceebea238:   00000000eb404168 00000000eb404188
0x00007fbceebea248:   00007fbceebea248 00007fbcfccca2e8
0x00007fbceebea258:   00007fbceebea2d0 00007fbcfccca958
0x00007fbceebea268:   0000000000000000 00007fbcfccca328
0x00007fbceebea278:   00007fbceebea238 00007fbceebea2a8
0x00007fbceebea288:   00007fbceebea318 00007fbcfd007710
0x00007fbceebea298:   0000000000000000 00000000eb404188
0x00007fbceebea2a8:   00000000eb404168 00000000ead50c78
0x00007fbceebea2b8:   0000000000000001 0000000000000000
0x00007fbceebea2c8:   0000000000000001 00000000eb403b78
0x00007fbceebea2d8:   00007fbceebea2d8 00007fbcfccca23c
0x00007fbceebea2e8:   00007fbceebea348 00007fbcfccca958 

Instructions: (pc=0x00007fbcbe005060)
0x00007fbcbe005040:   
[error occurred during error reporting (printing registers, top of stack, instructions near pc), id 0xb]

Register to memory mapping:

RAX={method} {0x00007fbcfc8d3af0} 'isEmpty' '()Z' in 'java/util/ArrayList'
RBX={method} {0x00007fbcfc8d3af0} 'isEmpty' '()Z' in 'java/util/ArrayList'
RCX=0x00000000eb406850 is an oop
java.util.ArrayList 
 - klass: 'java/util/ArrayList'
RDX=0x0000000000000000 is an unknown value
RSP=0x00007fbceebea0f8 is pointing into the stack for thread: 0x00007fbd0c1e0000
RBP=0x00007fbceebea158 is pointing into the stack for thread: 0x00007fbd0c1e0000
RSI=0x00000000eb406850 is an oop
java.util.ArrayList 
 - klass: 'java/util/ArrayList'
RDI=0x00000000eb406590 is an oop
com.android.dx.ssa.SsaBasicBlock 
 - klass: 'com/android/dx/ssa/SsaBasicBlock'
R8 =0x00000000eb406c40 is an oop
[Ljava.lang.Object; 
 - klass: 'java/lang/Object'[]
 - length: 10
R9 =0x0000000000000000 is an unknown value
R10=0x00007fbd1498cc40: <offset 0xf59c40> in /usr/java/jdk1.8.0_20/jre/lib/amd64/server/libjvm.so at 0x00007fbd13a33000
R11=0x00007fbcfd1b2ca0 is at entry_point+32 in (nmethod*)0x00007fbcfd1b2b10
R12=0x0000000000000000 is an unknown value
R13=0x00007fbceebea110 is pointing into the stack for thread: 0x00007fbd0c1e0000
R14=0x0000000000000000 is an unknown value
R15=0x00007fbd0c1e0000 is a thread


Stack: [0x00007fbceeaeb000,0x00007fbceebec000],  sp=0x00007fbceebea0f8,  free space=1020k
Native frames: (J=compiled Java code, j=interpreted, Vv=VM code, C=native code)
C  0x00007fbcbe005060
j  com.android.dx.ssa.SCCP.process(Lcom/android/dx/ssa/SsaMethod;)V+8
j  com.android.dx.ssa.Optimizer.runSsaFormSteps(Lcom/android/dx/ssa/SsaMethod;Ljava/util/EnumSet;)V+27
j  com.android.dx.ssa.Optimizer.optimize(Lcom/android/dx/rop/code/RopMethod;IZZLcom/android/dx/rop/code/TranslationAdvice;Ljava/util/EnumSet;)Lcom/android/dx/rop/code/RopMethod;+24
j  com.android.dx.ssa.Optimizer.optimize(Lcom/android/dx/rop/code/RopMethod;IZZLcom/android/dx/rop/code/TranslationAdvice;)Lcom/android/dx/rop/code/RopMethod;+12
j  com.android.dx.dex.cf.CfTranslator.processMethods(Lcom/android/dx/cf/direct/DirectClassFile;Lcom/android/dx/dex/cf/CfOptions;Lcom/android/dx/dex/DexOptions;Lcom/android/dx/dex/file/ClassDefItem;Lcom/android/dx/dex/file/MethodIdsSection;)V+263
j  com.android.dx.dex.cf.CfTranslator.translate0(Lcom/android/dx/cf/direct/DirectClassFile;[BLcom/android/dx/dex/cf/CfOptions;Lcom/android/dx/dex/DexOptions;Lcom/android/dx/dex/file/DexFile;)Lcom/android/dx/dex/file/ClassDefItem;+125
j  com.android.dx.dex.cf.CfTranslator.translate(Lcom/android/dx/cf/direct/DirectClassFile;[BLcom/android/dx/dex/cf/CfOptions;Lcom/android/dx/dex/DexOptions;Lcom/android/dx/dex/file/DexFile;)Lcom/android/dx/dex/file/ClassDefItem;+6
j  com.android.dx.command.dexer.Main.processClass(Ljava/lang/String;[B)Z+175
j  com.android.dx.command.dexer.Main.processFileBytes(Ljava/lang/String;J[B)Z+188
j  com.android.dx.command.dexer.Main.access$600(Ljava/lang/String;J[B)Z+3
j  com.android.dx.command.dexer.Main$ParallelProcessor.run()V+12
j  java.util.concurrent.ThreadPoolExecutor.runWorker(Ljava/util/concurrent/ThreadPoolExecutor$Worker;)V+95
j  java.util.concurrent.ThreadPoolExecutor$Worker.run()V+5
j  java.lang.Thread.run()V+11
v  ~StubRoutines::call_stub
V  [libjvm.so+0x663ce6]  JavaCalls::call_helper(JavaValue*, methodHandle*, JavaCallArguments*, Thread*)+0x1056
V  [libjvm.so+0x6641f1]  JavaCalls::call_virtual(JavaValue*, KlassHandle, Symbol*, Symbol*, JavaCallArguments*, Thread*)+0x321
V  [libjvm.so+0x664697]  JavaCalls::call_virtual(JavaValue*, Handle, KlassHandle, Symbol*, Symbol*, Thread*)+0x47
V  [libjvm.so+0x6f1990]  thread_entry(JavaThread*, Thread*)+0xa0
V  [libjvm.so+0xa2990f]  JavaThread::thread_main_inner()+0xdf
V  [libjvm.so+0xa29a3c]  JavaThread::run()+0x11c
V  [libjvm.so+0x8e75f8]  java_start(Thread*)+0x108
C  [libpthread.so.0+0x7f35]


---------------  P R O C E S S  ---------------

Java Threads: ( => current thread )
=>0x00007fbd0c1e0000 JavaThread "pool-1-thread-4" [_thread_in_Java, id=14172, stack(0x00007fbceeaeb000,0x00007fbceebec000)]
  0x00007fbd0c1ec000 JavaThread "pool-1-thread-3" [_thread_blocked, id=14171, stack(0x00007fbceebec000,0x00007fbceeced000)]
  0x00007fbd0c1da800 JavaThread "pool-1-thread-2" [_thread_blocked, id=14170, stack(0x00007fbceeced000,0x00007fbceedee000)]
  0x00007fbd0c1c6800 JavaThread "pool-1-thread-1" [_thread_in_Java, id=14169, stack(0x00007fbceedee000,0x00007fbceeeef000)]
  0x00007fbd0c196800 JavaThread "Service Thread" daemon [_thread_blocked, id=14167, stack(0x00007fbceeff0000,0x00007fbcef0f1000)]
  0x00007fbd0c178800 JavaThread "C1 CompilerThread2" daemon [_thread_in_native, id=14166, stack(0x00007fbcef0f1000,0x00007fbcef1f2000)]
  0x00007fbd0c177000 JavaThread "C2 CompilerThread1" daemon [_thread_in_native, id=14165, stack(0x00007fbcef1f2000,0x00007fbcef2f3000)]
  0x00007fbd0c174000 JavaThread "C2 CompilerThread0" daemon [_thread_in_vm, id=14164, stack(0x00007fbcef2f3000,0x00007fbcef3f4000)]
  0x00007fbd0c172000 JavaThread "Signal Dispatcher" daemon [_thread_blocked, id=14163, stack(0x00007fbcef3f4000,0x00007fbcef4f5000)]
  0x00007fbd0c143000 JavaThread "Finalizer" daemon [_thread_blocked, id=14162, stack(0x00007fbcef4f5000,0x00007fbcef5f6000)]
  0x00007fbd0c141000 JavaThread "Reference Handler" daemon [_thread_blocked, id=14161, stack(0x00007fbcef5f6000,0x00007fbcef6f7000)]
  0x00007fbd0c009800 JavaThread "main" [_thread_blocked, id=14155, stack(0x00007fbd13932000,0x00007fbd13a33000)]

Other Threads:
  0x00007fbd0c13a000 VMThread [stack: 0x00007fbcef6f7000,0x00007fbcef7f8000] [id=14160]
  0x00007fbd0c199000 WatcherThread [stack: 0x00007fbceeeef000,0x00007fbceeff0000] [id=14168]

VM state:not at safepoint (normal execution)

VM Mutex/Monitor currently owned by a thread: None

Heap:
 PSYoungGen      total 14336K, used 12975K [0x00000000eab00000, 0x00000000ec700000, 0x0000000100000000)
  eden space 12288K, 89% used [0x00000000eab00000,0x00000000eb5af560,0x00000000eb700000)
  from space 2048K, 99% used [0x00000000eb700000,0x00000000eb8fca38,0x00000000eb900000)
  to   space 2048K, 0% used [0x00000000ec500000,0x00000000ec500000,0x00000000ec700000)
 ParOldGen       total 32768K, used 1656K [0x00000000c0000000, 0x00000000c2000000, 0x00000000eab00000)
  object space 32768K, 5% used [0x00000000c0000000,0x00000000c019e0b0,0x00000000c2000000)
 Metaspace       used 5265K, capacity 6320K, committed 6528K, reserved 1056768K
  class space    used 572K, capacity 616K, committed 640K, reserved 1048576K

Card table byte_map: [0x00007fbd12aeb000,0x00007fbd12cec000] byte_map_base: 0x00007fbd124eb000

Marking Bits: (ParMarkBitMap*) 0x00007fbd1498aac0
 Begin Bits: [0x00007fbd10591000, 0x00007fbd11591000)
 End Bits:   [0x00007fbd11591000, 0x00007fbd12591000)

Polling page: 0x00007fbd14bf1000

CodeCache: size=245760Kb used=2094Kb max_used=2094Kb free=243665Kb
 bounds [0x00007fbcfd000000, 0x00007fbcfd270000, 0x00007fbd0c000000]
 total_blobs=847 nmethods=580 adapters=183
 compilation: enabled

Compilation events (10 events):
Event: 0,762 Thread 0x00007fbd0c178800  541       1       java.util.HashMap::afterNodeInsertion (1 bytes)
Event: 0,762 Thread 0x00007fbd0c178800 nmethod 541 0x00007fbcfd1e9f50 code [0x00007fbcfd1ea0a0, 0x00007fbcfd1ea1b0]
Event: 0,762 Thread 0x00007fbd0c178800  549       3       java.lang.Object::equals (11 bytes)
Event: 0,762 Thread 0x00007fbd0c178800 nmethod 549 0x00007fbcfd1e9bd0 code [0x00007fbcfd1e9d40, 0x00007fbcfd1e9ef0]
Event: 0,762 Thread 0x00007fbd0c178800  547       3       java.util.ArrayList$SubList::checkForComodification (23 bytes)
Event: 0,762 Thread 0x00007fbd0c178800 nmethod 547 0x00007fbcfd1e9750 code [0x00007fbcfd1e98c0, 0x00007fbcfd1e9ae8]
Event: 0,762 Thread 0x00007fbd0c178800  539   !   3       com.android.dx.rop.code.RegisterSpecSet::put (104 bytes)
Event: 0,763 Thread 0x00007fbd0c174000 nmethod 545 0x00007fbcfd1ea850 code [0x00007fbcfd1ea9c0, 0x00007fbcfd1eaac8]
Event: 0,763 Thread 0x00007fbd0c174000  546       4       java.util.ArrayList::isEmpty (13 bytes)
Event: 0,763 Thread 0x00007fbd0c174000 nmethod 546 0x00007fbcfd1c9a50 code [0x00007fbcfd1c9ba0, 0x00007fbcfd1c9c18]

GC Heap History (2 events):
Event: 0,447 GC heap before
{Heap before GC invocations=1 (full 0):
 PSYoungGen      total 14336K, used 11992K [0x00000000eab00000, 0x00000000ebb00000, 0x0000000100000000)
  eden space 12288K, 97% used [0x00000000eab00000,0x00000000eb6b60c0,0x00000000eb700000)
  from space 2048K, 0% used [0x00000000eb900000,0x00000000eb900000,0x00000000ebb00000)
  to   space 2048K, 0% used [0x00000000eb700000,0x00000000eb700000,0x00000000eb900000)
 ParOldGen       total 32768K, used 0K [0x00000000c0000000, 0x00000000c2000000, 0x00000000eab00000)
  object space 32768K, 0% used [0x00000000c0000000,0x00000000c0000000,0x00000000c2000000)
 Metaspace       used 3473K, capacity 4880K, committed 5120K, reserved 1056768K
  class space    used 392K, capacity 456K, committed 512K, reserved 1048576K
Event: 0,454 GC heap after
Heap after GC invocations=1 (full 0):
 PSYoungGen      total 14336K, used 2034K [0x00000000eab00000, 0x00000000ec700000, 0x0000000100000000)
  eden space 12288K, 0% used [0x00000000eab00000,0x00000000eab00000,0x00000000eb700000)
  from space 2048K, 99% used [0x00000000eb700000,0x00000000eb8fca38,0x00000000eb900000)
  to   space 2048K, 0% used [0x00000000ec500000,0x00000000ec500000,0x00000000ec700000)
 ParOldGen       total 32768K, used 1656K [0x00000000c0000000, 0x00000000c2000000, 0x00000000eab00000)
  object space 32768K, 5% used [0x00000000c0000000,0x00000000c019e0b0,0x00000000c2000000)
 Metaspace       used 3473K, capacity 4880K, committed 5120K, reserved 1056768K
  class space    used 392K, capacity 456K, committed 512K, reserved 1048576K
}

Deoptimization events (0 events):
No events

Internal exceptions (10 events):
Event: 0,675 Thread 0x00007fbd0c1ec000 Exception <a 'java/security/PrivilegedActionException'> (0x00000000eafcbd68) thrown at [/HUDSON/workspace/8-2-build-linux-amd64/jdk8u20/1074/hotspot/src/share/vm/prims/jvm.cpp, line 1275]
Event: 0,676 Thread 0x00007fbd0c1ec000 Exception <a 'java/security/PrivilegedActionException'> (0x00000000eafd1f30) thrown at [/HUDSON/workspace/8-2-build-linux-amd64/jdk8u20/1074/hotspot/src/share/vm/prims/jvm.cpp, line 1275]
Event: 0,678 Thread 0x00007fbd0c1da800 Exception <a 'java/security/PrivilegedActionException'> (0x00000000eaffbe00) thrown at [/HUDSON/workspace/8-2-build-linux-amd64/jdk8u20/1074/hotspot/src/share/vm/prims/jvm.cpp, line 1275]
Event: 0,679 Thread 0x00007fbd0c1da800 Exception <a 'java/security/PrivilegedActionException'> (0x00000000eb0de450) thrown at [/HUDSON/workspace/8-2-build-linux-amd64/jdk8u20/1074/hotspot/src/share/vm/prims/jvm.cpp, line 1275]
Event: 0,680 Thread 0x00007fbd0c1c6800 Exception <a 'java/security/PrivilegedActionException'> (0x00000000eafa7810) thrown at [/HUDSON/workspace/8-2-build-linux-amd64/jdk8u20/1074/hotspot/src/share/vm/prims/jvm.cpp, line 1275]
Event: 0,680 Thread 0x00007fbd0c1c6800 Exception <a 'java/security/PrivilegedActionException'> (0x00000000eafa9fe8) thrown at [/HUDSON/workspace/8-2-build-linux-amd64/jdk8u20/1074/hotspot/src/share/vm/prims/jvm.cpp, line 1275]
Event: 0,683 Thread 0x00007fbd0c1e0000 Exception <a 'java/security/PrivilegedActionException'> (0x00000000eb0dc4a8) thrown at [/HUDSON/workspace/8-2-build-linux-amd64/jdk8u20/1074/hotspot/src/share/vm/prims/jvm.cpp, line 1275]
Event: 0,700 Thread 0x00007fbd0c1da800 Exception <a 'java/security/PrivilegedActionException'> (0x00000000eb1ab7f0) thrown at [/HUDSON/workspace/8-2-build-linux-amd64/jdk8u20/1074/hotspot/src/share/vm/prims/jvm.cpp, line 1275]
Event: 0,721 Thread 0x00007fbd0c1ec000 Exception <a 'java/security/PrivilegedActionException'> (0x00000000eb1d2790) thrown at [/HUDSON/workspace/8-2-build-linux-amd64/jdk8u20/1074/hotspot/src/share/vm/prims/jvm.cpp, line 1275]
Event: 0,734 Thread 0x00007fbd0c1ec000 Exception <a 'java/security/PrivilegedActionException'> (0x00000000eb2f2188) thrown at [/HUDSON/workspace/8-2-build-linux-amd64/jdk8u20/1074/hotspot/src/share/vm/prims/jvm.cpp, line 1275]

Events (10 events):
Event: 0,721 loading class com/android/dx/cf/code/Ropper$ExceptionHandlerSetup
Event: 0,721 loading class com/android/dx/cf/code/Ropper$ExceptionHandlerSetup done
Event: 0,726 loading class java/util/HashMap$Values
Event: 0,726 loading class java/util/HashMap$Values done
Event: 0,726 loading class java/util/HashMap$ValueIterator
Event: 0,726 loading class java/util/HashMap$ValueIterator done
Event: 0,734 loading class com/android/dx/ssa/PhiInsn$Operand
Event: 0,734 loading class com/android/dx/ssa/PhiInsn$Operand done
Event: 0,739 loading class java/util/ArrayList$1
Event: 0,739 loading class java/util/ArrayList$1 done


Dynamic libraries:
00400000-00401000 r-xp 00000000 fd:01 1585009                            /usr/java/jdk1.8.0_20/bin/java
00600000-00601000 rw-p 00000000 fd:01 1585009                            /usr/java/jdk1.8.0_20/bin/java
011cc000-011ed000 rw-p 00000000 00:00 0                                  [heap]
c0000000-c2000000 rw-p 00000000 00:00 0 
c2000000-eab00000 ---p 00000000 00:00 0 
eab00000-ec700000 rw-p 00000000 00:00 0 
ec700000-100000000 ---p 00000000 00:00 0 
100000000-1000a0000 rw-p 00000000 00:00 0 
1000a0000-140000000 ---p 00000000 00:00 0 
39d8200000-39d8220000 r-xp 00000000 fd:01 1449755                        /usr/lib64/ld-2.18.so
39d841f000-39d8420000 r--p 0001f000 fd:01 1449755                        /usr/lib64/ld-2.18.so
39d8420000-39d8421000 rw-p 00020000 fd:01 1449755                        /usr/lib64/ld-2.18.so
39d8421000-39d8422000 rw-p 00000000 00:00 0 
39d8600000-39d87b4000 r-xp 00000000 fd:01 1449760                        /usr/lib64/libc-2.18.so
39d87b4000-39d89b3000 ---p 001b4000 fd:01 1449760                        /usr/lib64/libc-2.18.so
39d89b3000-39d89b7000 r--p 001b3000 fd:01 1449760                        /usr/lib64/libc-2.18.so
39d89b7000-39d89b9000 rw-p 001b7000 fd:01 1449760                        /usr/lib64/libc-2.18.so
39d89b9000-39d89be000 rw-p 00000000 00:00 0 
39d8a00000-39d8a03000 r-xp 00000000 fd:01 1449765                        /usr/lib64/libdl-2.18.so
39d8a03000-39d8c02000 ---p 00003000 fd:01 1449765                        /usr/lib64/libdl-2.18.so
39d8c02000-39d8c03000 r--p 00002000 fd:01 1449765                        /usr/lib64/libdl-2.18.so
39d8c03000-39d8c04000 rw-p 00003000 fd:01 1449765                        /usr/lib64/libdl-2.18.so
39d8e00000-39d8e18000 r-xp 00000000 fd:01 1443220                        /usr/lib64/libpthread-2.18.so
39d8e18000-39d9017000 ---p 00018000 fd:01 1443220                        /usr/lib64/libpthread-2.18.so
39d9017000-39d9018000 r--p 00017000 fd:01 1443220                        /usr/lib64/libpthread-2.18.so
39d9018000-39d9019000 rw-p 00018000 fd:01 1443220                        /usr/lib64/libpthread-2.18.so
39d9019000-39d901d000 rw-p 00000000 00:00 0 
39d9200000-39d9305000 r-xp 00000000 fd:01 1449771                        /usr/lib64/libm-2.18.so
39d9305000-39d9505000 ---p 00105000 fd:01 1449771                        /usr/lib64/libm-2.18.so
39d9505000-39d9506000 r--p 00105000 fd:01 1449771                        /usr/lib64/libm-2.18.so
39d9506000-39d9507000 rw-p 00106000 fd:01 1449771                        /usr/lib64/libm-2.18.so
39da600000-39da607000 r-xp 00000000 fd:01 1449784                        /usr/lib64/librt-2.18.so
39da607000-39da806000 ---p 00007000 fd:01 1449784                        /usr/lib64/librt-2.18.so
39da806000-39da807000 r--p 00006000 fd:01 1449784                        /usr/lib64/librt-2.18.so
39da807000-39da808000 rw-p 00007000 fd:01 1449784                        /usr/lib64/librt-2.18.so
7fbca8000000-7fbca82cf000 rw-p 00000000 00:00 0 
7fbca82cf000-7fbcac000000 ---p 00000000 00:00 0 
7fbcb0000000-7fbcb005c000 rw-p 00000000 00:00 0 
7fbcb005c000-7fbcb4000000 ---p 00000000 00:00 0 
7fbcb4000000-7fbcb4051000 rw-p 00000000 00:00 0 
7fbcb4051000-7fbcb8000000 ---p 00000000 00:00 0 
7fbcb8000000-7fbcb8021000 rw-p 00000000 00:00 0 
7fbcb8021000-7fbcbc000000 ---p 00000000 00:00 0 
7fbcbc000000-7fbcbc04a000 rw-p 00000000 00:00 0 
7fbcbc04a000-7fbcc0000000 ---p 00000000 00:00 0 
7fbcc0000000-7fbcc026c000 rw-p 00000000 00:00 0 
7fbcc026c000-7fbcc4000000 ---p 00000000 00:00 0 
7fbcc4000000-7fbcc4021000 rw-p 00000000 00:00 0 
7fbcc4021000-7fbcc8000000 ---p 00000000 00:00 0 
7fbcc8000000-7fbcc8125000 rw-p 00000000 00:00 0 
7fbcc8125000-7fbccc000000 ---p 00000000 00:00 0 
7fbccc000000-7fbccc1ed000 rw-p 00000000 00:00 0 
7fbccc1ed000-7fbcd0000000 ---p 00000000 00:00 0 
7fbcd0000000-7fbcd0021000 rw-p 00000000 00:00 0 
7fbcd0021000-7fbcd4000000 ---p 00000000 00:00 0 
7fbcd5ad7000-7fbcdc000000 r--p 00000000 fd:01 1451894                    /usr/lib/locale/locale-archive
7fbcdc000000-7fbcdc021000 rw-p 00000000 00:00 0 
7fbcdc021000-7fbce0000000 ---p 00000000 00:00 0 
7fbce0000000-7fbce0021000 rw-p 00000000 00:00 0 
7fbce0021000-7fbce4000000 ---p 00000000 00:00 0 
7fbce4000000-7fbce4021000 rw-p 00000000 00:00 0 
7fbce4021000-7fbce8000000 ---p 00000000 00:00 0 
7fbce8000000-7fbce8021000 rw-p 00000000 00:00 0 
7fbce8021000-7fbcec000000 ---p 00000000 00:00 0 
7fbcee8d4000-7fbcee8ea000 r-xp 00000000 fd:01 1585176                    /usr/java/jdk1.8.0_20/jre/lib/amd64/libnet.so
7fbcee8ea000-7fbceeaea000 ---p 00016000 fd:01 1585176                    /usr/java/jdk1.8.0_20/jre/lib/amd64/libnet.so
7fbceeaea000-7fbceeaeb000 rw-p 00016000 fd:01 1585176                    /usr/java/jdk1.8.0_20/jre/lib/amd64/libnet.so
7fbceeaeb000-7fbceeaee000 ---p 00000000 00:00 0 
7fbceeaee000-7fbceebec000 rw-p 00000000 00:00 0                          [stack:14172]
7fbceebec000-7fbceebef000 ---p 00000000 00:00 0 
7fbceebef000-7fbceeced000 rw-p 00000000 00:00 0                          [stack:14171]
7fbceeced000-7fbceecf0000 ---p 00000000 00:00 0 
7fbceecf0000-7fbceedee000 rw-p 00000000 00:00 0                          [stack:14170]
7fbceedee000-7fbceedf1000 ---p 00000000 00:00 0 
7fbceedf1000-7fbceeeef000 rw-p 00000000 00:00 0                          [stack:14169]
7fbceeeef000-7fbceeef0000 ---p 00000000 00:00 0 
7fbceeef0000-7fbceeff0000 rw-p 00000000 00:00 0                          [stack:14168]
7fbceeff0000-7fbceeff3000 ---p 00000000 00:00 0 
7fbceeff3000-7fbcef0f1000 rw-p 00000000 00:00 0                          [stack:14167]
7fbcef0f1000-7fbcef0f4000 ---p 00000000 00:00 0 
7fbcef0f4000-7fbcef1f2000 rw-p 00000000 00:00 0                          [stack:14166]
7fbcef1f2000-7fbcef1f5000 ---p 00000000 00:00 0 
7fbcef1f5000-7fbcef2f3000 rw-p 00000000 00:00 0                          [stack:14165]
7fbcef2f3000-7fbcef2f6000 ---p 00000000 00:00 0 
7fbcef2f6000-7fbcef3f4000 rw-p 00000000 00:00 0                          [stack:14164]
7fbcef3f4000-7fbcef3f7000 ---p 00000000 00:00 0 
7fbcef3f7000-7fbcef4f5000 rw-p 00000000 00:00 0                          [stack:14163]
7fbcef4f5000-7fbcef4f8000 ---p 00000000 00:00 0 
7fbcef4f8000-7fbcef5f6000 rw-p 00000000 00:00 0                          [stack:14162]
7fbcef5f6000-7fbcef5f9000 ---p 00000000 00:00 0 
7fbcef5f9000-7fbcef6f7000 rw-p 00000000 00:00 0                          [stack:14161]
7fbcef6f7000-7fbcef6f8000 ---p 00000000 00:00 0 
7fbcef6f8000-7fbcf0000000 rw-p 00000000 00:00 0                          [stack:14160]
7fbcf0000000-7fbcf0021000 rw-p 00000000 00:00 0 
7fbcf0021000-7fbcf4000000 ---p 00000000 00:00 0 
7fbcf4000000-7fbcf4021000 rw-p 00000000 00:00 0 
7fbcf4021000-7fbcf8000000 ---p 00000000 00:00 0 
7fbcf8000000-7fbcf8021000 rw-p 00000000 00:00 0 
7fbcf8021000-7fbcfc000000 ---p 00000000 00:00 0 
7fbcfc0f9000-7fbcfcdc0000 rw-p 00000000 00:00 0 
7fbcfcdc0000-7fbcfd000000 ---p 00000000 00:00 0 
7fbcfd000000-7fbcfd270000 rwxp 00000000 00:00 0 
7fbcfd270000-7fbd0c000000 ---p 00000000 00:00 0 
7fbd0c000000-7fbd0c472000 rw-p 00000000 00:00 0 
7fbd0c472000-7fbd10000000 ---p 00000000 00:00 0 
7fbd1009b000-7fbd100ea000 rw-p 00000000 00:00 0 
7fbd100ea000-7fbd102c0000 r--s 03c62000 fd:01 1585406                    /usr/java/jdk1.8.0_20/jre/lib/rt.jar
7fbd102c0000-7fbd12591000 rw-p 00000000 00:00 0 
7fbd12591000-7fbd12592000 ---p 00000000 00:00 0 
7fbd12592000-7fbd12692000 rw-p 00000000 00:00 0                          [stack:14159]
7fbd12692000-7fbd12693000 ---p 00000000 00:00 0 
7fbd12693000-7fbd12793000 rw-p 00000000 00:00 0                          [stack:14158]
7fbd12793000-7fbd12794000 ---p 00000000 00:00 0 
7fbd12794000-7fbd12894000 rw-p 00000000 00:00 0                          [stack:14157]
7fbd12894000-7fbd12895000 ---p 00000000 00:00 0 
7fbd12895000-7fbd129a5000 rw-p 00000000 00:00 0                          [stack:14156]
7fbd129a5000-7fbd12aeb000 ---p 00000000 00:00 0 
7fbd12aeb000-7fbd12afb000 rw-p 00000000 00:00 0 
7fbd12afb000-7fbd12c40000 ---p 00000000 00:00 0 
7fbd12c40000-7fbd12c4f000 rw-p 00000000 00:00 0 
7fbd12c4f000-7fbd12ceb000 ---p 00000000 00:00 0 
7fbd12ceb000-7fbd12cf6000 rw-p 00000000 00:00 0 
7fbd12cf6000-7fbd130ac000 ---p 00000000 00:00 0 
7fbd130ac000-7fbd130c6000 r-xp 00000000 fd:01 1585190                    /usr/java/jdk1.8.0_20/jre/lib/amd64/libzip.so
7fbd130c6000-7fbd132c6000 ---p 0001a000 fd:01 1585190                    /usr/java/jdk1.8.0_20/jre/lib/amd64/libzip.so
7fbd132c6000-7fbd132c7000 rw-p 0001a000 fd:01 1585190                    /usr/java/jdk1.8.0_20/jre/lib/amd64/libzip.so
7fbd132c7000-7fbd132d2000 r-xp 00000000 fd:01 1449016                    /usr/lib64/libnss_files-2.18.so
7fbd132d2000-7fbd134d1000 ---p 0000b000 fd:01 1449016                    /usr/lib64/libnss_files-2.18.so
7fbd134d1000-7fbd134d2000 r--p 0000a000 fd:01 1449016                    /usr/lib64/libnss_files-2.18.so
7fbd134d2000-7fbd134d3000 rw-p 0000b000 fd:01 1449016                    /usr/lib64/libnss_files-2.18.so
7fbd134e9000-7fbd134f7000 r--s 000b4000 fd:01 546492                     /home/leandro/Programas/sdk/build-tools/android-4.4W/lib/dx.jar
7fbd134f7000-7fbd13521000 r-xp 00000000 fd:01 1585155                    /usr/java/jdk1.8.0_20/jre/lib/amd64/libjava.so
7fbd13521000-7fbd13721000 ---p 0002a000 fd:01 1585155                    /usr/java/jdk1.8.0_20/jre/lib/amd64/libjava.so
7fbd13721000-7fbd13723000 rw-p 0002a000 fd:01 1585155                    /usr/java/jdk1.8.0_20/jre/lib/amd64/libjava.so
7fbd13723000-7fbd13730000 r-xp 00000000 fd:01 1585189                    /usr/java/jdk1.8.0_20/jre/lib/amd64/libverify.so
7fbd13730000-7fbd13930000 ---p 0000d000 fd:01 1585189                    /usr/java/jdk1.8.0_20/jre/lib/amd64/libverify.so
7fbd13930000-7fbd13932000 rw-p 0000d000 fd:01 1585189                    /usr/java/jdk1.8.0_20/jre/lib/amd64/libverify.so
7fbd13932000-7fbd13935000 ---p 00000000 00:00 0 
7fbd13935000-7fbd13a33000 rw-p 00000000 00:00 0                          [stack:14155]
7fbd13a33000-7fbd1469d000 r-xp 00000000 fd:01 1585194                    /usr/java/jdk1.8.0_20/jre/lib/amd64/server/libjvm.so
7fbd1469d000-7fbd1489c000 ---p 00c6a000 fd:01 1585194                    /usr/java/jdk1.8.0_20/jre/lib/amd64/server/libjvm.so
7fbd1489c000-7fbd14973000 rw-p 00c69000 fd:01 1585194                    /usr/java/jdk1.8.0_20/jre/lib/amd64/server/libjvm.so
7fbd14973000-7fbd149b8000 rw-p 00000000 00:00 0 
7fbd149b8000-7fbd149cd000 r-xp 00000000 fd:01 1716605                    /usr/java/jdk1.8.0_20/lib/amd64/jli/libjli.so
7fbd149cd000-7fbd14bcc000 ---p 00015000 fd:01 1716605                    /usr/java/jdk1.8.0_20/lib/amd64/jli/libjli.so
7fbd14bcc000-7fbd14bcd000 rw-p 00014000 fd:01 1716605                    /usr/java/jdk1.8.0_20/lib/amd64/jli/libjli.so
7fbd14bcd000-7fbd14bce000 rw-p 00000000 00:00 0 
7fbd14bd2000-7fbd14be8000 rw-p 00000000 00:00 0 
7fbd14be8000-7fbd14bf0000 rw-s 00000000 00:21 2379929                    /tmp/hsperfdata_leandro/14146
7fbd14bf0000-7fbd14bf1000 rw-p 00000000 00:00 0 
7fbd14bf1000-7fbd14bf2000 r--p 00000000 00:00 0 
7fbd14bf2000-7fbd14bf3000 rw-p 00000000 00:00 0 
7fff9fe6e000-7fff9fe90000 rw-p 00000000 00:00 0                          [stack]
7fff9ff7e000-7fff9ff80000 r-xp 00000000 00:00 0                          [vdso]
7fff9ff80000-7fff9ff82000 r--p 00000000 00:00 0                          [vvar]
ffffffffff600000-ffffffffff601000 r-xp 00000000 00:00 0                  [vsyscall]

VM Arguments:
jvm_args: -Xmx1024M 
java_command: /home/leandro/Programas/sdk/build-tools/android-4.4W/lib/dx.jar --dex --num-threads=4 --output /home/leandro/AndroidStudioProjects/fourheads/GestionAndroid/app/build/intermediates/dex/debug /home/leandro/AndroidStudioProjects/fourheads/GestionAndroid/app/build/intermediates/classes/debug /home/leandro/AndroidStudioProjects/fourheads/GestionAndroid/app/build/intermediates/dependency-cache/debug /home/leandro/AndroidStudioProjects/fourheads/GestionAndroid/app/build/intermediates/pre-dexed/debug/jackson-core-2.3.2-ab44e315ef76fc6734bdc3c3c5c6ba29b101170a.jar /home/leandro/AndroidStudioProjects/fourheads/GestionAndroid/app/build/intermediates/pre-dexed/debug/jackson-annotations-2.3.0-06b846b2da52b0753ce223d80f7b696e86e72d38.jar /home/leandro/AndroidStudioProjects/fourheads/GestionAndroid/app/build/intermediates/pre-dexed/debug/classes-9baacb7e9bae1c826a6d6fd8800e798dfbff547c.jar /home/leandro/AndroidStudioProjects/fourheads/GestionAndroid/app/build/intermediates/pre-dexed/debug/classes-7e9180976871f034b7f4df07692b329935858e56.jar /home/leandro/AndroidStudioProjects/fourheads/GestionAndroid/app/build/intermediates/pre-dexed/debug/support-annotations-20.0.0-0bf63cd9c9dcdb508848aea47582abbfdb31938a.jar /home/leandro/AndroidStudioProjects/fourheads/GestionAndroid/app/build/intermediates/pre-dexed/debug/spring-android-rest-template-1.0.1.RELEASE-2d8f5aba75c0e882a5758cd57362c42f351148c7.jar /home/leandro/AndroidStudioProjects/fourheads/GestionAndroid/app/build/intermediates/pre-dexed/debug/jackson-databind-2.3.2-3c023344e11ebdbd9dd5334c1bbf0f9a69dd57a1.jar /home/leandro/AndroidStudioProjects/fourheads/GestionAndroid/app/build/intermediates/pre-dexed/debug/internal_impl-20.0.0-ecf5c70c93bdcdae618ce4081875c0bb51c5933b.jar /home/leandro/AndroidStudioProjects/fourheads/GestionAndroid/app/build/intermediates/pre-dexed/debug/spring-android-core-1.0.1.RELEASE-7ab26e9a3a3f582425003babf056da9d071ac24f.jar /home/leandro/AndroidStudioProjects/fourheads/GestionAndroid/app
java_class_path (initial): /home/leandro/Programas/sdk/build-tools/android-4.4W/lib/dx.jar
Launcher Type: SUN_STANDARD

Environment Variables:
CLASSPATH=/home/leandro/Programas/android-studio/bin/../lib/bootstrap.jar:/home/leandro/Programas/android-studio/bin/../lib/extensions.jar:/home/leandro/Programas/android-studio/bin/../lib/util.jar:/home/leandro/Programas/android-studio/bin/../lib/jdom.jar:/home/leandro/Programas/android-studio/bin/../lib/log4j.jar:/home/leandro/Programas/android-studio/bin/../lib/trove4j.jar:/home/leandro/Programas/android-studio/bin/../lib/jna.jar:/usr/java/jdk1.8.0_20/lib/tools.jar
PATH=/usr/lib64/qt-3.3/bin:/usr/libexec/lightdm:/usr/local/bin:/usr/bin:/bin:/usr/local/sbin:/usr/sbin:/home/leandro/.local/bin:/home/leandro/bin
LD_LIBRARY_PATH=/home/leandro/Programas/android-studio/bin:
SHELL=/bin/bash
DISPLAY=:0.0

Signal Handlers:
SIGSEGV: [libjvm.so+0xa77530], sa_mask[0]=11111111011111111101111111111110, sa_flags=SA_RESTART|SA_SIGINFO
SIGBUS: [libjvm.so+0xa77530], sa_mask[0]=11111111011111111101111111111110, sa_flags=SA_RESTART|SA_SIGINFO
SIGFPE: [libjvm.so+0x8e1d90], sa_mask[0]=11111111011111111101111111111110, sa_flags=SA_RESTART|SA_SIGINFO
SIGPIPE: [libjvm.so+0x8e1d90], sa_mask[0]=11111111011111111101111111111110, sa_flags=SA_RESTART|SA_SIGINFO
SIGXFSZ: [libjvm.so+0x8e1d90], sa_mask[0]=11111111011111111101111111111110, sa_flags=SA_RESTART|SA_SIGINFO
SIGILL: [libjvm.so+0x8e1d90], sa_mask[0]=11111111011111111101111111111110, sa_flags=SA_RESTART|SA_SIGINFO
SIGUSR1: SIG_DFL, sa_mask[0]=00000000000000000000000000000000, sa_flags=none
SIGUSR2: [libjvm.so+0x8e35c0], sa_mask[0]=00100000000000000000000000000000, sa_flags=SA_RESTART|SA_SIGINFO
SIGHUP: [libjvm.so+0x8e4980], sa_mask[0]=11111111011111111101111111111110, sa_flags=SA_RESTART|SA_SIGINFO
SIGINT: [libjvm.so+0x8e4980], sa_mask[0]=11111111011111111101111111111110, sa_flags=SA_RESTART|SA_SIGINFO
SIGTERM: [libjvm.so+0x8e4980], sa_mask[0]=11111111011111111101111111111110, sa_flags=SA_RESTART|SA_SIGINFO
SIGQUIT: [libjvm.so+0x8e4980], sa_mask[0]=11111111011111111101111111111110, sa_flags=SA_RESTART|SA_SIGINFO


---------------  S Y S T E M  ---------------

OS:Fedora release 20 (Heisenbug)

uname:Linux 3.16.2-201.fc20.x86_64 #1 SMP Mon Sep 15 19:57:50 UTC 2014 x86_64
libc:glibc 2.18 NPTL 2.18 
rlimit: STACK 8192k, CORE 0k, NPROC 1024, NOFILE 4096, AS infinity
load average:1,46 1,24 0,90

/proc/meminfo:
MemTotal:        3081164 kB
MemFree:          103144 kB
MemAvailable:     159828 kB
Buffers:            9436 kB
Cached:           392412 kB
SwapCached:       105008 kB
Active:          2144944 kB
Inactive:         624836 kB
Active(anon):    2050360 kB
Inactive(anon):   569084 kB
Active(file):      94584 kB
Inactive(file):    55752 kB
Unevictable:          32 kB
Mlocked:              32 kB
SwapTotal:       3162108 kB
SwapFree:        1682528 kB
Dirty:              2304 kB
Writeback:             0 kB
AnonPages:       2353876 kB
Mapped:            81832 kB
Shmem:            251664 kB
Slab:              69688 kB
SReclaimable:      37944 kB
SUnreclaim:        31744 kB
KernelStack:        7376 kB
PageTables:        37472 kB
NFS_Unstable:          0 kB
Bounce:                0 kB
WritebackTmp:          0 kB
CommitLimit:     4702688 kB
Committed_AS:    6307500 kB
VmallocTotal:   34359738367 kB
VmallocUsed:       84388 kB
VmallocChunk:   34359620384 kB
HardwareCorrupted:     0 kB
AnonHugePages:         0 kB
HugePages_Total:       0
HugePages_Free:        0
HugePages_Rsvd:        0
HugePages_Surp:        0
Hugepagesize:       2048 kB
DirectMap4k:       80832 kB
DirectMap2M:     3063808 kB


CPU:total 4 (4 cores per cpu, 1 threads per core) family 6 model 15 stepping 11, cmov, cx8, fxsr, mmx, sse, sse2, sse3, ssse3, tsc

/proc/cpuinfo:
processor	: 0
vendor_id	: GenuineIntel
cpu family	: 6
model		: 15
model name	: Intel(R) Core(TM)2 Quad CPU    Q6600  @ 2.40GHz
stepping	: 11
microcode	: 0xba
cpu MHz		: 2400.000
cache size	: 4096 KB
physical id	: 0
siblings	: 4
core id		: 0
cpu cores	: 4
apicid		: 0
initial apicid	: 0
fpu		: yes
fpu_exception	: yes
cpuid level	: 10
wp		: yes
flags		: fpu vme de pse tsc msr pae mce cx8 apic sep mtrr pge mca cmov pat pse36 clflush dts acpi mmx fxsr sse sse2 ss ht tm pbe syscall nx lm constant_tsc arch_perfmon pebs bts rep_good nopl aperfmperf pni dtes64 monitor ds_cpl vmx est tm2 ssse3 cx16 xtpr pdcm lahf_lm dtherm tpr_shadow vnmi flexpriority
bogomips	: 4799.95
clflush size	: 64
cache_alignment	: 64
address sizes	: 36 bits physical, 48 bits virtual
power management:

processor	: 1
vendor_id	: GenuineIntel
cpu family	: 6
model		: 15
model name	: Intel(R) Core(TM)2 Quad CPU    Q6600  @ 2.40GHz
stepping	: 11
microcode	: 0xba
cpu MHz		: 2400.000
cache size	: 4096 KB
physical id	: 0
siblings	: 4
core id		: 2
cpu cores	: 4
apicid		: 2
initial apicid	: 2
fpu		: yes
fpu_exception	: yes
cpuid level	: 10
wp		: yes
flags		: fpu vme de pse tsc msr pae mce cx8 apic sep mtrr pge mca cmov pat pse36 clflush dts acpi mmx fxsr sse sse2 ss ht tm pbe syscall nx lm constant_tsc arch_perfmon pebs bts rep_good nopl aperfmperf pni dtes64 monitor ds_cpl vmx est tm2 ssse3 cx16 xtpr pdcm lahf_lm dtherm tpr_shadow vnmi flexpriority
bogomips	: 4799.95
clflush size	: 64
cache_alignment	: 64
address sizes	: 36 bits physical, 48 bits virtual
power management:

processor	: 2
vendor_id	: GenuineIntel
cpu family	: 6
model		: 15
model name	: Intel(R) Core(TM)2 Quad CPU    Q6600  @ 2.40GHz
stepping	: 11
microcode	: 0xba
cpu MHz		: 2400.000
cache size	: 4096 KB
physical id	: 0
siblings	: 4
core id		: 1
cpu cores	: 4
apicid		: 1
initial apicid	: 1
fpu		: yes
fpu_exception	: yes
cpuid level	: 10
wp		: yes
flags		: fpu vme de pse tsc msr pae mce cx8 apic sep mtrr pge mca cmov pat pse36 clflush dts acpi mmx fxsr sse sse2 ss ht tm pbe syscall nx lm constant_tsc arch_perfmon pebs bts rep_good nopl aperfmperf pni dtes64 monitor ds_cpl vmx est tm2 ssse3 cx16 xtpr pdcm lahf_lm dtherm tpr_shadow vnmi flexpriority
bogomips	: 4799.95
clflush size	: 64
cache_alignment	: 64
address sizes	: 36 bits physical, 48 bits virtual
power management:

processor	: 3
vendor_id	: GenuineIntel
cpu family	: 6
model		: 15
model name	: Intel(R) Core(TM)2 Quad CPU    Q6600  @ 2.40GHz
stepping	: 11
microcode	: 0xba
cpu MHz		: 2400.000
cache size	: 4096 KB
physical id	: 0
siblings	: 4
core id		: 3
cpu cores	: 4
apicid		: 3
initial apicid	: 3
fpu		: yes
fpu_exception	: yes
cpuid level	: 10
wp		: yes
flags		: fpu vme de pse tsc msr pae mce cx8 apic sep mtrr pge mca cmov pat pse36 clflush dts acpi mmx fxsr sse sse2 ss ht tm pbe syscall nx lm constant_tsc arch_perfmon pebs bts rep_good nopl aperfmperf pni dtes64 monitor ds_cpl vmx est tm2 ssse3 cx16 xtpr pdcm lahf_lm dtherm tpr_shadow vnmi flexpriority
bogomips	: 4799.95
clflush size	: 64
cache_alignment	: 64
address sizes	: 36 bits physical, 48 bits virtual
power management:



Memory: 4k page, physical 3081164k(103144k free), swap 3162108k(1682528k free)

vm_info: Java HotSpot(TM) 64-Bit Server VM (25.20-b23) for linux-amd64 JRE (1.8.0_20-b26), built on Jul 30 2014 13:13:52 by "java_re" with gcc 4.3.0 20080428 (Red Hat 4.3.0-8)

time: Wed Nov 19 19:49:30 2014
elapsed time: 0 seconds (0d 0h 0m 0s)

