#
# A fatal error has been detected by the Java Runtime Environment:
#
#  SIGSEGV (0xb) at pc=0x00007f1862005060, pid=6410, tid=139743672133376
#
# JRE version: Java(TM) SE Runtime Environment (8.0_20-b26) (build 1.8.0_20-b26)
# Java VM: Java HotSpot(TM) 64-Bit Server VM (25.20-b23 mixed mode linux-amd64 compressed oops)
# Problematic frame:
# C  0x00007f1862005060
#
# Failed to write core dump. Core dumps have been disabled. To enable core dumping, try "ulimit -c unlimited" before starting Java again
#
# If you would like to submit a bug report, please visit:
#   http://bugreport.sun.com/bugreport/crash.jsp
#

---------------  T H R E A D  ---------------

Current thread (0x00007f18b01df800):  JavaThread "pool-1-thread-1" [_thread_in_Java, id=6433, stack(0x00007f189bdfe000,0x00007f189beff000)]

siginfo: si_signo: 11 (SIGSEGV), si_code: 2 (SEGV_ACCERR), si_addr: 0x00007f1862005060

Registers:
RAX=0x0000000000000118, RBX=0x0000000000000040, RCX=0x0000000000000001, RDX=0x000000000000002d
RSP=0x00007f189befcc58, RBP=0x00007f189befcd10, RSI=0x00000000ead887a8, RDI=0x00007f18b50f42f8
R8 =0x00000000ead887a8, R9 =0x0000000000000002, R10=0x00007f18b798dca0, R11=0x00007f18a11f7e20
R12=0x0000000000000000, R13=0x00007f189befccc0, R14=0x00000001000831a8, R15=0x00007f18b01df800
RIP=0x00007f1862005060, EFLAGS=0x0000000000010206, CSGSFS=0x0000000000000033, ERR=0x0000000000000014
  TRAPNO=0x000000000000000e

Top of Stack: (sp=0x00007f189befcc58)
0x00007f189befcc58:   00007f18a11f7ebc 00007f189befccb8
0x00007f189befcc68:   00007f18b5094140 00000000ead86ed8
0x00007f189befcc78:   00007f180000002d 00000000ead88798
0x00007f189befcc88:   00007f180000002d 00007f189befcd00
0x00007f189befcc98:   00000000ead6a568 00007f189befcd10
0x00007f189befcca8:   00007f18a10079d2 00007f18a100798d
0x00007f189befccb8:   00007f18a10079d2 000000000000002d
0x00007f189befccc8:   00000000ead88798 00007f189befccd0
0x00007f189befccd8:   00007f18b5069f7a 00007f189befcd28
0x00007f189befcce8:   00007f18b506a938 00007f18b51158a8
0x00007f189befccf8:   00007f18b5069f88 00007f189befccc0
0x00007f189befcd08:   00007f189befcd20 00007f189befcd70
0x00007f189befcd18:   00007f18a100798d 000000000000002d
0x00007f189befcd28:   00000000ead69d70 00007f189befcd30
0x00007f189befcd38:   00007f18b5092f57 00007f189befcd88
0x00007f189befcd48:   00007f18b50931f8 00007f18b510b0f0
0x00007f189befcd58:   00007f18b5092f90 00007f189befcd20
0x00007f189befcd68:   00007f189befcd90 00007f189befce38
0x00007f189befcd78:   00007f18a1215eb4 0000000000000000
0x00007f189befcd88:   00000000ead8a808 00007f189befce38
0x00007f189befcd98:   00007f18a11fd884 00000000ead8a870
0x00007f189befcda8:   00007f18b4e80320 00007f18b4c65c70
0x00007f189befcdb8:   00000000ead8a808 00007f189befce38
0x00007f189befcdc8:   00007f18a1007710 00007f189befce38
0x00007f189befcdd8:   00007f18a100798d 00007f18a100798d
0x00007f189befcde8:   00007f18a100798d 00000000ead8a808
0x00007f189befcdf8:   00007f189befcdf8 00007f18b5092dc0
0x00007f189befce08:   00007f189befce78 00007f18b50931f8
0x00007f189befce18:   00007f18b51164c0 00007f18b5092de8
0x00007f189befce28:   00007f189befcdf0 00007f189befce78
0x00007f189befce38:   00007f189befcec0 00007f18a100798d
0x00007f189befce48:   0000000000000000 0000000000000000 

Instructions: (pc=0x00007f1862005060)
0x00007f1862005040:   
[error occurred during error reporting (printing registers, top of stack, instructions near pc), id 0xb]

Register to memory mapping:

RAX=0x0000000000000118 is an unknown value
RBX=0x0000000000000040 is an unknown value
RCX=0x0000000000000001 is an unknown value
RDX=0x000000000000002d is an unknown value
RSP=0x00007f189befcc58 is pointing into the stack for thread: 0x00007f18b01df800
RBP=0x00007f189befcd10 is pointing into the stack for thread: 0x00007f18b01df800
RSI=0x00000000ead887a8 is an oop
[I 
 - klass: {type array int}
 - length: 2
RDI=0x00007f18b50f42f8 is pointing into metadata
R8 =0x00000000ead887a8 is an oop
[I 
 - klass: {type array int}
 - length: 2
R9 =0x0000000000000002 is an unknown value
R10=0x00007f18b798dca0: <offset 0xf59ca0> in /usr/java/jdk1.8.0_20/jre/lib/amd64/server/libjvm.so at 0x00007f18b6a34000
R11=0x00007f18a11f7e20 is at entry_point+32 in (nmethod*)0x00007f18a11f7c90
R12=0x0000000000000000 is an unknown value
R13=0x00007f189befccc0 is pointing into the stack for thread: 0x00007f18b01df800
R14=0x00000001000831a8 is pointing into metadata
R15=0x00007f18b01df800 is a thread


Stack: [0x00007f189bdfe000,0x00007f189beff000],  sp=0x00007f189befcc58,  free space=1019k
Native frames: (J=compiled Java code, j=interpreted, Vv=VM code, C=native code)
C  0x00007f1862005060
j  com.android.dx.ssa.back.LivenessAnalyzer.liveInAtStatement()V+15
J 632 C1 com.android.dx.ssa.back.LivenessAnalyzer.handleTailRecursion()V (94 bytes) @ 0x00007f18a1215eb4 [0x00007f18a1215b60+0x354]
j  com.android.dx.ssa.back.LivenessAnalyzer.run()V+224
j  com.android.dx.ssa.back.LivenessAnalyzer.constructInterferenceGraph(Lcom/android/dx/ssa/SsaMethod;)Lcom/android/dx/ssa/back/InterferenceGraph;+31
j  com.android.dx.ssa.back.SsaToRop.<init>(Lcom/android/dx/ssa/SsaMethod;Z)V+16
j  com.android.dx.ssa.back.SsaToRop.convertToRopMethod(Lcom/android/dx/ssa/SsaMethod;Z)Lcom/android/dx/rop/code/RopMethod;+6
j  com.android.dx.ssa.Optimizer.optimize(Lcom/android/dx/rop/code/RopMethod;IZZLcom/android/dx/rop/code/TranslationAdvice;Ljava/util/EnumSet;)Lcom/android/dx/rop/code/RopMethod;+30
j  com.android.dx.ssa.Optimizer.optimize(Lcom/android/dx/rop/code/RopMethod;IZZLcom/android/dx/rop/code/TranslationAdvice;)Lcom/android/dx/rop/code/RopMethod;+12
j  com.android.dx.dex.cf.CfTranslator.processMethods(Lcom/android/dx/cf/direct/DirectClassFile;Lcom/android/dx/dex/cf/CfOptions;Lcom/android/dx/dex/DexOptions;Lcom/android/dx/dex/file/ClassDefItem;Lcom/android/dx/dex/file/MethodIdsSection;)V+263
j  com.android.dx.dex.cf.CfTranslator.translate0(Lcom/android/dx/cf/direct/DirectClassFile;[BLcom/android/dx/dex/cf/CfOptions;Lcom/android/dx/dex/DexOptions;Lcom/android/dx/dex/file/DexFile;)Lcom/android/dx/dex/file/ClassDefItem;+125
j  com.android.dx.dex.cf.CfTranslator.translate(Lcom/android/dx/cf/direct/DirectClassFile;[BLcom/android/dx/dex/cf/CfOptions;Lcom/android/dx/dex/DexOptions;Lcom/android/dx/dex/file/DexFile;)Lcom/android/dx/dex/file/ClassDefItem;+6
j  com.android.dx.command.dexer.Main.processClass(Ljava/lang/String;[B)Z+175
j  com.android.dx.command.dexer.Main.processFileBytes(Ljava/lang/String;J[B)Z+188
j  com.android.dx.command.dexer.Main.access$600(Ljava/lang/String;J[B)Z+3
j  com.android.dx.command.dexer.Main$ParallelProcessor.run()V+12
j  java.util.concurrent.ThreadPoolExecutor.runWorker(Ljava/util/concurrent/ThreadPoolExecutor$Worker;)V+95
j  java.util.concurrent.ThreadPoolExecutor$Worker.run()V+5
j  java.lang.Thread.run()V+11
v  ~StubRoutines::call_stub
V  [libjvm.so+0x663ce6]  JavaCalls::call_helper(JavaValue*, methodHandle*, JavaCallArguments*, Thread*)+0x1056
V  [libjvm.so+0x6641f1]  JavaCalls::call_virtual(JavaValue*, KlassHandle, Symbol*, Symbol*, JavaCallArguments*, Thread*)+0x321
V  [libjvm.so+0x664697]  JavaCalls::call_virtual(JavaValue*, Handle, KlassHandle, Symbol*, Symbol*, Thread*)+0x47
V  [libjvm.so+0x6f1990]  thread_entry(JavaThread*, Thread*)+0xa0
V  [libjvm.so+0xa2990f]  JavaThread::thread_main_inner()+0xdf
V  [libjvm.so+0xa29a3c]  JavaThread::run()+0x11c
V  [libjvm.so+0x8e75f8]  java_start(Thread*)+0x108
C  [libpthread.so.0+0x7f35]


---------------  P R O C E S S  ---------------

Java Threads: ( => current thread )
  0x00007f18b01f2800 JavaThread "pool-1-thread-4" [_thread_in_Java, id=6436, stack(0x00007f189bafb000,0x00007f189bbfc000)]
  0x00007f18b01f1000 JavaThread "pool-1-thread-3" [_thread_in_Java, id=6435, stack(0x00007f189bbfc000,0x00007f189bcfd000)]
  0x00007f18b01ea800 JavaThread "pool-1-thread-2" [_thread_in_Java, id=6434, stack(0x00007f189bcfd000,0x00007f189bdfe000)]
=>0x00007f18b01df800 JavaThread "pool-1-thread-1" [_thread_in_Java, id=6433, stack(0x00007f189bdfe000,0x00007f189beff000)]
  0x00007f18b019e000 JavaThread "Service Thread" daemon [_thread_blocked, id=6431, stack(0x00007f18a00f1000,0x00007f18a01f2000)]
  0x00007f18b0178800 JavaThread "C1 CompilerThread2" daemon [_thread_blocked, id=6430, stack(0x00007f18a01f2000,0x00007f18a02f3000)]
  0x00007f18b0176800 JavaThread "C2 CompilerThread1" daemon [_thread_blocked, id=6429, stack(0x00007f18a02f3000,0x00007f18a03f4000)]
  0x00007f18b0174000 JavaThread "C2 CompilerThread0" daemon [_thread_blocked, id=6428, stack(0x00007f18a03f4000,0x00007f18a04f5000)]
  0x00007f18b0171800 JavaThread "Signal Dispatcher" daemon [_thread_blocked, id=6427, stack(0x00007f18a04f5000,0x00007f18a05f6000)]
  0x00007f18b0142800 JavaThread "Finalizer" daemon [_thread_blocked, id=6426, stack(0x00007f18a05f6000,0x00007f18a06f7000)]
  0x00007f18b0140800 JavaThread "Reference Handler" daemon [_thread_blocked, id=6425, stack(0x00007f18a06f7000,0x00007f18a07f8000)]
  0x00007f18b0009800 JavaThread "main" [_thread_blocked, id=6419, stack(0x00007f18b6933000,0x00007f18b6a34000)]

Other Threads:
  0x00007f18b0139800 VMThread [stack: 0x00007f18a07f8000,0x00007f18a08f9000] [id=6424]
  0x00007f18b01a0800 WatcherThread [stack: 0x00007f189beff000,0x00007f189c000000] [id=6432]

VM state:not at safepoint (normal execution)

VM Mutex/Monitor currently owned by a thread: None

Heap:
 PSYoungGen      total 26624K, used 5402K [0x00000000eab00000, 0x00000000ec700000, 0x0000000100000000)
  eden space 24576K, 13% used [0x00000000eab00000,0x00000000eae48200,0x00000000ec300000)
  from space 2048K, 99% used [0x00000000ec500000,0x00000000ec6fe840,0x00000000ec700000)
  to   space 2048K, 0% used [0x00000000ec300000,0x00000000ec300000,0x00000000ec500000)
 ParOldGen       total 32768K, used 4258K [0x00000000c0000000, 0x00000000c2000000, 0x00000000eab00000)
  object space 32768K, 12% used [0x00000000c0000000,0x00000000c0428958,0x00000000c2000000)
 Metaspace       used 5255K, capacity 6448K, committed 6528K, reserved 1056768K
  class space    used 561K, capacity 616K, committed 640K, reserved 1048576K

Card table byte_map: [0x00007f18b5aec000,0x00007f18b5ced000] byte_map_base: 0x00007f18b54ec000

Marking Bits: (ParMarkBitMap*) 0x00007f18b798bac0
 Begin Bits: [0x00007f1897000000, 0x00007f1898000000)
 End Bits:   [0x00007f1898000000, 0x00007f1899000000)

Polling page: 0x00007f18b7bf2000

CodeCache: size=245760Kb used=2485Kb max_used=2485Kb free=243274Kb
 bounds [0x00007f18a1000000, 0x00007f18a1270000, 0x00007f18b0000000]
 total_blobs=976 nmethods=715 adapters=177
 compilation: enabled

Compilation events (10 events):
Event: 0,850 Thread 0x00007f18b0178800  654       3       com.android.dx.rop.cst.CstBaseMethodRef::compareTo0 (29 bytes)
Event: 0,850 Thread 0x00007f18b0178800 nmethod 654 0x00007f18a12500d0 code [0x00007f18a1250260, 0x00007f18a12505f8]
Event: 0,850 Thread 0x00007f18b0178800  616       3       com.android.dx.rop.code.InsnList::getLast (11 bytes)
Event: 0,851 Thread 0x00007f18b0178800 nmethod 616 0x00007f18a1250750 code [0x00007f18a12508e0, 0x00007f18a1250d88]
Event: 0,851 Thread 0x00007f18b0178800  625       3       com.android.dx.ssa.back.LivenessAnalyzer::liveInAtStatement (55 bytes)
Event: 0,852 Thread 0x00007f18b0174000 nmethod 651 0x00007f18a1251e50 code [0x00007f18a1252100, 0x00007f18a12528c0]
Event: 0,852 Thread 0x00007f18b0174000  682       4       com.android.dx.ssa.NormalSsaInsn::hasSideEffect (76 bytes)
Event: 0,855 Thread 0x00007f18b0174000 nmethod 682 0x00007f18a1245c10 code [0x00007f18a1245d80, 0x00007f18a1245ef8]
Event: 0,855 Thread 0x00007f18b0174000  704       4       com.android.dx.util.Bits::set (38 bytes)
Event: 0,857 Thread 0x00007f18b0174000 nmethod 704 0x00007f18a1251b10 code [0x00007f18a1251c60, 0x00007f18a1251d38]

GC Heap History (4 events):
Event: 0,490 GC heap before
{Heap before GC invocations=1 (full 0):
 PSYoungGen      total 14336K, used 12200K [0x00000000eab00000, 0x00000000ebb00000, 0x0000000100000000)
  eden space 12288K, 99% used [0x00000000eab00000,0x00000000eb6ea190,0x00000000eb700000)
  from space 2048K, 0% used [0x00000000eb900000,0x00000000eb900000,0x00000000ebb00000)
  to   space 2048K, 0% used [0x00000000eb700000,0x00000000eb700000,0x00000000eb900000)
 ParOldGen       total 32768K, used 0K [0x00000000c0000000, 0x00000000c2000000, 0x00000000eab00000)
  object space 32768K, 0% used [0x00000000c0000000,0x00000000c0000000,0x00000000c2000000)
 Metaspace       used 3851K, capacity 5264K, committed 5504K, reserved 1056768K
  class space    used 443K, capacity 520K, committed 640K, reserved 1048576K
Event: 0,496 GC heap after
Heap after GC invocations=1 (full 0):
 PSYoungGen      total 14336K, used 2027K [0x00000000eab00000, 0x00000000ec700000, 0x0000000100000000)
  eden space 12288K, 0% used [0x00000000eab00000,0x00000000eab00000,0x00000000eb700000)
  from space 2048K, 99% used [0x00000000eb700000,0x00000000eb8faed8,0x00000000eb900000)
  to   space 2048K, 0% used [0x00000000ec500000,0x00000000ec500000,0x00000000ec700000)
 ParOldGen       total 32768K, used 1612K [0x00000000c0000000, 0x00000000c2000000, 0x00000000eab00000)
  object space 32768K, 4% used [0x00000000c0000000,0x00000000c01931f0,0x00000000c2000000)
 Metaspace       used 3851K, capacity 5264K, committed 5504K, reserved 1056768K
  class space    used 443K, capacity 520K, committed 640K, reserved 1048576K
}
Event: 0,792 GC heap before
{Heap before GC invocations=2 (full 0):
 PSYoungGen      total 14336K, used 14315K [0x00000000eab00000, 0x00000000ec700000, 0x0000000100000000)
  eden space 12288K, 100% used [0x00000000eab00000,0x00000000eb700000,0x00000000eb700000)
  from space 2048K, 99% used [0x00000000eb700000,0x00000000eb8faed8,0x00000000eb900000)
  to   space 2048K, 0% used [0x00000000ec500000,0x00000000ec500000,0x00000000ec700000)
 ParOldGen       total 32768K, used 1612K [0x00000000c0000000, 0x00000000c2000000, 0x00000000eab00000)
  object space 32768K, 4% used [0x00000000c0000000,0x00000000c01931f0,0x00000000c2000000)
 Metaspace       used 5195K, capacity 6384K, committed 6528K, reserved 1056768K
  class space    used 560K, capacity 616K, committed 640K, reserved 1048576K
Event: 0,803 GC heap after
Heap after GC invocations=2 (full 0):
 PSYoungGen      total 26624K, used 2042K [0x00000000eab00000, 0x00000000ec700000, 0x0000000100000000)
  eden space 24576K, 0% used [0x00000000eab00000,0x00000000eab00000,0x00000000ec300000)
  from space 2048K, 99% used [0x00000000ec500000,0x00000000ec6fe840,0x00000000ec700000)
  to   space 2048K, 0% used [0x00000000ec300000,0x00000000ec300000,0x00000000ec500000)
 ParOldGen       total 32768K, used 4258K [0x00000000c0000000, 0x00000000c2000000, 0x00000000eab00000)
  object space 32768K, 12% used [0x00000000c0000000,0x00000000c0428958,0x00000000c2000000)
 Metaspace       used 5195K, capacity 6384K, committed 6528K, reserved 1056768K
  class space    used 560K, capacity 616K, committed 640K, reserved 1048576K
}

Deoptimization events (0 events):
No events

Internal exceptions (10 events):
Event: 0,635 Thread 0x00007f18b01f2800 Exception <a 'java/security/PrivilegedActionException'> (0x00000000eb07cb28) thrown at [/HUDSON/workspace/8-2-build-linux-amd64/jdk8u20/1074/hotspot/src/share/vm/prims/jvm.cpp, line 1275]
Event: 0,635 Thread 0x00007f18b01df800 Exception <a 'java/security/PrivilegedActionException'> (0x00000000eaeec0c0) thrown at [/HUDSON/workspace/8-2-build-linux-amd64/jdk8u20/1074/hotspot/src/share/vm/prims/jvm.cpp, line 1275]
Event: 0,636 Thread 0x00007f18b01df800 Exception <a 'java/security/PrivilegedActionException'> (0x00000000eb0818c0) thrown at [/HUDSON/workspace/8-2-build-linux-amd64/jdk8u20/1074/hotspot/src/share/vm/prims/jvm.cpp, line 1275]
Event: 0,638 Thread 0x00007f18b01f2800 Exception <a 'java/security/PrivilegedActionException'> (0x00000000eb0c6848) thrown at [/HUDSON/workspace/8-2-build-linux-amd64/jdk8u20/1074/hotspot/src/share/vm/prims/jvm.cpp, line 1275]
Event: 0,692 Thread 0x00007f18b01f1000 Exception <a 'java/security/PrivilegedActionException'> (0x00000000eb23ca98) thrown at [/HUDSON/workspace/8-2-build-linux-amd64/jdk8u20/1074/hotspot/src/share/vm/prims/jvm.cpp, line 1275]
Event: 0,693 Thread 0x00007f18b01f1000 Exception <a 'java/security/PrivilegedActionException'> (0x00000000eb2def00) thrown at [/HUDSON/workspace/8-2-build-linux-amd64/jdk8u20/1074/hotspot/src/share/vm/prims/jvm.cpp, line 1275]
Event: 0,704 Thread 0x00007f18b01f2800 Exception <a 'java/security/PrivilegedActionException'> (0x00000000eb2bc158) thrown at [/HUDSON/workspace/8-2-build-linux-amd64/jdk8u20/1074/hotspot/src/share/vm/prims/jvm.cpp, line 1275]
Event: 0,719 Thread 0x00007f18b01f1000 Exception <a 'java/security/PrivilegedActionException'> (0x00000000eb3772a8) thrown at [/HUDSON/workspace/8-2-build-linux-amd64/jdk8u20/1074/hotspot/src/share/vm/prims/jvm.cpp, line 1275]
Event: 0,729 Thread 0x00007f18b01ea800 Exception <a 'java/security/PrivilegedActionException'> (0x00000000eb3ee8c0) thrown at [/HUDSON/workspace/8-2-build-linux-amd64/jdk8u20/1074/hotspot/src/share/vm/prims/jvm.cpp, line 1275]
Event: 0,804 Thread 0x00007f18b01df800 Exception <a 'java/security/PrivilegedActionException'> (0x00000000eab00f90) thrown at [/HUDSON/workspace/8-2-build-linux-amd64/jdk8u20/1074/hotspot/src/share/vm/prims/jvm.cpp, line 1275]

Events (10 events):
Event: 0,742 loading class java/util/DualPivotQuicksort
Event: 0,743 loading class java/util/DualPivotQuicksort done
Event: 0,769 loading class java/util/TreeMap$EntrySet
Event: 0,770 loading class java/util/TreeMap$EntrySet done
Event: 0,770 loading class java/util/TreeMap$EntryIterator
Event: 0,770 loading class java/util/TreeMap$EntryIterator done
Event: 0,789 Executing VM operation: ParallelGCFailedAllocation
Event: 0,804 Executing VM operation: ParallelGCFailedAllocation done
Event: 0,804 loading class com/android/dx/cf/code/BytecodeArray$ConstantParserVisitor
Event: 0,804 loading class com/android/dx/cf/code/BytecodeArray$ConstantParserVisitor done


Dynamic libraries:
00400000-00401000 r-xp 00000000 fd:01 1585009                            /usr/java/jdk1.8.0_20/bin/java
00600000-00601000 rw-p 00000000 fd:01 1585009                            /usr/java/jdk1.8.0_20/bin/java
00f61000-00f82000 rw-p 00000000 00:00 0                                  [heap]
c0000000-c2000000 rw-p 00000000 00:00 0 
c2000000-eab00000 ---p 00000000 00:00 0 
eab00000-ec700000 rw-p 00000000 00:00 0 
ec700000-100000000 ---p 00000000 00:00 0 
100000000-1000a0000 rw-p 00000000 00:00 0 
1000a0000-140000000 ---p 00000000 00:00 0 
39d8200000-39d8220000 r-xp 00000000 fd:01 1449755                        /usr/lib64/ld-2.18.so
39d841f000-39d8420000 r--p 0001f000 fd:01 1449755                        /usr/lib64/ld-2.18.so
39d8420000-39d8421000 rw-p 00020000 fd:01 1449755                        /usr/lib64/ld-2.18.so
39d8421000-39d8422000 rw-p 00000000 00:00 0 
39d8600000-39d87b4000 r-xp 00000000 fd:01 1449760                        /usr/lib64/libc-2.18.so
39d87b4000-39d89b3000 ---p 001b4000 fd:01 1449760                        /usr/lib64/libc-2.18.so
39d89b3000-39d89b7000 r--p 001b3000 fd:01 1449760                        /usr/lib64/libc-2.18.so
39d89b7000-39d89b9000 rw-p 001b7000 fd:01 1449760                        /usr/lib64/libc-2.18.so
39d89b9000-39d89be000 rw-p 00000000 00:00 0 
39d8a00000-39d8a03000 r-xp 00000000 fd:01 1449765                        /usr/lib64/libdl-2.18.so
39d8a03000-39d8c02000 ---p 00003000 fd:01 1449765                        /usr/lib64/libdl-2.18.so
39d8c02000-39d8c03000 r--p 00002000 fd:01 1449765                        /usr/lib64/libdl-2.18.so
39d8c03000-39d8c04000 rw-p 00003000 fd:01 1449765                        /usr/lib64/libdl-2.18.so
39d8e00000-39d8e18000 r-xp 00000000 fd:01 1443220                        /usr/lib64/libpthread-2.18.so
39d8e18000-39d9017000 ---p 00018000 fd:01 1443220                        /usr/lib64/libpthread-2.18.so
39d9017000-39d9018000 r--p 00017000 fd:01 1443220                        /usr/lib64/libpthread-2.18.so
39d9018000-39d9019000 rw-p 00018000 fd:01 1443220                        /usr/lib64/libpthread-2.18.so
39d9019000-39d901d000 rw-p 00000000 00:00 0 
39d9200000-39d9305000 r-xp 00000000 fd:01 1449771                        /usr/lib64/libm-2.18.so
39d9305000-39d9505000 ---p 00105000 fd:01 1449771                        /usr/lib64/libm-2.18.so
39d9505000-39d9506000 r--p 00105000 fd:01 1449771                        /usr/lib64/libm-2.18.so
39d9506000-39d9507000 rw-p 00106000 fd:01 1449771                        /usr/lib64/libm-2.18.so
39da600000-39da607000 r-xp 00000000 fd:01 1449784                        /usr/lib64/librt-2.18.so
39da607000-39da806000 ---p 00007000 fd:01 1449784                        /usr/lib64/librt-2.18.so
39da806000-39da807000 r--p 00006000 fd:01 1449784                        /usr/lib64/librt-2.18.so
39da807000-39da808000 rw-p 00007000 fd:01 1449784                        /usr/lib64/librt-2.18.so
7f1844000000-7f1844043000 rw-p 00000000 00:00 0 
7f1844043000-7f1848000000 ---p 00000000 00:00 0 
7f184c000000-7f184c032000 rw-p 00000000 00:00 0 
7f184c032000-7f1850000000 ---p 00000000 00:00 0 
7f1850000000-7f1850076000 rw-p 00000000 00:00 0 
7f1850076000-7f1854000000 ---p 00000000 00:00 0 
7f1854000000-7f1854021000 rw-p 00000000 00:00 0 
7f1854021000-7f1858000000 ---p 00000000 00:00 0 
7f1858000000-7f18582d5000 rw-p 00000000 00:00 0 
7f18582d5000-7f185c000000 ---p 00000000 00:00 0 
7f185c000000-7f185c271000 rw-p 00000000 00:00 0 
7f185c271000-7f1860000000 ---p 00000000 00:00 0 
7f1860000000-7f1860021000 rw-p 00000000 00:00 0 
7f1860021000-7f1864000000 ---p 00000000 00:00 0 
7f1864000000-7f18641d5000 rw-p 00000000 00:00 0 
7f18641d5000-7f1868000000 ---p 00000000 00:00 0 
7f1868000000-7f18681fb000 rw-p 00000000 00:00 0 
7f18681fb000-7f186c000000 ---p 00000000 00:00 0 
7f186c000000-7f186c021000 rw-p 00000000 00:00 0 
7f186c021000-7f1870000000 ---p 00000000 00:00 0 
7f1871ad7000-7f1878000000 r--p 00000000 fd:01 1451894                    /usr/lib/locale/locale-archive
7f1878000000-7f1878021000 rw-p 00000000 00:00 0 
7f1878021000-7f187c000000 ---p 00000000 00:00 0 
7f187c000000-7f187c021000 rw-p 00000000 00:00 0 
7f187c021000-7f1880000000 ---p 00000000 00:00 0 
7f1880000000-7f1880021000 rw-p 00000000 00:00 0 
7f1880021000-7f1884000000 ---p 00000000 00:00 0 
7f1884000000-7f1884021000 rw-p 00000000 00:00 0 
7f1884021000-7f1888000000 ---p 00000000 00:00 0 
7f1888000000-7f1888021000 rw-p 00000000 00:00 0 
7f1888021000-7f188c000000 ---p 00000000 00:00 0 
7f1890000000-7f1890021000 rw-p 00000000 00:00 0 
7f1890021000-7f1894000000 ---p 00000000 00:00 0 
7f1897000000-7f1899000000 rw-p 00000000 00:00 0 
7f189bafb000-7f189bafe000 ---p 00000000 00:00 0 
7f189bafe000-7f189bbfc000 rw-p 00000000 00:00 0                          [stack:6436]
7f189bbfc000-7f189bbff000 ---p 00000000 00:00 0 
7f189bbff000-7f189bcfd000 rw-p 00000000 00:00 0                          [stack:6435]
7f189bcfd000-7f189bd00000 ---p 00000000 00:00 0 
7f189bd00000-7f189bdfe000 rw-p 00000000 00:00 0                          [stack:6434]
7f189bdfe000-7f189be01000 ---p 00000000 00:00 0 
7f189be01000-7f189beff000 rw-p 00000000 00:00 0                          [stack:6433]
7f189beff000-7f189bf00000 ---p 00000000 00:00 0 
7f189bf00000-7f189c000000 rw-p 00000000 00:00 0                          [stack:6432]
7f189c000000-7f189c021000 rw-p 00000000 00:00 0 
7f189c021000-7f18a0000000 ---p 00000000 00:00 0 
7f18a00f1000-7f18a00f4000 ---p 00000000 00:00 0 
7f18a00f4000-7f18a01f2000 rw-p 00000000 00:00 0                          [stack:6431]
7f18a01f2000-7f18a01f5000 ---p 00000000 00:00 0 
7f18a01f5000-7f18a02f3000 rw-p 00000000 00:00 0                          [stack:6430]
7f18a02f3000-7f18a02f6000 ---p 00000000 00:00 0 
7f18a02f6000-7f18a03f4000 rw-p 00000000 00:00 0                          [stack:6429]
7f18a03f4000-7f18a03f7000 ---p 00000000 00:00 0 
7f18a03f7000-7f18a04f5000 rw-p 00000000 00:00 0                          [stack:6428]
7f18a04f5000-7f18a04f8000 ---p 00000000 00:00 0 
7f18a04f8000-7f18a05f6000 rw-p 00000000 00:00 0                          [stack:6427]
7f18a05f6000-7f18a05f9000 ---p 00000000 00:00 0 
7f18a05f9000-7f18a06f7000 rw-p 00000000 00:00 0                          [stack:6426]
7f18a06f7000-7f18a06fa000 ---p 00000000 00:00 0 
7f18a06fa000-7f18a07f8000 rw-p 00000000 00:00 0                          [stack:6425]
7f18a07f8000-7f18a07f9000 ---p 00000000 00:00 0 
7f18a07f9000-7f18a1000000 rw-p 00000000 00:00 0                          [stack:6424]
7f18a1000000-7f18a1270000 rwxp 00000000 00:00 0 
7f18a1270000-7f18b0000000 ---p 00000000 00:00 0 
7f18b0000000-7f18b0479000 rw-p 00000000 00:00 0 
7f18b0479000-7f18b4000000 ---p 00000000 00:00 0 
7f18b4094000-7f18b48eb000 rw-p 00000000 00:00 0 
7f18b48eb000-7f18b4ac1000 r--s 03c62000 fd:01 1585406                    /usr/java/jdk1.8.0_20/jre/lib/rt.jar
7f18b4ac1000-7f18b5152000 rw-p 00000000 00:00 0 
7f18b5152000-7f18b5392000 ---p 00000000 00:00 0 
7f18b5392000-7f18b5592000 rw-p 00000000 00:00 0 
7f18b5592000-7f18b5593000 ---p 00000000 00:00 0 
7f18b5593000-7f18b5693000 rw-p 00000000 00:00 0                          [stack:6423]
7f18b5693000-7f18b5694000 ---p 00000000 00:00 0 
7f18b5694000-7f18b5794000 rw-p 00000000 00:00 0                          [stack:6422]
7f18b5794000-7f18b5795000 ---p 00000000 00:00 0 
7f18b5795000-7f18b5895000 rw-p 00000000 00:00 0                          [stack:6421]
7f18b5895000-7f18b5896000 ---p 00000000 00:00 0 
7f18b5896000-7f18b59a6000 rw-p 00000000 00:00 0                          [stack:6420]
7f18b59a6000-7f18b5aec000 ---p 00000000 00:00 0 
7f18b5aec000-7f18b5afc000 rw-p 00000000 00:00 0 
7f18b5afc000-7f18b5c41000 ---p 00000000 00:00 0 
7f18b5c41000-7f18b5c50000 rw-p 00000000 00:00 0 
7f18b5c50000-7f18b5cec000 ---p 00000000 00:00 0 
7f18b5cec000-7f18b5cf7000 rw-p 00000000 00:00 0 
7f18b5cf7000-7f18b60ad000 ---p 00000000 00:00 0 
7f18b60ad000-7f18b60c7000 r-xp 00000000 fd:01 1585190                    /usr/java/jdk1.8.0_20/jre/lib/amd64/libzip.so
7f18b60c7000-7f18b62c7000 ---p 0001a000 fd:01 1585190                    /usr/java/jdk1.8.0_20/jre/lib/amd64/libzip.so
7f18b62c7000-7f18b62c8000 rw-p 0001a000 fd:01 1585190                    /usr/java/jdk1.8.0_20/jre/lib/amd64/libzip.so
7f18b62c8000-7f18b62d3000 r-xp 00000000 fd:01 1449016                    /usr/lib64/libnss_files-2.18.so
7f18b62d3000-7f18b64d2000 ---p 0000b000 fd:01 1449016                    /usr/lib64/libnss_files-2.18.so
7f18b64d2000-7f18b64d3000 r--p 0000a000 fd:01 1449016                    /usr/lib64/libnss_files-2.18.so
7f18b64d3000-7f18b64d4000 rw-p 0000b000 fd:01 1449016                    /usr/lib64/libnss_files-2.18.so
7f18b64ea000-7f18b64f8000 r--s 000b4000 fd:01 546492                     /home/leandro/Programas/android-studio/sdk/build-tools/android-4.4W/lib/dx.jar
7f18b64f8000-7f18b6522000 r-xp 00000000 fd:01 1585155                    /usr/java/jdk1.8.0_20/jre/lib/amd64/libjava.so
7f18b6522000-7f18b6722000 ---p 0002a000 fd:01 1585155                    /usr/java/jdk1.8.0_20/jre/lib/amd64/libjava.so
7f18b6722000-7f18b6724000 rw-p 0002a000 fd:01 1585155                    /usr/java/jdk1.8.0_20/jre/lib/amd64/libjava.so
7f18b6724000-7f18b6731000 r-xp 00000000 fd:01 1585189                    /usr/java/jdk1.8.0_20/jre/lib/amd64/libverify.so
7f18b6731000-7f18b6931000 ---p 0000d000 fd:01 1585189                    /usr/java/jdk1.8.0_20/jre/lib/amd64/libverify.so
7f18b6931000-7f18b6933000 rw-p 0000d000 fd:01 1585189                    /usr/java/jdk1.8.0_20/jre/lib/amd64/libverify.so
7f18b6933000-7f18b6936000 ---p 00000000 00:00 0 
7f18b6936000-7f18b6a34000 rw-p 00000000 00:00 0                          [stack:6419]
7f18b6a34000-7f18b769e000 r-xp 00000000 fd:01 1585194                    /usr/java/jdk1.8.0_20/jre/lib/amd64/server/libjvm.so
7f18b769e000-7f18b789d000 ---p 00c6a000 fd:01 1585194                    /usr/java/jdk1.8.0_20/jre/lib/amd64/server/libjvm.so
7f18b789d000-7f18b7974000 rw-p 00c69000 fd:01 1585194                    /usr/java/jdk1.8.0_20/jre/lib/amd64/server/libjvm.so
7f18b7974000-7f18b79b9000 rw-p 00000000 00:00 0 
7f18b79b9000-7f18b79ce000 r-xp 00000000 fd:01 1716605                    /usr/java/jdk1.8.0_20/lib/amd64/jli/libjli.so
7f18b79ce000-7f18b7bcd000 ---p 00015000 fd:01 1716605                    /usr/java/jdk1.8.0_20/lib/amd64/jli/libjli.so
7f18b7bcd000-7f18b7bce000 rw-p 00014000 fd:01 1716605                    /usr/java/jdk1.8.0_20/lib/amd64/jli/libjli.so
7f18b7bce000-7f18b7bcf000 rw-p 00000000 00:00 0 
7f18b7bd3000-7f18b7be9000 rw-p 00000000 00:00 0 
7f18b7be9000-7f18b7bf1000 rw-s 00000000 00:22 1993215                    /tmp/hsperfdata_leandro/6410
7f18b7bf1000-7f18b7bf2000 rw-p 00000000 00:00 0 
7f18b7bf2000-7f18b7bf3000 r--p 00000000 00:00 0 
7f18b7bf3000-7f18b7bf4000 rw-p 00000000 00:00 0 
7fffd1f48000-7fffd1f6a000 rw-p 00000000 00:00 0                          [stack]
7fffd1ffc000-7fffd1ffe000 r-xp 00000000 00:00 0                          [vdso]
7fffd1ffe000-7fffd2000000 r--p 00000000 00:00 0                          [vvar]
ffffffffff600000-ffffffffff601000 r-xp 00000000 00:00 0                  [vsyscall]

VM Arguments:
jvm_args: -Xmx1024M 
java_command: /home/leandro/Programas/android-studio/sdk/build-tools/android-4.4W/lib/dx.jar --dex --num-threads=4 --output /home/leandro/AndroidStudioProjects/fourheads/GestionAndroid/app/build/intermediates/dex/debug /home/leandro/AndroidStudioProjects/fourheads/GestionAndroid/app/build/intermediates/classes/debug /home/leandro/AndroidStudioProjects/fourheads/GestionAndroid/app/build/intermediates/dependency-cache/debug /home/leandro/AndroidStudioProjects/fourheads/GestionAndroid/app/build/intermediates/pre-dexed/debug/jackson-core-2.3.2-ab44e315ef76fc6734bdc3c3c5c6ba29b101170a.jar /home/leandro/AndroidStudioProjects/fourheads/GestionAndroid/app/build/intermediates/pre-dexed/debug/jackson-annotations-2.3.0-06b846b2da52b0753ce223d80f7b696e86e72d38.jar /home/leandro/AndroidStudioProjects/fourheads/GestionAndroid/app/build/intermediates/pre-dexed/debug/classes-7e9180976871f034b7f4df07692b329935858e56.jar /home/leandro/AndroidStudioProjects/fourheads/GestionAndroid/app/build/intermediates/pre-dexed/debug/spring-android-rest-template-1.0.1.RELEASE-2d8f5aba75c0e882a5758cd57362c42f351148c7.jar /home/leandro/AndroidStudioProjects/fourheads/GestionAndroid/app/build/intermediates/pre-dexed/debug/jackson-databind-2.3.2-3c023344e11ebdbd9dd5334c1bbf0f9a69dd57a1.jar /home/leandro/AndroidStudioProjects/fourheads/GestionAndroid/app/build/intermediates/pre-dexed/debug/internal_impl-20.0.0-ecf5c70c93bdcdae618ce4081875c0bb51c5933b.jar /home/leandro/AndroidStudioProjects/fourheads/GestionAndroid/app/build/intermediates/pre-dexed/debug/spring-android-core-1.0.1.RELEASE-7ab26e9a3a3f582425003babf056da9d071ac24f.jar /home/leandro/AndroidStudioProjects/fourheads/GestionAndroid/app/build/intermediates/pre-dexed/debug/classes-ffc58422464680824ece66ced51d9356de25e3f3.jar /home/leandro/AndroidStudioProjects/fourheads/GestionAndroid/app/build/intermediates/pre-dexed/debug/support-annotations-20.0.0-965f0d64d9285053f7bc155e8e15b7b3615f938e.jar
java_class_path (initial): /home/leandro/Programas/android-studio/sdk/build-tools/android-4.4W/lib/dx.jar
Launcher Type: SUN_STANDARD

Environment Variables:
CLASSPATH=/home/leandro/Programas/android-studio/bin/../lib/bootstrap.jar:/home/leandro/Programas/android-studio/bin/../lib/extensions.jar:/home/leandro/Programas/android-studio/bin/../lib/util.jar:/home/leandro/Programas/android-studio/bin/../lib/jdom.jar:/home/leandro/Programas/android-studio/bin/../lib/log4j.jar:/home/leandro/Programas/android-studio/bin/../lib/trove4j.jar:/home/leandro/Programas/android-studio/bin/../lib/jna.jar:/usr/java/jdk1.8.0_20/lib/tools.jar
PATH=/usr/lib64/qt-3.3/bin:/usr/libexec/lightdm:/usr/local/bin:/usr/bin:/bin:/usr/local/sbin:/usr/sbin:/home/leandro/.local/bin:/home/leandro/bin
LD_LIBRARY_PATH=/home/leandro/Programas/android-studio/bin:
SHELL=/bin/bash
DISPLAY=:0.0

Signal Handlers:
SIGSEGV: [libjvm.so+0xa77530], sa_mask[0]=11111111011111111101111111111110, sa_flags=SA_RESTART|SA_SIGINFO
SIGBUS: [libjvm.so+0xa77530], sa_mask[0]=11111111011111111101111111111110, sa_flags=SA_RESTART|SA_SIGINFO
SIGFPE: [libjvm.so+0x8e1d90], sa_mask[0]=11111111011111111101111111111110, sa_flags=SA_RESTART|SA_SIGINFO
SIGPIPE: [libjvm.so+0x8e1d90], sa_mask[0]=11111111011111111101111111111110, sa_flags=SA_RESTART|SA_SIGINFO
SIGXFSZ: [libjvm.so+0x8e1d90], sa_mask[0]=11111111011111111101111111111110, sa_flags=SA_RESTART|SA_SIGINFO
SIGILL: [libjvm.so+0x8e1d90], sa_mask[0]=11111111011111111101111111111110, sa_flags=SA_RESTART|SA_SIGINFO
SIGUSR1: SIG_DFL, sa_mask[0]=00000000000000000000000000000000, sa_flags=none
SIGUSR2: [libjvm.so+0x8e35c0], sa_mask[0]=00100000000000000000000000000000, sa_flags=SA_RESTART|SA_SIGINFO
SIGHUP: [libjvm.so+0x8e4980], sa_mask[0]=11111111011111111101111111111110, sa_flags=SA_RESTART|SA_SIGINFO
SIGINT: [libjvm.so+0x8e4980], sa_mask[0]=11111111011111111101111111111110, sa_flags=SA_RESTART|SA_SIGINFO
SIGTERM: [libjvm.so+0x8e4980], sa_mask[0]=11111111011111111101111111111110, sa_flags=SA_RESTART|SA_SIGINFO
SIGQUIT: [libjvm.so+0x8e4980], sa_mask[0]=11111111011111111101111111111110, sa_flags=SA_RESTART|SA_SIGINFO


---------------  S Y S T E M  ---------------

OS:Fedora release 20 (Heisenbug)

uname:Linux 3.16.2-201.fc20.x86_64 #1 SMP Mon Sep 15 19:57:50 UTC 2014 x86_64
libc:glibc 2.18 NPTL 2.18 
rlimit: STACK 8192k, CORE 0k, NPROC 1024, NOFILE 4096, AS infinity
load average:1,01 0,95 0,56

/proc/meminfo:
MemTotal:        3081164 kB
MemFree:          100724 kB
MemAvailable:     127224 kB
Buffers:            7108 kB
Cached:           354252 kB
SwapCached:       119052 kB
Active:          2139764 kB
Inactive:         642336 kB
Active(anon):    2056716 kB
Inactive(anon):   604640 kB
Active(file):      83048 kB
Inactive(file):    37696 kB
Unevictable:          32 kB
Mlocked:              32 kB
SwapTotal:       3162108 kB
SwapFree:        2263676 kB
Dirty:               588 kB
Writeback:             0 kB
AnonPages:       2399896 kB
Mapped:            79192 kB
Shmem:            240612 kB
Slab:              68364 kB
SReclaimable:      36760 kB
SUnreclaim:        31604 kB
KernelStack:        7216 kB
PageTables:        37268 kB
NFS_Unstable:          0 kB
Bounce:                0 kB
WritebackTmp:          0 kB
CommitLimit:     4702688 kB
Committed_AS:    5770180 kB
VmallocTotal:   34359738367 kB
VmallocUsed:       84348 kB
VmallocChunk:   34359583020 kB
HardwareCorrupted:     0 kB
AnonHugePages:         0 kB
HugePages_Total:       0
HugePages_Free:        0
HugePages_Rsvd:        0
HugePages_Surp:        0
Hugepagesize:       2048 kB
DirectMap4k:       76736 kB
DirectMap2M:     3067904 kB


CPU:total 4 (4 cores per cpu, 1 threads per core) family 6 model 15 stepping 11, cmov, cx8, fxsr, mmx, sse, sse2, sse3, ssse3, tsc

/proc/cpuinfo:
processor	: 0
vendor_id	: GenuineIntel
cpu family	: 6
model		: 15
model name	: Intel(R) Core(TM)2 Quad CPU    Q6600  @ 2.40GHz
stepping	: 11
microcode	: 0xba
cpu MHz		: 2400.000
cache size	: 4096 KB
physical id	: 0
siblings	: 4
core id		: 0
cpu cores	: 4
apicid		: 0
initial apicid	: 0
fpu		: yes
fpu_exception	: yes
cpuid level	: 10
wp		: yes
flags		: fpu vme de pse tsc msr pae mce cx8 apic sep mtrr pge mca cmov pat pse36 clflush dts acpi mmx fxsr sse sse2 ss ht tm pbe syscall nx lm constant_tsc arch_perfmon pebs bts rep_good nopl aperfmperf pni dtes64 monitor ds_cpl vmx est tm2 ssse3 cx16 xtpr pdcm lahf_lm dtherm tpr_shadow vnmi flexpriority
bogomips	: 4799.92
clflush size	: 64
cache_alignment	: 64
address sizes	: 36 bits physical, 48 bits virtual
power management:

processor	: 1
vendor_id	: GenuineIntel
cpu family	: 6
model		: 15
model name	: Intel(R) Core(TM)2 Quad CPU    Q6600  @ 2.40GHz
stepping	: 11
microcode	: 0xba
cpu MHz		: 2400.000
cache size	: 4096 KB
physical id	: 0
siblings	: 4
core id		: 1
cpu cores	: 4
apicid		: 1
initial apicid	: 1
fpu		: yes
fpu_exception	: yes
cpuid level	: 10
wp		: yes
flags		: fpu vme de pse tsc msr pae mce cx8 apic sep mtrr pge mca cmov pat pse36 clflush dts acpi mmx fxsr sse sse2 ss ht tm pbe syscall nx lm constant_tsc arch_perfmon pebs bts rep_good nopl aperfmperf pni dtes64 monitor ds_cpl vmx est tm2 ssse3 cx16 xtpr pdcm lahf_lm dtherm tpr_shadow vnmi flexpriority
bogomips	: 4799.92
clflush size	: 64
cache_alignment	: 64
address sizes	: 36 bits physical, 48 bits virtual
power management:

processor	: 2
vendor_id	: GenuineIntel
cpu family	: 6
model		: 15
model name	: Intel(R) Core(TM)2 Quad CPU    Q6600  @ 2.40GHz
stepping	: 11
microcode	: 0xba
cpu MHz		: 1600.000
cache size	: 4096 KB
physical id	: 0
siblings	: 4
core id		: 2
cpu cores	: 4
apicid		: 2
initial apicid	: 2
fpu		: yes
fpu_exception	: yes
cpuid level	: 10
wp		: yes
flags		: fpu vme de pse tsc msr pae mce cx8 apic sep mtrr pge mca cmov pat pse36 clflush dts acpi mmx fxsr sse sse2 ss ht tm pbe syscall nx lm constant_tsc arch_perfmon pebs bts rep_good nopl aperfmperf pni dtes64 monitor ds_cpl vmx est tm2 ssse3 cx16 xtpr pdcm lahf_lm dtherm tpr_shadow vnmi flexpriority
bogomips	: 4799.92
clflush size	: 64
cache_alignment	: 64
address sizes	: 36 bits physical, 48 bits virtual
power management:

processor	: 3
vendor_id	: GenuineIntel
cpu family	: 6
model		: 15
model name	: Intel(R) Core(TM)2 Quad CPU    Q6600  @ 2.40GHz
stepping	: 11
microcode	: 0xba
cpu MHz		: 1600.000
cache size	: 4096 KB
physical id	: 0
siblings	: 4
core id		: 3
cpu cores	: 4
apicid		: 3
initial apicid	: 3
fpu		: yes
fpu_exception	: yes
cpuid level	: 10
wp		: yes
flags		: fpu vme de pse tsc msr pae mce cx8 apic sep mtrr pge mca cmov pat pse36 clflush dts acpi mmx fxsr sse sse2 ss ht tm pbe syscall nx lm constant_tsc arch_perfmon pebs bts rep_good nopl aperfmperf pni dtes64 monitor ds_cpl vmx est tm2 ssse3 cx16 xtpr pdcm lahf_lm dtherm tpr_shadow vnmi flexpriority
bogomips	: 4799.92
clflush size	: 64
cache_alignment	: 64
address sizes	: 36 bits physical, 48 bits virtual
power management:



Memory: 4k page, physical 3081164k(100724k free), swap 3162108k(2263676k free)

vm_info: Java HotSpot(TM) 64-Bit Server VM (25.20-b23) for linux-amd64 JRE (1.8.0_20-b26), built on Jul 30 2014 13:13:52 by "java_re" with gcc 4.3.0 20080428 (Red Hat 4.3.0-8)

time: Thu Oct 30 11:49:37 2014
elapsed time: 0 seconds (0d 0h 0m 0s)

