#
# A fatal error has been detected by the Java Runtime Environment:
#
#  SIGSEGV (0xb) at pc=0x00007fa89d9b2060, pid=3582, tid=140363562108672
#
# JRE version: Java(TM) SE Runtime Environment (8.0_20-b26) (build 1.8.0_20-b26)
# Java VM: Java HotSpot(TM) 64-Bit Server VM (25.20-b23 mixed mode linux-amd64 compressed oops)
# Problematic frame:
# C  0x00007fa89d9b2060
#
# Failed to write core dump. Core dumps have been disabled. To enable core dumping, try "ulimit -c unlimited" before starting Java again
#
# If you would like to submit a bug report, please visit:
#   http://bugreport.sun.com/bugreport/crash.jsp
#

---------------  T H R E A D  ---------------

Current thread (0x00007fa8ec009800):  JavaThread "main" [_thread_in_Java, id=3590, stack(0x00007fa8f0324000,0x00007fa8f0425000)]

siginfo: si_signo: 11 (SIGSEGV), si_code: 2 (SEGV_ACCERR), si_addr: 0x00007fa89d9b2060

Registers:
RAX=0x00000000eacb2538, RBX=0x000000000000000e, RCX=0x00000000eacb2538, RDX=0x00000000c0bbb260
RSP=0x00007fa8f0423358, RBP=0x00007fa8f04235e0, RSI=0x00000000ee480180, RDI=0x0000000000000000
R8 =0x00000000ee480140, R9 =0x0000000000000003, R10=0x0000000000756592, R11=0x00000000eacb2518
R12=0x0000000000000000, R13=0x00000000eacb2518, R14=0x00007fa8d9bef8e8, R15=0x00007fa8ec009800
RIP=0x00007fa89d9b2060, EFLAGS=0x0000000000010202, CSGSFS=0x3ff3000000000033, ERR=0x0000000000000014
  TRAPNO=0x000000000000000e

Top of Stack: (sp=0x00007fa8f0423358)
0x00007fa8f0423358:   00007fa8dce16ca4 00007fa8f04235e0
0x00007fa8f0423368:   00007fa8dce1421c 00000000ee6e4fd8
0x00007fa8f0423378:   00007fa8dcd88e14 00007fa8d98ea608
0x00007fa8f0423388:   00007fa8d9716b40 00007fa8f04235e0
0x00007fa8f0423398:   00007fa8dce3f754 00007fa8f0423448
0x00007fa8f04233a8:   00007fa8dc9b4710 0000000000000000
0x00007fa8f04233b8:   0000000400000006 00000000ee480180
0x00007fa8f04233c8:   00000000eacb1140 00000000c0bbb260
0x00007fa8f04233d8:   00000000ee480140 0000000000001ad1
0x00007fa8f04233e8:   00000000eacb10b8 00000000ee6e4f88
0x00007fa8f04233f8:   00007fa800000005 00000000eacb1018
0x00007fa8f0423408:   00007fa8dce4f924 00007fa8f04235e0
0x00007fa8f0423418:   00007fa8dce5086c 00007fa8d98e1068
0x00007fa8f0423428:   00007fa8d98ea258 00007fa8d9716be8
0x00007fa8f0423438:   0000000000000000 00007fa8f0423470
0x00007fa8f0423448:   00000000ee66b6a8 00000000eacb0fb0
0x00007fa8f0423458:   00000000eacb0fd0 00000000ee480180
0x00007fa8f0423468:   00000000eacb1018 00000000eacb10b8
0x00007fa8f0423478:   00000000eacb1170 00000000ee480140
0x00007fa8f0423488:   00000000c0bbb260 00000000eacb10b8
0x00007fa8f0423498:   00007fa8d9b86468 00007fa8f04235e0
0x00007fa8f04234a8:   00007fa8dce4542c ffffffffffffffff
0x00007fa8f04234b8:   00007fa8d9b86468 00007fa8f0423510
0x00007fa8f04234c8:   00007fa8d9695530 0000000000000000
0x00007fa8f04234d8:   00007fa8d9692208 0000000000000000
0x00007fa8f04234e8:   00007fa8f0423500 00007fa8f0423558
0x00007fa8f04234f8:   00007fa8dc9b4710 000000000000053d
0x00007fa8f0423508:   00000000ee480180 00000000ee6e72c8
0x00007fa8f0423518:   00000000ee480140 00000000c0bbb260
0x00007fa8f0423528:   00000000ee647178 00000000ee6e50c8
0x00007fa8f0423538:   00000000ee63fe20 00000000ee6e50c8
0x00007fa8f0423548:   0000000000000000 00007fa8f0423598 

Instructions: (pc=0x00007fa89d9b2060)
0x00007fa89d9b2040:   
[error occurred during error reporting (printing registers, top of stack, instructions near pc), id 0xb]

Register to memory mapping:

RAX=0x00000000eacb2538 is an oop
com.android.dex.Code 
 - klass: 'com/android/dex/Code'
RBX=0x000000000000000e is an unknown value
RCX=0x00000000eacb2538 is an oop
com.android.dex.Code 
 - klass: 'com/android/dex/Code'
RDX=0x00000000c0bbb260 is an oop
com.android.dex.Dex 
 - klass: 'com/android/dex/Dex'
RSP=0x00007fa8f0423358 is pointing into the stack for thread: 0x00007fa8ec009800
RBP=0x00007fa8f04235e0 is pointing into the stack for thread: 0x00007fa8ec009800
RSI=0x00000000ee480180 is an oop
com.android.dx.merge.DexMerger 
 - klass: 'com/android/dx/merge/DexMerger'
RDI=0x0000000000000000 is an unknown value
R8 =0x00000000ee480140 is an oop
com.android.dx.merge.IndexMap 
 - klass: 'com/android/dx/merge/IndexMap'
R9 =0x0000000000000003 is an unknown value
R10=0x0000000000756592 is an unknown value
R11=0x00000000eacb2518 is an oop
[Lcom.android.dex.Code$Try; 
 - klass: 'com/android/dex/Code$Try'[]
 - length: 0
R12=0x0000000000000000 is an unknown value
R13=0x00000000eacb2518 is an oop
[Lcom.android.dex.Code$Try; 
 - klass: 'com/android/dex/Code$Try'[]
 - length: 0
R14=0x00007fa8d9bef8e8 is pointing into metadata
R15=0x00007fa8ec009800 is a thread


Stack: [0x00007fa8f0324000,0x00007fa8f0425000],  sp=0x00007fa8f0423358,  free space=1020k
Native frames: (J=compiled Java code, j=interpreted, Vv=VM code, C=native code)
C  0x00007fa89d9b2060
j  com.android.dx.merge.DexMerger.mergeDexes()Lcom/android/dex/Dex;+33
j  com.android.dx.merge.DexMerger.merge()Lcom/android/dex/Dex;+71
j  com.android.dx.command.dexer.Main.mergeLibraryDexBuffers([B)[B+69
j  com.android.dx.command.dexer.Main.runMonoDex()I+129
j  com.android.dx.command.dexer.Main.run(Lcom/android/dx/command/dexer/Main$Arguments;)I+73
j  com.android.dx.command.dexer.Main.main([Ljava/lang/String;)V+14
j  com.android.dx.command.Main.main([Ljava/lang/String;)V+61
v  ~StubRoutines::call_stub
V  [libjvm.so+0x663ce6]  JavaCalls::call_helper(JavaValue*, methodHandle*, JavaCallArguments*, Thread*)+0x1056
V  [libjvm.so+0x6aada6]  jni_invoke_static(JNIEnv_*, JavaValue*, _jobject*, JNICallType, _jmethodID*, JNI_ArgumentPusher*, Thread*)+0x346
V  [libjvm.so+0x6b193a]  jni_CallStaticVoidMethod+0x17a
C  [libjli.so+0x7b14]  JavaMain+0x844
C  [libpthread.so.0+0x7f35]


---------------  P R O C E S S  ---------------

Java Threads: ( => current thread )
  0x00007fa8ec186000 JavaThread "Service Thread" daemon [_thread_blocked, id=3602, stack(0x00007fa8d3afb000,0x00007fa8d3bfc000)]
  0x00007fa8ec178800 JavaThread "C1 CompilerThread2" daemon [_thread_blocked, id=3601, stack(0x00007fa8d3bfc000,0x00007fa8d3cfd000)]
  0x00007fa8ec177000 JavaThread "C2 CompilerThread1" daemon [_thread_blocked, id=3600, stack(0x00007fa8d3cfd000,0x00007fa8d3dfe000)]
  0x00007fa8ec174000 JavaThread "C2 CompilerThread0" daemon [_thread_blocked, id=3599, stack(0x00007fa8d3dfe000,0x00007fa8d3eff000)]
  0x00007fa8ec172000 JavaThread "Signal Dispatcher" daemon [_thread_blocked, id=3598, stack(0x00007fa8d3eff000,0x00007fa8d4000000)]
  0x00007fa8ec142800 JavaThread "Finalizer" daemon [_thread_blocked, id=3597, stack(0x00007fa8d808b000,0x00007fa8d818c000)]
  0x00007fa8ec140800 JavaThread "Reference Handler" daemon [_thread_blocked, id=3596, stack(0x00007fa8d818c000,0x00007fa8d828d000)]
=>0x00007fa8ec009800 JavaThread "main" [_thread_in_Java, id=3590, stack(0x00007fa8f0324000,0x00007fa8f0425000)]

Other Threads:
  0x00007fa8ec139800 VMThread [stack: 0x00007fa8d828d000,0x00007fa8d838e000] [id=3595]
  0x00007fa8ec191000 WatcherThread [stack: 0x00007fa8d39fa000,0x00007fa8d3afb000] [id=3603]

VM state:not at safepoint (normal execution)

VM Mutex/Monitor currently owned by a thread: None

Heap:
 PSYoungGen      total 58368K, used 9764K [0x00000000eab00000, 0x00000000ef000000, 0x0000000100000000)
  eden space 47616K, 3% used [0x00000000eab00000,0x00000000eaccade0,0x00000000ed980000)
  from space 10752K, 73% used [0x00000000ee480000,0x00000000eec3e378,0x00000000eef00000)
  to   space 11264K, 0% used [0x00000000ed980000,0x00000000ed980000,0x00000000ee480000)
 ParOldGen       total 35840K, used 12505K [0x00000000c0000000, 0x00000000c2300000, 0x00000000eab00000)
  object space 35840K, 34% used [0x00000000c0000000,0x00000000c0c366b0,0x00000000c2300000)
 Metaspace       used 7184K, capacity 7460K, committed 7808K, reserved 1056768K
  class space    used 762K, capacity 788K, committed 896K, reserved 1048576K

Card table byte_map: [0x00007fa8dc3ec000,0x00007fa8dc5ed000] byte_map_base: 0x00007fa8dbdec000

Marking Bits: (ParMarkBitMap*) 0x00007fa8f137cac0
 Begin Bits: [0x00007fa8d9f93000, 0x00007fa8daf93000)
 End Bits:   [0x00007fa8daf93000, 0x00007fa8dbf93000)

Polling page: 0x00007fa8f15e3000

CodeCache: size=245760Kb used=5199Kb max_used=5223Kb free=240560Kb
 bounds [0x00007fa8dc9ad000, 0x00007fa8dcedd000, 0x00007fa8eb9ad000]
 total_blobs=2060 nmethods=1768 adapters=208
 compilation: enabled

Compilation events (10 events):
Event: 191,388 Thread 0x00007fa8ec178800 1815       2       java.util.TimSort::mergeLo (659 bytes)
Event: 191,392 Thread 0x00007fa8ec178800 nmethod 1815 0x00007fa8dce9de10 code [0x00007fa8dce9e0a0, 0x00007fa8dce9f698]
Event: 191,392 Thread 0x00007fa8ec178800 1816       2       java.util.TimSort::mergeCollapse (101 bytes)
Event: 191,392 Thread 0x00007fa8ec178800 nmethod 1816 0x00007fa8dce9d790 code [0x00007fa8dce9d920, 0x00007fa8dce9dbf8]
Event: 191,392 Thread 0x00007fa8ec178800 1817       2       java.util.TimSort::mergeAt (358 bytes)
Event: 191,394 Thread 0x00007fa8ec178800 nmethod 1817 0x00007fa8dce9cdd0 code [0x00007fa8dce9cf80, 0x00007fa8dce9d378]
Event: 191,402 Thread 0x00007fa8ec178800 1819 %     3       com.android.dx.merge.DexMerger::transformFields @ 13 (71 bytes)
Event: 191,404 Thread 0x00007fa8ec178800 nmethod 1819% 0x00007fa8dcea8d10 code [0x00007fa8dcea8ec0, 0x00007fa8dcea9498]
Event: 191,404 Thread 0x00007fa8ec178800 1818 %     3       com.android.dex.Dex$Section::readFields @ 10 (51 bytes)
Event: 191,406 Thread 0x00007fa8ec178800 nmethod 1818% 0x00007fa8dcea7f90 code [0x00007fa8dcea8160, 0x00007fa8dcea8958]

GC Heap History (10 events):
Event: 190,775 GC heap before
{Heap before GC invocations=5 (full 0):
 PSYoungGen      total 14336K, used 14321K [0x00000000eab00000, 0x00000000ec700000, 0x0000000100000000)
  eden space 12288K, 100% used [0x00000000eab00000,0x00000000eb700000,0x00000000eb700000)
  from space 2048K, 99% used [0x00000000eb900000,0x00000000ebafc760,0x00000000ebb00000)
  to   space 2048K, 0% used [0x00000000eb700000,0x00000000eb700000,0x00000000eb900000)
 ParOldGen       total 32768K, used 12385K [0x00000000c0000000, 0x00000000c2000000, 0x00000000eab00000)
  object space 32768K, 37% used [0x00000000c0000000,0x00000000c0c185a8,0x00000000c2000000)
 Metaspace       used 7153K, capacity 7460K, committed 7808K, reserved 1056768K
  class space    used 762K, capacity 788K, committed 896K, reserved 1048576K
Event: 190,796 GC heap after
Heap after GC invocations=5 (full 0):
 PSYoungGen      total 14336K, used 2033K [0x00000000eab00000, 0x00000000ed700000, 0x0000000100000000)
  eden space 12288K, 0% used [0x00000000eab00000,0x00000000eab00000,0x00000000eb700000)
  from space 2048K, 99% used [0x00000000eb700000,0x00000000eb8fc780,0x00000000eb900000)
  to   space 10240K, 0% used [0x00000000ecd00000,0x00000000ecd00000,0x00000000ed700000)
 ParOldGen       total 32768K, used 20125K [0x00000000c0000000, 0x00000000c2000000, 0x00000000eab00000)
  object space 32768K, 61% used [0x00000000c0000000,0x00000000c13a7720,0x00000000c2000000)
 Metaspace       used 7153K, capacity 7460K, committed 7808K, reserved 1056768K
  class space    used 762K, capacity 788K, committed 896K, reserved 1048576K
}
Event: 190,866 GC heap before
{Heap before GC invocations=6 (full 0):
 PSYoungGen      total 14336K, used 12384K [0x00000000eab00000, 0x00000000ed700000, 0x0000000100000000)
  eden space 12288K, 84% used [0x00000000eab00000,0x00000000eb51b920,0x00000000eb700000)
  from space 2048K, 99% used [0x00000000eb700000,0x00000000eb8fc780,0x00000000eb900000)
  to   space 10240K, 0% used [0x00000000ecd00000,0x00000000ecd00000,0x00000000ed700000)
 ParOldGen       total 32768K, used 20125K [0x00000000c0000000, 0x00000000c2000000, 0x00000000eab00000)
  object space 32768K, 61% used [0x00000000c0000000,0x00000000c13a7720,0x00000000c2000000)
 Metaspace       used 7159K, capacity 7460K, committed 7808K, reserved 1056768K
  class space    used 762K, capacity 788K, committed 896K, reserved 1048576K
Event: 190,877 GC heap after
Heap after GC invocations=6 (full 0):
 PSYoungGen      total 34304K, used 2049K [0x00000000eab00000, 0x00000000ed800000, 0x0000000100000000)
  eden space 24064K, 0% used [0x00000000eab00000,0x00000000eab00000,0x00000000ec280000)
  from space 10240K, 20% used [0x00000000ecd00000,0x00000000ecf00790,0x00000000ed700000)
  to   space 10752K, 0% used [0x00000000ec280000,0x00000000ec280000,0x00000000ecd00000)
 ParOldGen       total 32768K, used 20133K [0x00000000c0000000, 0x00000000c2000000, 0x00000000eab00000)
  object space 32768K, 61% used [0x00000000c0000000,0x00000000c13a9720,0x00000000c2000000)
 Metaspace       used 7159K, capacity 7460K, committed 7808K, reserved 1056768K
  class space    used 762K, capacity 788K, committed 896K, reserved 1048576K
}
Event: 191,084 GC heap before
{Heap before GC invocations=7 (full 0):
 PSYoungGen      total 34304K, used 26113K [0x00000000eab00000, 0x00000000ed800000, 0x0000000100000000)
  eden space 24064K, 100% used [0x00000000eab00000,0x00000000ec280000,0x00000000ec280000)
  from space 10240K, 20% used [0x00000000ecd00000,0x00000000ecf00790,0x00000000ed700000)
  to   space 10752K, 0% used [0x00000000ec280000,0x00000000ec280000,0x00000000ecd00000)
 ParOldGen       total 32768K, used 20133K [0x00000000c0000000, 0x00000000c2000000, 0x00000000eab00000)
  object space 32768K, 61% used [0x00000000c0000000,0x00000000c13a9720,0x00000000c2000000)
 Metaspace       used 7173K, capacity 7460K, committed 7808K, reserved 1056768K
  class space    used 762K, capacity 788K, committed 896K, reserved 1048576K
Event: 191,152 GC heap after
Heap after GC invocations=7 (full 0):
 PSYoungGen      total 34816K, used 7754K [0x00000000eab00000, 0x00000000eef00000, 0x0000000100000000)
  eden space 24064K, 0% used [0x00000000eab00000,0x00000000eab00000,0x00000000ec280000)
  from space 10752K, 72% used [0x00000000ec280000,0x00000000eca12930,0x00000000ecd00000)
  to   space 10752K, 0% used [0x00000000ee480000,0x00000000ee480000,0x00000000eef00000)
 ParOldGen       total 32768K, used 28976K [0x00000000c0000000, 0x00000000c2000000, 0x00000000eab00000)
  object space 32768K, 88% used [0x00000000c0000000,0x00000000c1c4c1e0,0x00000000c2000000)
 Metaspace       used 7173K, capacity 7460K, committed 7808K, reserved 1056768K
  class space    used 762K, capacity 788K, committed 896K, reserved 1048576K
}
Event: 191,152 GC heap before
{Heap before GC invocations=8 (full 1):
 PSYoungGen      total 34816K, used 7754K [0x00000000eab00000, 0x00000000eef00000, 0x0000000100000000)
  eden space 24064K, 0% used [0x00000000eab00000,0x00000000eab00000,0x00000000ec280000)
  from space 10752K, 72% used [0x00000000ec280000,0x00000000eca12930,0x00000000ecd00000)
  to   space 10752K, 0% used [0x00000000ee480000,0x00000000ee480000,0x00000000eef00000)
 ParOldGen       total 32768K, used 28976K [0x00000000c0000000, 0x00000000c2000000, 0x00000000eab00000)
  object space 32768K, 88% used [0x00000000c0000000,0x00000000c1c4c1e0,0x00000000c2000000)
 Metaspace       used 7173K, capacity 7460K, committed 7808K, reserved 1056768K
  class space    used 762K, capacity 788K, committed 896K, reserved 1048576K
Event: 191,264 GC heap after
Heap after GC invocations=8 (full 1):
 PSYoungGen      total 34816K, used 0K [0x00000000eab00000, 0x00000000eef00000, 0x0000000100000000)
  eden space 24064K, 0% used [0x00000000eab00000,0x00000000eab00000,0x00000000ec280000)
  from space 10752K, 0% used [0x00000000ec280000,0x00000000ec280000,0x00000000ecd00000)
  to   space 10752K, 0% used [0x00000000ee480000,0x00000000ee480000,0x00000000eef00000)
 ParOldGen       total 35840K, used 12505K [0x00000000c0000000, 0x00000000c2300000, 0x00000000eab00000)
  object space 35840K, 34% used [0x00000000c0000000,0x00000000c0c366b0,0x00000000c2300000)
 Metaspace       used 7173K, capacity 7460K, committed 7808K, reserved 1056768K
  class space    used 762K, capacity 788K, committed 896K, reserved 1048576K
}
Event: 191,419 GC heap before
{Heap before GC invocations=9 (full 1):
 PSYoungGen      total 34816K, used 24064K [0x00000000eab00000, 0x00000000eef00000, 0x0000000100000000)
  eden space 24064K, 100% used [0x00000000eab00000,0x00000000ec280000,0x00000000ec280000)
  from space 10752K, 0% used [0x00000000ec280000,0x00000000ec280000,0x00000000ecd00000)
  to   space 10752K, 0% used [0x00000000ee480000,0x00000000ee480000,0x00000000eef00000)
 ParOldGen       total 35840K, used 12505K [0x00000000c0000000, 0x00000000c2300000, 0x00000000eab00000)
  object space 35840K, 34% used [0x00000000c0000000,0x00000000c0c366b0,0x00000000c2300000)
 Metaspace       used 7184K, capacity 7460K, committed 7808K, reserved 1056768K
  class space    used 762K, capacity 788K, committed 896K, reserved 1048576K
Event: 191,434 GC heap after
Heap after GC invocations=9 (full 1):
 PSYoungGen      total 58368K, used 7928K [0x00000000eab00000, 0x00000000ef000000, 0x0000000100000000)
  eden space 47616K, 0% used [0x00000000eab00000,0x00000000eab00000,0x00000000ed980000)
  from space 10752K, 73% used [0x00000000ee480000,0x00000000eec3e378,0x00000000eef00000)
  to   space 11264K, 0% used [0x00000000ed980000,0x00000000ed980000,0x00000000ee480000)
 ParOldGen       total 35840K, used 12505K [0x00000000c0000000, 0x00000000c2300000, 0x00000000eab00000)
  object space 35840K, 34% used [0x00000000c0000000,0x00000000c0c366b0,0x00000000c2300000)
 Metaspace       used 7184K, capacity 7460K, committed 7808K, reserved 1056768K
  class space    used 762K, capacity 788K, committed 896K, reserved 1048576K
}

Deoptimization events (10 events):
Event: 2,259 Thread 0x00007fa8ec009800 Uncommon trap: reason=class_check action=maybe_recompile pc=0x00007fa8dcc9b46c method=java.util.HashMap.putVal(ILjava/lang/Object;Ljava/lang/Object;ZZ)Ljava/lang/Object; @ 56
Event: 2,259 Thread 0x00007fa8ec009800 Uncommon trap: reason=class_check action=maybe_recompile pc=0x00007fa8dcc9b46c method=java.util.HashMap.putVal(ILjava/lang/Object;Ljava/lang/Object;ZZ)Ljava/lang/Object; @ 56
Event: 2,259 Thread 0x00007fa8ec009800 Uncommon trap: reason=class_check action=maybe_recompile pc=0x00007fa8dcc9b46c method=java.util.HashMap.putVal(ILjava/lang/Object;Ljava/lang/Object;ZZ)Ljava/lang/Object; @ 56
Event: 2,259 Thread 0x00007fa8ec009800 Uncommon trap: reason=class_check action=maybe_recompile pc=0x00007fa8dcc9b4d8 method=java.util.HashMap.putVal(ILjava/lang/Object;Ljava/lang/Object;ZZ)Ljava/lang/Object; @ 152
Event: 2,259 Thread 0x00007fa8ec009800 Uncommon trap: reason=class_check action=maybe_recompile pc=0x00007fa8dcc9b4d8 method=java.util.HashMap.putVal(ILjava/lang/Object;Ljava/lang/Object;ZZ)Ljava/lang/Object; @ 152
Event: 189,335 Thread 0x00007fa8ec009800 Uncommon trap: reason=predicate action=maybe_recompile pc=0x00007fa8dcd40c88 method=com.android.dex.Leb128.writeUnsignedLeb128(Lcom/android/dex/util/ByteOutput;I)V @ 9
Event: 189,399 Thread 0x00007fa8ec009800 Uncommon trap: reason=unreached action=reinterpret pc=0x00007fa8dccaab38 method=java.util.HashMap.getNode(ILjava/lang/Object;)Ljava/util/HashMap$Node; @ 84
Event: 189,412 Thread 0x00007fa8ec009800 Uncommon trap: reason=unreached action=reinterpret pc=0x00007fa8dcc97c4c method=java.util.HashMap.getNode(ILjava/lang/Object;)Ljava/util/HashMap$Node; @ 84
Event: 190,241 Thread 0x00007fa8ec009800 Uncommon trap: reason=predicate action=maybe_recompile pc=0x00007fa8dcd894c4 method=com.android.dex.Leb128.readUnsignedLeb128(Lcom/android/dex/util/ByteInput;)I @ 41
Event: 190,259 Thread 0x00007fa8ec009800 Uncommon trap: reason=unreached action=reinterpret pc=0x00007fa8dcd1c360 method=java.util.HashMap.putVal(ILjava/lang/Object;Ljava/lang/Object;ZZ)Ljava/lang/Object; @ 109

Internal exceptions (10 events):
Event: 189,390 Thread 0x00007fa8ec009800 Exception <a 'java/security/PrivilegedActionException'> (0x00000000eb0e9e08) thrown at [/HUDSON/workspace/8-2-build-linux-amd64/jdk8u20/1074/hotspot/src/share/vm/prims/jvm.cpp, line 1275]
Event: 189,391 Thread 0x00007fa8ec009800 Exception <a 'java/security/PrivilegedActionException'> (0x00000000eb0ecd88) thrown at [/HUDSON/workspace/8-2-build-linux-amd64/jdk8u20/1074/hotspot/src/share/vm/prims/jvm.cpp, line 1275]
Event: 189,392 Thread 0x00007fa8ec009800 Exception <a 'java/security/PrivilegedActionException'> (0x00000000eb0f0038) thrown at [/HUDSON/workspace/8-2-build-linux-amd64/jdk8u20/1074/hotspot/src/share/vm/prims/jvm.cpp, line 1275]
Event: 189,397 Thread 0x00007fa8ec009800 Exception <a 'java/security/PrivilegedActionException'> (0x00000000eb0f73e0) thrown at [/HUDSON/workspace/8-2-build-linux-amd64/jdk8u20/1074/hotspot/src/share/vm/prims/jvm.cpp, line 1275]
Event: 189,398 Thread 0x00007fa8ec009800 Exception <a 'java/security/PrivilegedActionException'> (0x00000000eb0f9740) thrown at [/HUDSON/workspace/8-2-build-linux-amd64/jdk8u20/1074/hotspot/src/share/vm/prims/jvm.cpp, line 1275]
Event: 189,856 Thread 0x00007fa8ec009800 Exception <a 'java/security/PrivilegedActionException'> (0x00000000eb45a3c0) thrown at [/HUDSON/workspace/8-2-build-linux-amd64/jdk8u20/1074/hotspot/src/share/vm/prims/jvm.cpp, line 1275]
Event: 189,856 Thread 0x00007fa8ec009800 Exception <a 'java/security/PrivilegedActionException'> (0x00000000eb45a708) thrown at [/HUDSON/workspace/8-2-build-linux-amd64/jdk8u20/1074/hotspot/src/share/vm/prims/jvm.cpp, line 1275]
Event: 189,858 Thread 0x00007fa8ec009800 Exception <a 'java/security/PrivilegedActionException'> (0x00000000eb45cbb8) thrown at [/HUDSON/workspace/8-2-build-linux-amd64/jdk8u20/1074/hotspot/src/share/vm/prims/jvm.cpp, line 1275]
Event: 189,859 Thread 0x00007fa8ec009800 Exception <a 'java/security/PrivilegedActionException'> (0x00000000eb45cf00) thrown at [/HUDSON/workspace/8-2-build-linux-amd64/jdk8u20/1074/hotspot/src/share/vm/prims/jvm.cpp, line 1275]
Event: 190,773 Thread 0x00007fa8ec009800 Exception <a 'java/security/PrivilegedActionException'> (0x00000000eb6f0920) thrown at [/HUDSON/workspace/8-2-build-linux-amd64/jdk8u20/1074/hotspot/src/share/vm/prims/jvm.cpp, line 1275]

Events (10 events):
Event: 190,773 loading class com/android/dex/Dex$1
Event: 190,773 loading class com/android/dex/Dex$1 done
Event: 190,775 Executing VM operation: ParallelGCFailedAllocation
Event: 190,796 Executing VM operation: ParallelGCFailedAllocation done
Event: 190,866 Executing VM operation: ParallelGCFailedAllocation
Event: 190,877 Executing VM operation: ParallelGCFailedAllocation done
Event: 191,083 Executing VM operation: ParallelGCFailedAllocation
Event: 191,265 Executing VM operation: ParallelGCFailedAllocation done
Event: 191,418 Executing VM operation: ParallelGCFailedAllocation
Event: 191,434 Executing VM operation: ParallelGCFailedAllocation done


Dynamic libraries:
00400000-00401000 r-xp 00000000 fd:01 1585009                            /usr/java/jdk1.8.0_20/bin/java
00600000-00601000 rw-p 00000000 fd:01 1585009                            /usr/java/jdk1.8.0_20/bin/java
0251c000-0253d000 rw-p 00000000 00:00 0                                  [heap]
c0000000-c2300000 rw-p 00000000 00:00 0 
c2300000-eab00000 ---p 00000000 00:00 0 
eab00000-ef000000 rw-p 00000000 00:00 0 
ef000000-100000000 ---p 00000000 00:00 0 
100000000-1000e0000 rw-p 00000000 00:00 0 
1000e0000-140000000 ---p 00000000 00:00 0 
39d8200000-39d8220000 r-xp 00000000 fd:01 1449755                        /usr/lib64/ld-2.18.so
39d841f000-39d8420000 r--p 0001f000 fd:01 1449755                        /usr/lib64/ld-2.18.so
39d8420000-39d8421000 rw-p 00020000 fd:01 1449755                        /usr/lib64/ld-2.18.so
39d8421000-39d8422000 rw-p 00000000 00:00 0 
39d8600000-39d87b4000 r-xp 00000000 fd:01 1449760                        /usr/lib64/libc-2.18.so
39d87b4000-39d89b3000 ---p 001b4000 fd:01 1449760                        /usr/lib64/libc-2.18.so
39d89b3000-39d89b7000 r--p 001b3000 fd:01 1449760                        /usr/lib64/libc-2.18.so
39d89b7000-39d89b9000 rw-p 001b7000 fd:01 1449760                        /usr/lib64/libc-2.18.so
39d89b9000-39d89be000 rw-p 00000000 00:00 0 
39d8a00000-39d8a03000 r-xp 00000000 fd:01 1449765                        /usr/lib64/libdl-2.18.so
39d8a03000-39d8c02000 ---p 00003000 fd:01 1449765                        /usr/lib64/libdl-2.18.so
39d8c02000-39d8c03000 r--p 00002000 fd:01 1449765                        /usr/lib64/libdl-2.18.so
39d8c03000-39d8c04000 rw-p 00003000 fd:01 1449765                        /usr/lib64/libdl-2.18.so
39d8e00000-39d8e18000 r-xp 00000000 fd:01 1443220                        /usr/lib64/libpthread-2.18.so
39d8e18000-39d9017000 ---p 00018000 fd:01 1443220                        /usr/lib64/libpthread-2.18.so
39d9017000-39d9018000 r--p 00017000 fd:01 1443220                        /usr/lib64/libpthread-2.18.so
39d9018000-39d9019000 rw-p 00018000 fd:01 1443220                        /usr/lib64/libpthread-2.18.so
39d9019000-39d901d000 rw-p 00000000 00:00 0 
39d9200000-39d9305000 r-xp 00000000 fd:01 1449771                        /usr/lib64/libm-2.18.so
39d9305000-39d9505000 ---p 00105000 fd:01 1449771                        /usr/lib64/libm-2.18.so
39d9505000-39d9506000 r--p 00105000 fd:01 1449771                        /usr/lib64/libm-2.18.so
39d9506000-39d9507000 rw-p 00106000 fd:01 1449771                        /usr/lib64/libm-2.18.so
39da600000-39da607000 r-xp 00000000 fd:01 1449784                        /usr/lib64/librt-2.18.so
39da607000-39da806000 ---p 00007000 fd:01 1449784                        /usr/lib64/librt-2.18.so
39da806000-39da807000 r--p 00006000 fd:01 1449784                        /usr/lib64/librt-2.18.so
39da807000-39da808000 rw-p 00007000 fd:01 1449784                        /usr/lib64/librt-2.18.so
7fa880000000-7fa880039000 rw-p 00000000 00:00 0 
7fa880039000-7fa884000000 ---p 00000000 00:00 0 
7fa888000000-7fa888043000 rw-p 00000000 00:00 0 
7fa888043000-7fa88c000000 ---p 00000000 00:00 0 
7fa88c000000-7fa88c069000 rw-p 00000000 00:00 0 
7fa88c069000-7fa890000000 ---p 00000000 00:00 0 
7fa890000000-7fa890021000 rw-p 00000000 00:00 0 
7fa890021000-7fa894000000 ---p 00000000 00:00 0 
7fa894000000-7fa89405c000 rw-p 00000000 00:00 0 
7fa89405c000-7fa898000000 ---p 00000000 00:00 0 
7fa898000000-7fa8984c6000 rw-p 00000000 00:00 0 
7fa8984c6000-7fa89c000000 ---p 00000000 00:00 0 
7fa89c000000-7fa89c021000 rw-p 00000000 00:00 0 
7fa89c021000-7fa8a0000000 ---p 00000000 00:00 0 
7fa8a0000000-7fa8a0a22000 rw-p 00000000 00:00 0 
7fa8a0a22000-7fa8a4000000 ---p 00000000 00:00 0 
7fa8a4000000-7fa8a46f3000 rw-p 00000000 00:00 0 
7fa8a46f3000-7fa8a8000000 ---p 00000000 00:00 0 
7fa8a8000000-7fa8a8021000 rw-p 00000000 00:00 0 
7fa8a8021000-7fa8ac000000 ---p 00000000 00:00 0 
7fa8adad7000-7fa8b4000000 r--p 00000000 fd:01 1451894                    /usr/lib/locale/locale-archive
7fa8b4000000-7fa8b4021000 rw-p 00000000 00:00 0 
7fa8b4021000-7fa8b8000000 ---p 00000000 00:00 0 
7fa8b8000000-7fa8b8021000 rw-p 00000000 00:00 0 
7fa8b8021000-7fa8bc000000 ---p 00000000 00:00 0 
7fa8bc000000-7fa8bc021000 rw-p 00000000 00:00 0 
7fa8bc021000-7fa8c0000000 ---p 00000000 00:00 0 
7fa8c0000000-7fa8c007d000 rw-p 00000000 00:00 0 
7fa8c007d000-7fa8c4000000 ---p 00000000 00:00 0 
7fa8c4000000-7fa8c4021000 rw-p 00000000 00:00 0 
7fa8c4021000-7fa8c8000000 ---p 00000000 00:00 0 
7fa8cc000000-7fa8cc021000 rw-p 00000000 00:00 0 
7fa8cc021000-7fa8d0000000 ---p 00000000 00:00 0 
7fa8d35f6000-7fa8d35f9000 ---p 00000000 00:00 0 
7fa8d35f9000-7fa8d36f7000 rw-p 00000000 00:00 0 
7fa8d36f7000-7fa8d36fa000 ---p 00000000 00:00 0 
7fa8d36fa000-7fa8d37f8000 rw-p 00000000 00:00 0 
7fa8d37f8000-7fa8d37fb000 ---p 00000000 00:00 0 
7fa8d37fb000-7fa8d38f9000 rw-p 00000000 00:00 0 
7fa8d38f9000-7fa8d38fc000 ---p 00000000 00:00 0 
7fa8d38fc000-7fa8d39fa000 rw-p 00000000 00:00 0 
7fa8d39fa000-7fa8d39fb000 ---p 00000000 00:00 0 
7fa8d39fb000-7fa8d3afb000 rw-p 00000000 00:00 0                          [stack:3603]
7fa8d3afb000-7fa8d3afe000 ---p 00000000 00:00 0 
7fa8d3afe000-7fa8d3bfc000 rw-p 00000000 00:00 0                          [stack:3602]
7fa8d3bfc000-7fa8d3bff000 ---p 00000000 00:00 0 
7fa8d3bff000-7fa8d3cfd000 rw-p 00000000 00:00 0                          [stack:3601]
7fa8d3cfd000-7fa8d3d00000 ---p 00000000 00:00 0 
7fa8d3d00000-7fa8d3dfe000 rw-p 00000000 00:00 0                          [stack:3600]
7fa8d3dfe000-7fa8d3e01000 ---p 00000000 00:00 0 
7fa8d3e01000-7fa8d3eff000 rw-p 00000000 00:00 0                          [stack:3599]
7fa8d3eff000-7fa8d3f02000 ---p 00000000 00:00 0 
7fa8d3f02000-7fa8d4000000 rw-p 00000000 00:00 0                          [stack:3598]
7fa8d4000000-7fa8d4021000 rw-p 00000000 00:00 0 
7fa8d4021000-7fa8d8000000 ---p 00000000 00:00 0 
7fa8d805f000-7fa8d8069000 r--s 0021b000 fd:01 1585197                    /usr/java/jdk1.8.0_20/jre/lib/ext/localedata.jar
7fa8d8069000-7fa8d808b000 r--s 0038e000 fd:01 1585315                    /usr/java/jdk1.8.0_20/jre/lib/ext/cldrdata.jar
7fa8d808b000-7fa8d808e000 ---p 00000000 00:00 0 
7fa8d808e000-7fa8d818c000 rw-p 00000000 00:00 0                          [stack:3597]
7fa8d818c000-7fa8d818f000 ---p 00000000 00:00 0 
7fa8d818f000-7fa8d828d000 rw-p 00000000 00:00 0                          [stack:3596]
7fa8d828d000-7fa8d828e000 ---p 00000000 00:00 0 
7fa8d828e000-7fa8d92ec000 rw-p 00000000 00:00 0                          [stack:3595]
7fa8d92ec000-7fa8d94c2000 r--s 03c62000 fd:01 1585406                    /usr/java/jdk1.8.0_20/jre/lib/rt.jar
7fa8d94c2000-7fa8d9c53000 rw-p 00000000 00:00 0 
7fa8d9c53000-7fa8d9d93000 ---p 00000000 00:00 0 
7fa8d9d93000-7fa8dbf93000 rw-p 00000000 00:00 0 
7fa8dbf93000-7fa8dbf94000 ---p 00000000 00:00 0 
7fa8dbf94000-7fa8dc094000 rw-p 00000000 00:00 0                          [stack:3594]
7fa8dc094000-7fa8dc095000 ---p 00000000 00:00 0 
7fa8dc095000-7fa8dc195000 rw-p 00000000 00:00 0                          [stack:3593]
7fa8dc195000-7fa8dc196000 ---p 00000000 00:00 0 
7fa8dc196000-7fa8dc2a8000 rw-p 00000000 00:00 0                          [stack:3592]
7fa8dc2a8000-7fa8dc3ec000 ---p 00000000 00:00 0 
7fa8dc3ec000-7fa8dc3fe000 rw-p 00000000 00:00 0 
7fa8dc3fe000-7fa8dc541000 ---p 00000000 00:00 0 
7fa8dc541000-7fa8dc564000 rw-p 00000000 00:00 0 
7fa8dc564000-7fa8dc5ec000 ---p 00000000 00:00 0 
7fa8dc5ec000-7fa8dc602000 rw-p 00000000 00:00 0 
7fa8dc602000-7fa8dc9ad000 ---p 00000000 00:00 0 
7fa8dc9ad000-7fa8dcedd000 rwxp 00000000 00:00 0 
7fa8dcedd000-7fa8eb9ad000 ---p 00000000 00:00 0 
7fa8eb9ad000-7fa8eb9c7000 r-xp 00000000 fd:01 1585190                    /usr/java/jdk1.8.0_20/jre/lib/amd64/libzip.so
7fa8eb9c7000-7fa8ebbc7000 ---p 0001a000 fd:01 1585190                    /usr/java/jdk1.8.0_20/jre/lib/amd64/libzip.so
7fa8ebbc7000-7fa8ebbc8000 rw-p 0001a000 fd:01 1585190                    /usr/java/jdk1.8.0_20/jre/lib/amd64/libzip.so
7fa8ebbc8000-7fa8ebbd3000 r-xp 00000000 fd:01 1449016                    /usr/lib64/libnss_files-2.18.so
7fa8ebbd3000-7fa8ebdd2000 ---p 0000b000 fd:01 1449016                    /usr/lib64/libnss_files-2.18.so
7fa8ebdd2000-7fa8ebdd3000 r--p 0000a000 fd:01 1449016                    /usr/lib64/libnss_files-2.18.so
7fa8ebdd3000-7fa8ebdd4000 rw-p 0000b000 fd:01 1449016                    /usr/lib64/libnss_files-2.18.so
7fa8ebdd4000-7fa8ebdfe000 r-xp 00000000 fd:01 1585155                    /usr/java/jdk1.8.0_20/jre/lib/amd64/libjava.so
7fa8ebdfe000-7fa8ebffe000 ---p 0002a000 fd:01 1585155                    /usr/java/jdk1.8.0_20/jre/lib/amd64/libjava.so
7fa8ebffe000-7fa8ec000000 rw-p 0002a000 fd:01 1585155                    /usr/java/jdk1.8.0_20/jre/lib/amd64/libjava.so
7fa8ec000000-7fa8ec4b2000 rw-p 00000000 00:00 0 
7fa8ec4b2000-7fa8f0000000 ---p 00000000 00:00 0 
7fa8f0005000-7fa8f0006000 rw-p 00000000 00:00 0 
7fa8f0006000-7fa8f0014000 r--s 000b4000 fd:01 546492                     /home/leandro/Programas/android-studio/sdk/build-tools/android-4.4W/lib/dx.jar
7fa8f0014000-7fa8f0015000 ---p 00000000 00:00 0 
7fa8f0015000-7fa8f0115000 rw-p 00000000 00:00 0                          [stack:3591]
7fa8f0115000-7fa8f0122000 r-xp 00000000 fd:01 1585189                    /usr/java/jdk1.8.0_20/jre/lib/amd64/libverify.so
7fa8f0122000-7fa8f0322000 ---p 0000d000 fd:01 1585189                    /usr/java/jdk1.8.0_20/jre/lib/amd64/libverify.so
7fa8f0322000-7fa8f0324000 rw-p 0000d000 fd:01 1585189                    /usr/java/jdk1.8.0_20/jre/lib/amd64/libverify.so
7fa8f0324000-7fa8f0327000 ---p 00000000 00:00 0 
7fa8f0327000-7fa8f0425000 rw-p 00000000 00:00 0                          [stack:3590]
7fa8f0425000-7fa8f108f000 r-xp 00000000 fd:01 1585194                    /usr/java/jdk1.8.0_20/jre/lib/amd64/server/libjvm.so
7fa8f108f000-7fa8f128e000 ---p 00c6a000 fd:01 1585194                    /usr/java/jdk1.8.0_20/jre/lib/amd64/server/libjvm.so
7fa8f128e000-7fa8f1365000 rw-p 00c69000 fd:01 1585194                    /usr/java/jdk1.8.0_20/jre/lib/amd64/server/libjvm.so
7fa8f1365000-7fa8f13aa000 rw-p 00000000 00:00 0 
7fa8f13aa000-7fa8f13bf000 r-xp 00000000 fd:01 1716605                    /usr/java/jdk1.8.0_20/lib/amd64/jli/libjli.so
7fa8f13bf000-7fa8f15be000 ---p 00015000 fd:01 1716605                    /usr/java/jdk1.8.0_20/lib/amd64/jli/libjli.so
7fa8f15be000-7fa8f15bf000 rw-p 00014000 fd:01 1716605                    /usr/java/jdk1.8.0_20/lib/amd64/jli/libjli.so
7fa8f15bf000-7fa8f15c1000 rw-p 00000000 00:00 0 
7fa8f15c1000-7fa8f15c2000 rw-p 00000000 00:00 0 
7fa8f15c2000-7fa8f15c6000 r--s 00092000 fd:01 1585401                    /usr/java/jdk1.8.0_20/jre/lib/jsse.jar
7fa8f15c6000-7fa8f15da000 rw-p 00000000 00:00 0 
7fa8f15da000-7fa8f15e2000 rw-s 00000000 00:22 1369462                    /tmp/hsperfdata_leandro/3582
7fa8f15e2000-7fa8f15e3000 rw-p 00000000 00:00 0 
7fa8f15e3000-7fa8f15e4000 r--p 00000000 00:00 0 
7fa8f15e4000-7fa8f15e5000 rw-p 00000000 00:00 0 
7fff36951000-7fff36973000 rw-p 00000000 00:00 0                          [stack]
7fff369b2000-7fff369b4000 r-xp 00000000 00:00 0                          [vdso]
7fff369b4000-7fff369b6000 r--p 00000000 00:00 0                          [vvar]
ffffffffff600000-ffffffffff601000 r-xp 00000000 00:00 0                  [vsyscall]

VM Arguments:
jvm_args: -Xmx1024M 
java_command: /home/leandro/Programas/android-studio/sdk/build-tools/android-4.4W/lib/dx.jar --dex --num-threads=4 --output /home/leandro/AndroidStudioProjects/fourheads/GestionAndroid/app/build/intermediates/dex/debug /home/leandro/AndroidStudioProjects/fourheads/GestionAndroid/app/build/intermediates/classes/debug /home/leandro/AndroidStudioProjects/fourheads/GestionAndroid/app/build/intermediates/dependency-cache/debug /home/leandro/AndroidStudioProjects/fourheads/GestionAndroid/app/build/intermediates/pre-dexed/debug/jackson-core-2.3.2-ab44e315ef76fc6734bdc3c3c5c6ba29b101170a.jar /home/leandro/AndroidStudioProjects/fourheads/GestionAndroid/app/build/intermediates/pre-dexed/debug/jackson-annotations-2.3.0-06b846b2da52b0753ce223d80f7b696e86e72d38.jar /home/leandro/AndroidStudioProjects/fourheads/GestionAndroid/app/build/intermediates/pre-dexed/debug/classes-7e9180976871f034b7f4df07692b329935858e56.jar /home/leandro/AndroidStudioProjects/fourheads/GestionAndroid/app/build/intermediates/pre-dexed/debug/spring-android-rest-template-1.0.1.RELEASE-2d8f5aba75c0e882a5758cd57362c42f351148c7.jar /home/leandro/AndroidStudioProjects/fourheads/GestionAndroid/app/build/intermediates/pre-dexed/debug/jackson-databind-2.3.2-3c023344e11ebdbd9dd5334c1bbf0f9a69dd57a1.jar /home/leandro/AndroidStudioProjects/fourheads/GestionAndroid/app/build/intermediates/pre-dexed/debug/internal_impl-20.0.0-ecf5c70c93bdcdae618ce4081875c0bb51c5933b.jar /home/leandro/AndroidStudioProjects/fourheads/GestionAndroid/app/build/intermediates/pre-dexed/debug/spring-android-core-1.0.1.RELEASE-7ab26e9a3a3f582425003babf056da9d071ac24f.jar /home/leandro/AndroidStudioProjects/fourheads/GestionAndroid/app/build/intermediates/pre-dexed/debug/classes-ffc58422464680824ece66ced51d9356de25e3f3.jar /home/leandro/AndroidStudioProjects/fourheads/GestionAndroid/app/build/intermediates/pre-dexed/debug/support-annotations-20.0.0-965f0d64d9285053f7bc155e8e15b7b3615f938e.jar
java_class_path (initial): /home/leandro/Programas/android-studio/sdk/build-tools/android-4.4W/lib/dx.jar
Launcher Type: SUN_STANDARD

Environment Variables:
CLASSPATH=/home/leandro/Programas/android-studio/bin/../lib/bootstrap.jar:/home/leandro/Programas/android-studio/bin/../lib/extensions.jar:/home/leandro/Programas/android-studio/bin/../lib/util.jar:/home/leandro/Programas/android-studio/bin/../lib/jdom.jar:/home/leandro/Programas/android-studio/bin/../lib/log4j.jar:/home/leandro/Programas/android-studio/bin/../lib/trove4j.jar:/home/leandro/Programas/android-studio/bin/../lib/jna.jar:/usr/java/jdk1.8.0_20/lib/tools.jar
PATH=/usr/lib64/qt-3.3/bin:/usr/libexec/lightdm:/usr/local/bin:/usr/bin:/bin:/usr/local/sbin:/usr/sbin:/home/leandro/.local/bin:/home/leandro/bin
LD_LIBRARY_PATH=/home/leandro/Programas/android-studio/bin:
SHELL=/bin/bash
DISPLAY=:0.0

Signal Handlers:
SIGSEGV: [libjvm.so+0xa77530], sa_mask[0]=11111111011111111101111111111110, sa_flags=SA_RESTART|SA_SIGINFO
SIGBUS: [libjvm.so+0xa77530], sa_mask[0]=11111111011111111101111111111110, sa_flags=SA_RESTART|SA_SIGINFO
SIGFPE: [libjvm.so+0x8e1d90], sa_mask[0]=11111111011111111101111111111110, sa_flags=SA_RESTART|SA_SIGINFO
SIGPIPE: [libjvm.so+0x8e1d90], sa_mask[0]=11111111011111111101111111111110, sa_flags=SA_RESTART|SA_SIGINFO
SIGXFSZ: [libjvm.so+0x8e1d90], sa_mask[0]=11111111011111111101111111111110, sa_flags=SA_RESTART|SA_SIGINFO
SIGILL: [libjvm.so+0x8e1d90], sa_mask[0]=11111111011111111101111111111110, sa_flags=SA_RESTART|SA_SIGINFO
SIGUSR1: SIG_DFL, sa_mask[0]=00000000000000000000000000000000, sa_flags=none
SIGUSR2: [libjvm.so+0x8e35c0], sa_mask[0]=00100000000000000000000000000000, sa_flags=SA_RESTART|SA_SIGINFO
SIGHUP: [libjvm.so+0x8e4980], sa_mask[0]=11111111011111111101111111111110, sa_flags=SA_RESTART|SA_SIGINFO
SIGINT: [libjvm.so+0x8e4980], sa_mask[0]=11111111011111111101111111111110, sa_flags=SA_RESTART|SA_SIGINFO
SIGTERM: [libjvm.so+0x8e4980], sa_mask[0]=11111111011111111101111111111110, sa_flags=SA_RESTART|SA_SIGINFO
SIGQUIT: [libjvm.so+0x8e4980], sa_mask[0]=11111111011111111101111111111110, sa_flags=SA_RESTART|SA_SIGINFO


---------------  S Y S T E M  ---------------

OS:Fedora release 20 (Heisenbug)

uname:Linux 3.16.2-201.fc20.x86_64 #1 SMP Mon Sep 15 19:57:50 UTC 2014 x86_64
libc:glibc 2.18 NPTL 2.18 
rlimit: STACK 8192k, CORE 0k, NPROC 1024, NOFILE 4096, AS infinity
load average:2,37 1,58 1,10

/proc/meminfo:
MemTotal:        3081164 kB
MemFree:           77136 kB
MemAvailable:      95472 kB
Buffers:            3472 kB
Cached:           323248 kB
SwapCached:        28900 kB
Active:          2185096 kB
Inactive:         564504 kB
Active(anon):    2153360 kB
Inactive(anon):   539092 kB
Active(file):      31736 kB
Inactive(file):    25412 kB
Unevictable:          32 kB
Mlocked:              32 kB
SwapTotal:       3162108 kB
SwapFree:        2345740 kB
Dirty:               160 kB
Writeback:          1320 kB
AnonPages:       2420516 kB
Mapped:            79580 kB
Shmem:            269200 kB
Slab:             122600 kB
SReclaimable:      92140 kB
SUnreclaim:        30460 kB
KernelStack:        7360 kB
PageTables:        36876 kB
NFS_Unstable:          0 kB
Bounce:                0 kB
WritebackTmp:          0 kB
CommitLimit:     4702688 kB
Committed_AS:    5701448 kB
VmallocTotal:   34359738367 kB
VmallocUsed:       84380 kB
VmallocChunk:   34359628056 kB
HardwareCorrupted:     0 kB
AnonHugePages:         0 kB
HugePages_Total:       0
HugePages_Free:        0
HugePages_Rsvd:        0
HugePages_Surp:        0
Hugepagesize:       2048 kB
DirectMap4k:       82880 kB
DirectMap2M:     3061760 kB


CPU:total 4 (4 cores per cpu, 1 threads per core) family 6 model 15 stepping 11, cmov, cx8, fxsr, mmx, sse, sse2, sse3, ssse3, tsc

/proc/cpuinfo:
processor	: 0
vendor_id	: GenuineIntel
cpu family	: 6
model		: 15
model name	: Intel(R) Core(TM)2 Quad CPU    Q6600  @ 2.40GHz
stepping	: 11
microcode	: 0xba
cpu MHz		: 1600.000
cache size	: 4096 KB
physical id	: 0
siblings	: 4
core id		: 0
cpu cores	: 4
apicid		: 0
initial apicid	: 0
fpu		: yes
fpu_exception	: yes
cpuid level	: 10
wp		: yes
flags		: fpu vme de pse tsc msr pae mce cx8 apic sep mtrr pge mca cmov pat pse36 clflush dts acpi mmx fxsr sse sse2 ss ht tm pbe syscall nx lm constant_tsc arch_perfmon pebs bts rep_good nopl aperfmperf pni dtes64 monitor ds_cpl vmx est tm2 ssse3 cx16 xtpr pdcm lahf_lm dtherm tpr_shadow vnmi flexpriority
bogomips	: 4799.92
clflush size	: 64
cache_alignment	: 64
address sizes	: 36 bits physical, 48 bits virtual
power management:

processor	: 1
vendor_id	: GenuineIntel
cpu family	: 6
model		: 15
model name	: Intel(R) Core(TM)2 Quad CPU    Q6600  @ 2.40GHz
stepping	: 11
microcode	: 0xba
cpu MHz		: 2400.000
cache size	: 4096 KB
physical id	: 0
siblings	: 4
core id		: 1
cpu cores	: 4
apicid		: 1
initial apicid	: 1
fpu		: yes
fpu_exception	: yes
cpuid level	: 10
wp		: yes
flags		: fpu vme de pse tsc msr pae mce cx8 apic sep mtrr pge mca cmov pat pse36 clflush dts acpi mmx fxsr sse sse2 ss ht tm pbe syscall nx lm constant_tsc arch_perfmon pebs bts rep_good nopl aperfmperf pni dtes64 monitor ds_cpl vmx est tm2 ssse3 cx16 xtpr pdcm lahf_lm dtherm tpr_shadow vnmi flexpriority
bogomips	: 4799.92
clflush size	: 64
cache_alignment	: 64
address sizes	: 36 bits physical, 48 bits virtual
power management:

processor	: 2
vendor_id	: GenuineIntel
cpu family	: 6
model		: 15
model name	: Intel(R) Core(TM)2 Quad CPU    Q6600  @ 2.40GHz
stepping	: 11
microcode	: 0xba
cpu MHz		: 1600.000
cache size	: 4096 KB
physical id	: 0
siblings	: 4
core id		: 2
cpu cores	: 4
apicid		: 2
initial apicid	: 2
fpu		: yes
fpu_exception	: yes
cpuid level	: 10
wp		: yes
flags		: fpu vme de pse tsc msr pae mce cx8 apic sep mtrr pge mca cmov pat pse36 clflush dts acpi mmx fxsr sse sse2 ss ht tm pbe syscall nx lm constant_tsc arch_perfmon pebs bts rep_good nopl aperfmperf pni dtes64 monitor ds_cpl vmx est tm2 ssse3 cx16 xtpr pdcm lahf_lm dtherm tpr_shadow vnmi flexpriority
bogomips	: 4799.92
clflush size	: 64
cache_alignment	: 64
address sizes	: 36 bits physical, 48 bits virtual
power management:

processor	: 3
vendor_id	: GenuineIntel
cpu family	: 6
model		: 15
model name	: Intel(R) Core(TM)2 Quad CPU    Q6600  @ 2.40GHz
stepping	: 11
microcode	: 0xba
cpu MHz		: 2400.000
cache size	: 4096 KB
physical id	: 0
siblings	: 4
core id		: 3
cpu cores	: 4
apicid		: 3
initial apicid	: 3
fpu		: yes
fpu_exception	: yes
cpuid level	: 10
wp		: yes
flags		: fpu vme de pse tsc msr pae mce cx8 apic sep mtrr pge mca cmov pat pse36 clflush dts acpi mmx fxsr sse sse2 ss ht tm pbe syscall nx lm constant_tsc arch_perfmon pebs bts rep_good nopl aperfmperf pni dtes64 monitor ds_cpl vmx est tm2 ssse3 cx16 xtpr pdcm lahf_lm dtherm tpr_shadow vnmi flexpriority
bogomips	: 4799.92
clflush size	: 64
cache_alignment	: 64
address sizes	: 36 bits physical, 48 bits virtual
power management:



Memory: 4k page, physical 3081164k(77136k free), swap 3162108k(2345740k free)

vm_info: Java HotSpot(TM) 64-Bit Server VM (25.20-b23) for linux-amd64 JRE (1.8.0_20-b26), built on Jul 30 2014 13:13:52 by "java_re" with gcc 4.3.0 20080428 (Red Hat 4.3.0-8)

time: Wed Oct 29 09:07:58 2014
elapsed time: 191 seconds (0d 0h 3m 11s)

